6.692009419202804565e-02
1.081658061593770981e-02
-4.042165819555521011e-03
-6.608583033084869385e-03
-5.995817855000495911e-02
-1.187457796186208725e-02
-1.015690062195062637e-02
-2.027855440974235535e-02
3.277188912034034729e-02
4.843066260218620300e-02
2.273141033947467804e-02
-1.779269427061080933e-02
-1.424188027158379555e-03
-8.494506590068340302e-03
-1.366475224494934082e-02
-4.352048039436340332e-02
-3.166127204895019531e-02
2.193148806691169739e-02
5.977808311581611633e-02
-1.147774606943130493e-02
-1.144876610487699509e-02
-1.545198465464636683e-04
-4.979280382394790649e-02
-2.273627556860446930e-02
-7.138464599847793579e-03
-6.754212081432342529e-03
3.236662596464157104e-02
2.414154261350631714e-02
-4.062667023390531540e-03
-2.845835871994495392e-03
-1.723543275147676468e-03
-8.642330765724182129e-03
-2.048885449767112732e-02
-3.410949185490608215e-02
-4.523263126611709595e-02
1.991767808794975281e-02
3.508723899722099304e-02
2.451948076486587524e-02
-8.134439587593078613e-03
-6.776276975870132446e-03
1.672100275754928589e-02
-7.292708323802798986e-05
-4.054351896047592163e-02
-1.486902404576539993e-02
2.831197157502174377e-02
8.974084630608558655e-03
2.559644356369972229e-02
-5.662800278514623642e-03
-8.565771393477916718e-03
3.845795989036560059e-03
2.072915062308311462e-02
-2.375418506562709808e-02
-6.000166293233633041e-03
-4.362722393125295639e-03
1.355443429201841354e-02
5.953991319984197617e-03
2.302224980667233467e-03
-2.042687684297561646e-02
2.050936408340930939e-02
3.283602185547351837e-03
-2.827907539904117584e-02
-4.234630241990089417e-02
-2.876575570553541183e-03
-9.394981898367404938e-03
2.088739350438117981e-02
2.564026974141597748e-02
4.665623418986797333e-03
3.791020810604095459e-02
2.406084164977073669e-02
-1.960319280624389648e-02
-4.001723602414131165e-02
-4.120890796184539795e-02
-8.501027710735797882e-03
1.116856280714273453e-02
-2.718357369303703308e-02
-8.661127649247646332e-03
-1.009794045239686966e-02
2.473127655684947968e-02
-6.841886788606643677e-03
8.482484146952629089e-03
-2.253050729632377625e-02
-2.141742967069149017e-02
1.000539865344762802e-02
-1.469773240387439728e-02
-2.103046514093875885e-03
-3.573789726942777634e-03
3.645980730652809143e-02
7.769615389406681061e-03
2.938729338347911835e-02
-6.153338123112916946e-03
-2.657140605151653290e-02
-2.793075051158666611e-03
1.220575347542762756e-02
3.664183896034955978e-03
8.987708017230033875e-03
3.903514519333839417e-02
-5.642994772642850876e-03
-3.233072161674499512e-02
-4.709230735898017883e-02
-3.870892804116010666e-03
6.234675180166959763e-03
3.611891716718673706e-02
1.904139667749404907e-02
1.447540521621704102e-02
4.285793751478195190e-02
3.731434466317296028e-03
-3.041447699069976807e-02
-3.540236502885818481e-02
-2.757317759096622467e-02
-4.144836217164993286e-03
-4.964014049619436264e-03
-7.392065599560737610e-03
6.825538730481639504e-05
1.755121722817420959e-02
-1.198642514646053314e-02
5.310078617185354233e-03
5.780823994427919388e-03
2.546190284192562103e-03
1.324834674596786499e-02
6.004955153912305832e-03
-1.441667135804891586e-02
-4.276565089821815491e-02
-6.841450463980436325e-03
-3.482820838689804077e-02
-2.716049365699291229e-02
-7.736290339380502701e-03
-3.106167772784829140e-03
7.034173235297203064e-03
3.031985461711883545e-02
1.231531426310539246e-02
-2.695743553340435028e-02
5.055702291429042816e-03
9.813011856749653816e-04
1.289051841013133526e-03
1.468710321933031082e-02
9.346294216811656952e-03
3.256288543343544006e-02
4.666109755635261536e-02
2.699074335396289825e-03
-5.213038995862007141e-02
-4.457380156964063644e-03
-1.580392196774482727e-02
-1.493428926914930344e-02
1.348082441836595535e-02
1.519325771369040012e-03
2.013499103486537933e-02
2.069300413131713867e-02
-2.357690408825874329e-02
-5.892812088131904602e-02
-1.526828855276107788e-02
-8.026855066418647766e-03
-4.732689820230007172e-03
-9.935157373547554016e-03
1.378466933965682983e-02
6.062621250748634338e-02
4.222716391086578369e-02
6.546907126903533936e-03
-3.727273270487785339e-02
-3.958828747272491455e-02
-2.548460103571414948e-02
-2.126643434166908264e-02
-4.533205553889274597e-02
1.864016242325305939e-02
3.193008899688720703e-02
2.348992042243480682e-02
-1.030892040580511093e-02
-5.647364258766174316e-02
-9.151112288236618042e-03
-6.048073060810565948e-03
-9.492769837379455566e-03
-1.598404604010283947e-03
1.984764449298381805e-02
4.952466115355491638e-02
3.919548913836479187e-02
9.828987531363964081e-03
-4.446832835674285889e-02
-2.435945160686969757e-02
-1.169247319921851158e-03
-1.395232044160366058e-02
-2.512848377227783203e-02
1.327205263078212738e-02
5.213490128517150879e-02
-1.651716232299804688e-02
-9.231064468622207642e-03
-4.350786283612251282e-02
-2.006508409976959229e-02
-3.300515934824943542e-02
-2.630294300615787506e-02
-5.801535025238990784e-02
1.165750343352556229e-02
1.864999346435070038e-02
-4.611051082611083984e-02
-1.847967505455017090e-02
-8.109635673463344574e-03
3.269738331437110901e-02
-2.114654891192913055e-02
-4.217013251036405563e-03
-2.438419312238693237e-02
2.256904728710651398e-02
5.142088606953620911e-02
3.445565816946327686e-04
-1.893656095489859581e-03
-5.412758514285087585e-02
-1.007790490984916687e-02
-2.079370245337486267e-02
-3.121996484696865082e-02
-3.711612522602081299e-02
5.624438077211380005e-02
8.274422585964202881e-02
-4.128667060285806656e-03
9.019089862704277039e-03
-3.607554361224174500e-02
3.547070175409317017e-02
-2.473979629576206207e-02
-2.169899456202983856e-02
-1.353893615305423737e-02
-3.792048431932926178e-03
1.743186614476144314e-03
-5.726876109838485718e-02
-3.976733610033988953e-02
-3.606102196499705315e-03
4.171650111675262451e-02
-1.343187410384416580e-02
-3.870147978886961937e-03
-2.872929535806179047e-02
-9.632002562284469604e-03
3.237305581569671631e-02
-1.059068553149700165e-02
-2.404030226171016693e-02
-4.169878736138343811e-02
-1.473251450806856155e-02
-3.617057576775550842e-02
-1.662085205316543579e-02
-5.660990998148918152e-02
3.578535839915275574e-02
4.194519296288490295e-02
-3.230416029691696167e-02
-1.748874410986900330e-02
-2.096578851342201233e-02
4.620801657438278198e-02
-3.507174784317612648e-03
-1.393450982868671417e-02
-1.868245378136634827e-02
2.101880125701427460e-02
4.016589373350143433e-02
-1.812110841274261475e-02
-4.121215082705020905e-03
-2.490273490548133850e-02
1.195587962865829468e-02
-6.568178534507751465e-03
-2.016878500580787659e-02
-3.118735551834106445e-02
-5.982332397252321243e-03
3.677872195839881897e-02
1.762845553457736969e-02
1.311361044645309448e-02
1.777716726064682007e-02
-1.091767009347677231e-02
-2.725215442478656769e-02
-2.482211031019687653e-02
-5.140548571944236755e-02
-9.454001672565937042e-03
4.064434766769409180e-02
1.954493671655654907e-02
-9.021786972880363464e-03
-1.496932376176118851e-02
-3.475418314337730408e-03
-1.515737641602754593e-02
-1.255204901099205017e-03
-3.723329305648803711e-02
2.598138339817523956e-02
4.156398773193359375e-02
-6.450663320720195770e-03
9.303148835897445679e-04
1.592249795794487000e-02
8.539424277842044830e-03
-5.403541028499603271e-03
-8.937585167586803436e-03
-3.154484927654266357e-02
3.441094607114791870e-02
5.414377525448799133e-02
1.550592249259352684e-03
-3.140925988554954529e-02
-2.642472647130489349e-02
1.285868417471647263e-02
5.406123236753046513e-04
1.325209345668554306e-02
-1.657396741211414337e-02
-2.197776734828948975e-02
4.219309240579605103e-02
4.103750456124544144e-03
-1.406912878155708313e-02
-4.149684309959411621e-02
-6.718585267663002014e-03
2.482287120074033737e-03
2.121671847999095917e-02
-2.833182923495769501e-02
-5.270165577530860901e-02
2.421416342258453369e-02
-3.264860063791275024e-02
-1.617412455379962921e-02
-3.765518544241786003e-03
-6.245937198400497437e-03
-3.555844596121460199e-04
6.544120609760284424e-03
-5.194097384810447693e-02
3.445196524262428284e-02
4.756309092044830322e-02
-1.921278797090053558e-02
-3.422173485159873962e-02
-3.459545969963073730e-02
8.254026994109153748e-03
1.159356068819761276e-02
6.228537485003471375e-02
3.839042782783508301e-02
-1.667847111821174622e-02
4.328662995249032974e-03
-5.733872205018997192e-02
-3.073091618716716766e-02
1.450799684971570969e-02
1.295045018196105957e-02
1.144312415271997452e-02
4.850816726684570312e-02
3.228999674320220947e-02
-1.662668772041797638e-02
1.469679176807403564e-02
-1.921907626092433929e-02
-4.578601103276014328e-03
1.121225534006953239e-03
5.103138741105794907e-03
2.605063142254948616e-03
-1.428278163075447083e-02
-4.239420220255851746e-02
1.048451871611177921e-03
-6.939265411347150803e-03
-3.533488139510154724e-02
-1.787879876792430878e-02
-4.344963654875755310e-02
-1.599375903606414795e-02
-3.173705190420150757e-02
-9.957433678209781647e-03
-1.531231496483087540e-02
1.229958795011043549e-02
6.145101506263017654e-03
-5.165914818644523621e-02
-1.051400788128376007e-02
2.693534642457962036e-02
3.344750404357910156e-02
2.916849590837955475e-02
3.231163322925567627e-02
4.993028473109006882e-03
4.484990239143371582e-02
2.281861752271652222e-02
-4.130487516522407532e-02
-6.425676401704549789e-03
-1.366469892673194408e-03
4.719955846667289734e-03
-2.326355315744876862e-02
-2.075612731277942657e-02
-1.009334623813629150e-02
-9.685758501291275024e-03
-1.425260305404663086e-02
-1.583915948867797852e-02
-1.731719635426998138e-02
-1.519160531461238861e-02
-3.672563005238771439e-03
-2.583575248718261719e-02
4.181911237537860870e-03
9.377795271575450897e-03
8.881472982466220856e-03
-1.067077368497848511e-02
-1.470263767987489700e-02
-1.371053513139486313e-02
-4.891891032457351685e-03
-1.587614603340625763e-02
-3.241771459579467773e-02
-2.510262466967105865e-02
3.966711927205324173e-03
1.935009099543094635e-02
2.471921406686306000e-02
-8.168849162757396698e-03
-5.017008632421493530e-03
3.664229065179824829e-02
5.658450070768594742e-03
-9.918057359755039215e-03
-4.635622608475387096e-04
-2.361204475164413452e-03
5.485148727893829346e-02
2.582736685872077942e-02
1.209300942718982697e-02
-9.679247625172138214e-03
2.743946947157382965e-02
1.304654218256473541e-02
-1.640945486724376678e-02
2.180747687816619873e-02
5.548494309186935425e-02
4.213084932416677475e-03
-1.722588390111923218e-02
-2.580965496599674225e-02
2.079035621136426926e-03
2.012825338169932365e-03
-1.028159912675619125e-02
-2.525264956057071686e-02
-1.650949940085411072e-02
7.667545229196548462e-03
4.912555217742919922e-03
1.247137971222400665e-02
-1.834120228886604309e-02
-2.612931653857231140e-02
-2.677542902529239655e-02
-7.102997042238712311e-03
-3.060138551518321037e-03
-8.622242137789726257e-03
-1.472352072596549988e-02
4.215115681290626526e-02
2.189575321972370148e-02
-3.853454720228910446e-03
-1.309202797710895538e-02
2.470074780285358429e-02
3.642244264483451843e-02
-1.312277396209537983e-03
1.076691038906574249e-02
5.424416437745094299e-02
2.000607922673225403e-02
-8.936684578657150269e-03
-2.919668331742286682e-02
-2.515132911503314972e-02
1.106613126466982067e-04
4.128582403063774109e-02
2.155951410531997681e-02
1.394589245319366455e-02
2.380273677408695221e-02
1.418774574995040894e-02
3.331270813941955566e-02
-1.216012425720691681e-02
-5.393080785870552063e-02
-4.115420579910278320e-02
-4.596231039613485336e-03
-9.184790775179862976e-03
-6.762769538909196854e-03
-9.433683939278125763e-03
1.992968469858169556e-02
5.146793276071548462e-02
1.682190410792827606e-02
-4.270814359188079834e-02
2.044541528448462486e-03
-6.402246188372373581e-03
-2.425882406532764435e-02
-1.259639579802751541e-02
-5.559223704040050507e-03
-1.195850968360900879e-02
-8.275575004518032074e-03
-2.484842389822006226e-02
-2.704648487269878387e-02
9.543762542307376862e-03
4.617765545845031738e-02
1.934350840747356415e-02
1.616199500858783722e-02
1.503046229481697083e-02
-2.422339515760540962e-03
-6.357587408274412155e-04
-2.829115837812423706e-02
-3.358722850680351257e-02
2.365815266966819763e-02
4.438188299536705017e-02
2.165940776467323303e-02
1.946909539401531219e-02
2.404704689979553223e-02
4.942673258483409882e-03
4.687661305069923401e-02
3.712328523397445679e-02
-4.453162476420402527e-02
-2.857497520744800568e-02
-8.266457589343190193e-04
-7.880152203142642975e-03
7.692853920161724091e-03
3.435073187574744225e-03
-1.184047665446996689e-02
5.898900330066680908e-03
2.309328690171241760e-02
-1.699806936085224152e-02
-3.184289485216140747e-02
-1.738597173243761063e-03
-2.141088433563709259e-02
4.652669013012200594e-04
5.324959638528525829e-04
1.647750288248062134e-02
8.522779680788516998e-03
-1.333711203187704086e-02
-3.624475747346878052e-02
1.485142111778259277e-02
1.789053343236446381e-02
2.463426813483238220e-02
2.830822393298149109e-02
2.493776753544807434e-02
-1.558781485073268414e-03
-4.931306000798940659e-03
5.049362313002347946e-03
-7.251731585711240768e-04
3.311998397111892700e-02
-8.991854265332221985e-03
-1.533718407154083252e-02
1.756360195577144623e-02
2.010795660316944122e-02
1.321831811219453812e-02
-2.883718162775039673e-02
-3.020870126783847809e-02
-5.627619568258523941e-03
-3.251859918236732483e-02
-9.729908779263496399e-03
1.282958686351776123e-02
2.154181897640228271e-02
3.000927157700061798e-02
3.610202809795737267e-03
-2.558908797800540924e-02
-5.729992687702178955e-02
-5.588086787611246109e-03
-1.453132368624210358e-02
-1.393029117025434971e-03
3.544156625866889954e-02
2.489348687231540680e-02
2.532743662595748901e-02
3.580980747938156128e-02
-2.510100975632667542e-02
8.255678694695234299e-04
1.228186022490262985e-02
6.528340745717287064e-03
-3.710142150521278381e-02
-2.011001482605934143e-02
1.072295755147933960e-02
5.889239907264709473e-02
5.830067023634910583e-02
6.197956856340169907e-03
1.256032846868038177e-02
-4.783985204994678497e-03
4.873655736446380615e-03
-2.626407332718372345e-02
8.110885508358478546e-03
1.920792460441589355e-02
6.390238553285598755e-02
4.095869511365890503e-02
-4.061222134623676538e-04
-1.441600173711776733e-02
-3.184391185641288757e-03
-5.446395650506019592e-02
-1.968131586909294128e-02
-1.614502072334289551e-02
-2.611162140965461731e-03
1.486095041036605835e-02
2.798366732895374298e-02
3.342911368235945702e-03
7.686862256377935410e-03
-2.075221203267574310e-02
-5.700136348605155945e-02
-6.338106002658605576e-03
-3.548455610871315002e-02
-3.734832257032394409e-02
2.656596479937434196e-03
4.640612751245498657e-02
-3.104049945250153542e-03
-2.109022065997123718e-02
-2.083627041429281235e-03
-6.579793244600296021e-02
-1.216036546975374222e-02
-4.629247356206178665e-03
8.124978194246068597e-06
3.161584585905075073e-02
4.797582328319549561e-02
1.387682370841503143e-02
3.001103643327951431e-03
2.587717026472091675e-02
-5.395768210291862488e-02
1.922624185681343079e-03
-2.681256830692291260e-02
-2.868559211492538452e-02
-1.303097419440746307e-02
1.617680490016937256e-02
-5.098121240735054016e-03
-1.428687758743762970e-02
-2.492487803101539612e-02
-3.470215201377868652e-02
-4.713996313512325287e-03
-2.953674085438251495e-02
-4.252728819847106934e-02
-2.581194601953029633e-02
-1.025622896850109100e-02
4.754824098199605942e-03
-8.928410825319588184e-04
-5.943306721746921539e-03
1.021461468189954758e-02
5.935936700552701950e-03
-1.700242981314659119e-02
-4.476930946111679077e-02
-5.307917296886444092e-02
8.205226063728332520e-02
3.029733151197433472e-02
-2.163838408887386322e-02
-2.698460407555103302e-02
-5.610678344964981079e-02
-1.860511675477027893e-02
-3.527079150080680847e-02
-3.192168474197387695e-02
1.872679218649864197e-03
8.324480801820755005e-02
4.316335916519165039e-02
-5.706876516342163086e-03
-7.292483001947402954e-03
-4.542686417698860168e-02
-2.305188588798046112e-02
-5.123476963490247726e-03
-1.565502583980560303e-02
2.593457326292991638e-02
-3.536648303270339966e-02
-9.739271365106105804e-03
1.013373956084251404e-02
1.605286635458469391e-02
2.432356216013431549e-02
2.116350084543228149e-02
-7.842888124287128448e-03
-4.511157423257827759e-02
-6.473216414451599121e-02
-3.030846267938613892e-02
5.016140057705342770e-04
1.071808859705924988e-02
1.323594339191913605e-02
2.266831323504447937e-02
1.410314068198204041e-02
-1.739339344203472137e-02
-5.099352076649665833e-02
-4.534711316227912903e-02
2.000929415225982666e-02
1.553635299205780029e-02
1.053178030997514725e-02
2.818918600678443909e-02
-1.370139699429273605e-02
9.068747051060199738e-03
4.813489969819784164e-03
-2.459354326128959656e-02
5.347587633877992630e-03
-1.024720165878534317e-02
-8.548586047254502773e-04
1.041512563824653625e-02
3.158326819539070129e-02
-3.189243376255035400e-02
1.394391339272260666e-02
-9.503171779215335846e-03
-3.967570886015892029e-02
-5.444453563541173935e-03
2.232422493398189545e-02
1.873214729130268097e-02
2.505031041800975800e-02
1.497654430568218231e-02
-1.543200202286243439e-02
-7.136968895792961121e-03
-4.677864490076899529e-05
-7.457721978425979614e-03
1.054146559908986092e-03
2.248123846948146820e-02
4.493393376469612122e-02
2.164067700505256653e-03
-2.357666008174419403e-02
-7.440650369971990585e-03
-7.981323637068271637e-03
2.786012133583426476e-03
-1.436112262308597565e-02
-1.839496009051799774e-02
4.940055310726165771e-02
4.350065067410469055e-02
3.399773314595222473e-02
1.586274988949298859e-02
-5.168505012989044189e-02
-7.103780284523963928e-03
-4.066779743880033493e-03
-7.275435142219066620e-03
9.580171667039394379e-03
3.875921666622161865e-02
5.751186981797218323e-02
9.806238114833831787e-03
-3.459197655320167542e-02
-4.297189414501190186e-02
-1.057026092894375324e-03
1.686172746121883392e-02
-6.435584276914596558e-03
-1.231050305068492889e-02
-7.306468614842742682e-05
4.666171595454216003e-02
-6.337556988000869751e-03
-1.802313886582851410e-02
-2.186308428645133972e-02
-5.553244613111019135e-03
-3.962761256843805313e-03
-2.237001620233058929e-02
-5.803819373250007629e-02
-8.087422698736190796e-03
1.712517440319061279e-02
3.737652907148003578e-03
2.160419709980487823e-02
-2.081416919827461243e-02
-2.797362394630908966e-02
-1.576356217265129089e-02
-1.204595156013965607e-02
-5.274064093828201294e-02
8.325349190272390842e-04
3.929066658020019531e-02
-1.861663721501827240e-02
-2.644672989845275879e-02
-3.829232230782508850e-02
4.705680068582296371e-03
6.765635218471288681e-03
7.112774066627025604e-03
-5.057245492935180664e-02
-2.394702844321727753e-02
4.139968007802963257e-02
1.888084411621093750e-02
9.495982900261878967e-03
-1.005301345139741898e-02
1.957380911335349083e-03
8.360360749065876007e-03
1.438766252249479294e-02
-3.356934711337089539e-02
3.026552731171250343e-03
1.650294475257396698e-02
-4.069603528478182852e-05
2.338553033769130707e-02
-3.733075037598609924e-02
-1.843097433447837830e-02
-3.558155894279479980e-02
-1.270829979330301285e-02
-4.025722295045852661e-02
4.429328255355358124e-03
4.625600576400756836e-02
-1.385745126754045486e-02
8.343775756657123566e-03
-1.583048701286315918e-02
6.969225127249956131e-03
-2.667470835149288177e-02
-3.797044977545738220e-03
-3.412259370088577271e-02
-8.401537314057350159e-03
2.315778657793998718e-02
-1.772170513868331909e-02
1.963016577064990997e-02
-1.407552696764469147e-02
5.140920635312795639e-03
-2.077992260456085205e-02
2.607677364721894264e-03
-4.205305129289627075e-02
1.302837627008557320e-03
5.526570603251457214e-02
-1.743031665682792664e-02
7.024917285889387131e-03
-8.052521385252475739e-03
5.704426672309637070e-03
-4.148981720209121704e-02
-1.045908685773611069e-02
-5.383863300085067749e-02
-1.407673303037881851e-02
2.326838299632072449e-02
-2.178424037992954254e-02
-7.130736485123634338e-03
5.430040415376424789e-03
4.364188387989997864e-02
-1.075163390487432480e-02
-1.051324885338544846e-02
-4.998440295457839966e-02
-2.353721298277378082e-02
1.203809306025505066e-02
-2.331393212080001831e-02
-6.202844902873039246e-03
-2.512201294302940369e-02
3.899971768260002136e-02
1.033124793320894241e-02
-1.294333836995065212e-03
-5.033189803361892700e-02
-5.891315639019012451e-03
6.822794675827026367e-02
3.419357817620038986e-03
-1.057798881083726883e-02
-1.378763373941183090e-02
6.299552042037248611e-03
-3.511581942439079285e-02
-2.171655360143631697e-04
-4.028337448835372925e-02
-1.561917597427964211e-03
3.564824163913726807e-02
-2.849562466144561768e-02
-1.421247329562902451e-02
-7.640291750431060791e-02
1.002290844917297363e-02
1.645101350732147694e-03
4.572190344333648682e-02
1.976294443011283875e-02
-2.695475891232490540e-02
1.244712993502616882e-02
-2.706810645759105682e-02
-1.313742808997631073e-02
-1.860466785728931427e-02
1.695641316473484039e-02
2.869501337409019470e-02
2.209780178964138031e-02
-2.681389264762401581e-02
-2.932770922780036926e-02
1.973786205053329468e-02
-2.843393757939338684e-02
-4.842980578541755676e-02
-4.348325729370117188e-02
1.581543311476707458e-02
2.439275942742824554e-02
4.083921015262603760e-02
-1.876431889832019806e-02
3.453016979619860649e-03
4.304563626646995544e-02
-1.111938897520303726e-02
-2.401616238057613373e-02
-5.029351264238357544e-02
-6.365161854773759842e-03
9.226328693330287933e-03
4.474839195609092712e-02
3.974559158086776733e-02
2.160533145070075989e-02
6.436096131801605225e-02
-8.953048847615718842e-03
-4.579767584800720215e-02
-6.319930404424667358e-02
-8.187538944184780121e-03
-5.973834544420242310e-03
4.145307838916778564e-02
3.202019259333610535e-02
-2.102136425673961639e-02
-9.854339994490146637e-03
-3.985280171036720276e-02
-3.041128255426883698e-02
-2.818527258932590485e-02
2.624996006488800049e-02
1.027063932269811630e-02
3.909260779619216919e-02
1.052578072994947433e-02
-6.760258972644805908e-02
-1.365123875439167023e-02
-5.196778103709220886e-02
-1.760883070528507233e-02
-1.857056282460689545e-02
3.071651048958301544e-02
1.555023994296789169e-02
3.824120014905929565e-02
1.395216491073369980e-02
2.243138104677200317e-02
2.837163768708705902e-02
-2.050289139151573181e-02
-1.435205992311239243e-02
-3.836598619818687439e-02
1.161169633269309998e-02
-2.255675196647644043e-02
4.574927687644958496e-02
5.037704482674598694e-02
-4.604692012071609497e-02
1.878575980663299561e-02
-3.292981768026947975e-03
2.590576373040676117e-02
-2.192802913486957550e-02
3.667431324720382690e-02
-9.217401966452598572e-03
5.567508190870285034e-02
1.610389724373817444e-02
-4.026924446225166321e-02
1.930422522127628326e-02
-4.525209218263626099e-02
-9.460420347750186920e-03
1.495589502155780792e-02
3.217784687876701355e-02
6.288665812462568283e-03
1.270147133618593216e-02
-1.717001013457775116e-02
-1.151865627616643906e-02
2.770284004509449005e-02
-3.621366620063781738e-02
-5.367018282413482666e-03
4.517734516412019730e-03
1.773470640182495117e-02
-1.917544193565845490e-02
1.052023377269506454e-03
-2.766129188239574432e-02
-5.452488735318183899e-02
3.665650263428688049e-02
6.779019720852375031e-03
1.658035628497600555e-02
8.976753801107406616e-03
1.879043132066726685e-02
-1.344707095995545387e-03
4.775673151016235352e-02
-5.853272043168544769e-03
-2.223931439220905304e-02
1.296413224190473557e-02
-1.581443473696708679e-02
-1.727598533034324646e-02
-4.136594757437705994e-02
3.459632396697998047e-02
1.954502984881401062e-02
3.711028397083282471e-02
-9.362976998090744019e-03
4.495278000831604004e-02
4.707000404596328735e-02
-1.042081136256456375e-02
-1.936122030019760132e-02
-2.772093284875154495e-03
4.501898307353258133e-03
-2.813579328358173370e-02
7.705296855419874191e-03
-1.122869271785020828e-02
4.501942917704582214e-02
2.384920418262481689e-02
2.412677044048905373e-03
-3.128660842776298523e-02
-1.246859412640333176e-02
-3.107367083430290222e-03
-3.095064498484134674e-02
-9.558585588820278645e-04
1.140940561890602112e-02
3.319128230214118958e-02
3.848375752568244934e-02
-1.975224353373050690e-02
-2.573574334383010864e-02
-4.372187703847885132e-02
3.491434082388877869e-02
2.027915790677070618e-02
3.327225893735885620e-02
1.571244187653064728e-02
-1.049529854208230972e-02
3.094234131276607513e-02
-2.088359929621219635e-02
-2.978453040122985840e-02
-1.037469785660505295e-02
1.104835420846939087e-02
-1.007512398064136505e-02
8.092520758509635925e-03
-1.024749781936407089e-02
2.669125422835350037e-02
1.508492324501276016e-02
-4.968870431184768677e-03
-2.894186228513717651e-02
-7.004341459833085537e-04
1.919887401163578033e-02
-1.841482333838939667e-02
-4.329961724579334259e-03
1.854366064071655273e-02
-1.412591803818941116e-02
-1.307059638202190399e-02
-1.149454526603221893e-02
-1.327625662088394165e-02
-5.394191481173038483e-03
2.947731874883174896e-02
-2.990367822349071503e-03
6.689486908726394176e-04
1.938672177493572235e-02
-6.686169654130935669e-03
3.682511160150170326e-03
-1.877104118466377258e-02
-2.394066751003265381e-02
2.051744051277637482e-02
3.400215506553649902e-02
-8.200661279261112213e-03
1.423600688576698303e-02
1.346522476524114609e-03
-4.701191559433937073e-02
-6.613091565668582916e-03
-6.762376520782709122e-03
5.157701671123504639e-03
3.698985092341899872e-03
3.191905096173286438e-02
-5.450363969430327415e-04
2.880822308361530304e-02
-4.994295537471771240e-03
-2.932652644813060760e-02
-1.415943261235952377e-02
-1.588270440697669983e-02
5.295559531077742577e-04
-1.724869571626186371e-02
3.878250718116760254e-02
1.544328592717647552e-02
2.574774622917175293e-02
9.055282920598983765e-03
-2.964881807565689087e-02
-2.691889740526676178e-02
-4.490403085947036743e-02
-1.581927388906478882e-02
-2.464590221643447876e-02
6.334988772869110107e-02
3.853003308176994324e-02
3.873929008841514587e-02
1.188225764781236649e-02
-3.448754176497459412e-02
-7.501455955207347870e-03
-1.589781977236270905e-02
1.385365496389567852e-03
-2.081010723486542702e-03
3.504159301519393921e-02
1.174228265881538391e-02
4.734968766570091248e-02
5.497721489518880844e-03
-4.366374015808105469e-02
-9.480334818363189697e-03
-4.916482046246528625e-02
1.355564780533313751e-02
-2.919488586485385895e-02
6.203410401940345764e-02
4.015318676829338074e-02
3.270353004336357117e-02
-2.181681990623474121e-02
-2.372159250080585480e-02
-1.123327575623989105e-02
-3.097497671842575073e-02
-1.611217670142650604e-02
-2.606900408864021301e-02
3.969830274581909180e-02
3.875163942575454712e-02
4.918729886412620544e-02
7.147074677050113678e-03
-3.665307164192199707e-02
5.277050193399190903e-03
7.983695832081139088e-04
1.392597611993551254e-02
2.654836326837539673e-02
-5.867794156074523926e-03
-2.892274176701903343e-03
2.817547507584095001e-02
-7.413437124341726303e-03
-5.107316747307777405e-02
3.309401450678706169e-03
-3.650221973657608032e-02
7.868397049605846405e-03
-1.954906992614269257e-02
4.529721289873123169e-02
5.823833495378494263e-02
3.539680689573287964e-02
-3.467296808958053589e-02
-3.098872490227222443e-02
1.398819684982299805e-02
-3.280042856931686401e-02
-8.836680091917514801e-03
-4.994484595954418182e-03
1.328317914158105850e-02
3.481974452733993530e-02
3.732924908399581909e-02
-2.187352441251277924e-02
-2.107977494597434998e-02
-1.424012798815965652e-02
4.356088116765022278e-03
-1.610271749086678028e-03
1.959392568096518517e-03
-2.666130848228931427e-02
-9.948179125785827637e-03
1.970033720135688782e-02
8.369642309844493866e-03
4.845576360821723938e-03
-5.722322035580873489e-03
-3.305675927549600601e-03
-8.122341707348823547e-03
9.896372444927692413e-03
-9.501126594841480255e-03
1.901234500110149384e-02
2.874891273677349091e-02
2.346543967723846436e-02
-1.663067005574703217e-02
-1.765044033527374268e-02
-3.149566054344177246e-02
-2.677818574011325836e-02
-3.930031787604093552e-03
2.106338506564497948e-03
5.168496072292327881e-02
3.120110183954238892e-02
-1.163785159587860107e-02
-1.374477613717317581e-02
-4.703667480498552322e-03
-7.110184989869594574e-03
-2.810703031718730927e-02
1.176973152905702591e-02
3.547490108758211136e-03
3.852393478155136108e-02
1.637872681021690369e-02
-1.857047085650265217e-03
1.882136613130569458e-02
-2.707246504724025726e-02
-2.762587554752826691e-02
-2.125719096511602402e-03
-6.035847961902618408e-02
-1.532091293483972549e-02
7.292774505913257599e-03
1.589390076696872711e-02
4.501103237271308899e-02
1.860493607819080353e-02
-8.051237091422080994e-03
-1.126911398023366928e-02
2.612752467393875122e-02
-3.124865330755710602e-02
-8.882340975105762482e-03
-2.047137357294559479e-02
-1.719911023974418640e-02
5.583983380347490311e-03
-1.090295892208814621e-02
-3.794907778501510620e-02
-2.933846414089202881e-02
1.865560561418533325e-02
-2.641770243644714355e-02
-7.337149232625961304e-03
-2.424741722643375397e-02
3.856989741325378418e-02
5.335538461804389954e-02
8.971117436885833740e-03
-2.894745673984289169e-03
1.094346772879362106e-02
4.625875130295753479e-02
-1.100931968539953232e-02
1.653420366346836090e-02
-4.461762681603431702e-02
-1.223447732627391815e-02
3.322571050375699997e-03
4.106876254081726074e-02
1.559825707226991653e-02
-1.065887324512004852e-02
1.216923166066408157e-02
-2.815975993871688843e-02
-1.736878231167793274e-02
-2.378347329795360565e-02
-2.416082844138145447e-02
-8.774178102612495422e-03
4.633286595344543457e-02
1.830851100385189056e-02
-2.210821025073528290e-02
-2.418390847742557526e-02
-2.716725505888462067e-02
-5.099061410874128342e-03
9.135738015174865723e-03
2.064247149974107742e-03
1.771651394665241241e-02
-3.662085800897330046e-04
3.623113408684730530e-02
3.300985321402549744e-02
4.709788784384727478e-02
-8.631294593214988708e-03
-3.976423467975109816e-04
-2.615769021213054657e-02
-3.133772686123847961e-02
-2.108360081911087036e-02
-1.447308342903852463e-02
1.518349815160036087e-02
2.756542712450027466e-02
3.033353574573993683e-02
-2.413663268089294434e-02
2.307651564478874207e-02
1.509427931159734726e-02
-9.040302596986293793e-03
9.701651521027088165e-03
1.669004373252391815e-02
-1.623408170416951180e-03
-8.066643029451370239e-03
-5.624036770313978195e-03
-1.564179547131061554e-02
2.051217481493949890e-02
3.019305691123008728e-02
6.975631695240736008e-03
2.330697327852249146e-02
-4.127842839807271957e-03
2.200870774686336517e-02
-4.785053431987762451e-03
1.473283208906650543e-02
-3.815498948097229004e-02
1.755676791071891785e-02
1.301897317171096802e-02
1.091836672276258469e-02
-2.342630643397569656e-03
-1.541998423635959625e-02
1.841597445309162140e-02
1.472531165927648544e-02
6.766577716916799545e-03
-3.831026330590248108e-02
1.239291578531265259e-02
7.073164451867341995e-03
-9.290513582527637482e-03
-7.624558173120021820e-03
4.906070418655872345e-03
5.722301453351974487e-02
4.759506136178970337e-02
3.535863384604454041e-02
-1.294293534010648727e-02
-9.827261790633201599e-03
-5.937630776315927505e-04
9.470029617659747601e-04
-2.812022715806961060e-02
1.385582436341792345e-04
2.409308403730392456e-02
-6.877520587295293808e-03
2.296701073646545410e-02
-4.099866747856140137e-02
-3.829748835414648056e-03
8.669530870974995196e-06
8.746291510760784149e-03
-2.345447055995464325e-02
-1.330209802836179733e-02
2.081657387316226959e-02
-9.284953121095895767e-04
-1.957868598401546478e-02
-5.215189233422279358e-02
-4.016411025077104568e-03
-5.813353229314088821e-03
1.951009267941117287e-03
-4.051439091563224792e-02
2.000449970364570618e-02
5.698782205581665039e-02
2.275043725967407227e-02
4.617782309651374817e-02
-1.026567071676254272e-02
-2.694319002330303192e-02
-5.280002951622009277e-03
1.308855134993791580e-02
-1.402838248759508133e-02
-3.257403522729873657e-02
9.525793045759201050e-02
7.485666871070861816e-02
5.025386437773704529e-02
-2.465576119720935822e-02
-3.344483673572540283e-02
-3.402015939354896545e-02
-1.731032878160476685e-02
-1.850155554711818695e-02
-2.665411494672298431e-02
-8.241720497608184814e-03
1.383005175739526749e-03
-1.742676086723804474e-02
-4.950878396630287170e-02
9.419616311788558960e-03
2.882460318505764008e-02
4.934118315577507019e-02
-4.079984501004219055e-02
-4.970098286867141724e-02
-1.066925469785928726e-02
1.058066170662641525e-02
-1.319310860708355904e-03
-1.350168511271476746e-02
3.615880757570266724e-02
5.922254174947738647e-02
4.766838252544403076e-02
-4.286600649356842041e-02
-2.955469489097595215e-02
6.450688838958740234e-02
4.677336663007736206e-02
2.760787121951580048e-02
-4.379086196422576904e-02
-1.415091753005981445e-02
-1.465060655027627945e-02
3.087666118517518044e-03
-3.013922646641731262e-02
-3.649146854877471924e-02
6.164300441741943359e-02
3.116401657462120056e-02
-9.864084422588348389e-03
-1.921599358320236206e-02
2.654331177473068237e-02
2.912365831434726715e-02
9.039861150085926056e-03
-5.271714925765991211e-02
-3.136954084038734436e-02
7.269269786775112152e-03
3.002004465088248253e-03
4.748608916997909546e-03
6.054843775928020477e-03
4.601857066154479980e-02
1.762564852833747864e-02
1.228929776698350906e-02
-4.443011060357093811e-02
-2.293664403259754181e-02
2.464647404849529266e-02
-1.814406923949718475e-02
-3.036978887394070625e-03
1.752589270472526550e-02
3.064271062612533569e-02
-2.336499653756618500e-02
1.140561513602733612e-02
-3.933607414364814758e-02
-4.936571419239044189e-02
1.528953015804290771e-02
3.106660023331642151e-02
-2.927885623648762703e-03
1.603866927325725555e-02
4.058771580457687378e-02
2.587545104324817657e-02
5.522280116565525532e-04
-5.229639261960983276e-02
-5.631431937217712402e-02
-4.293690994381904602e-02
-3.267282620072364807e-02
-6.803731084801256657e-04
3.996090497821569443e-03
3.293645754456520081e-02
7.909193634986877441e-03
2.554184570908546448e-02
-8.177481591701507568e-03
1.956604793667793274e-02
5.765744298696517944e-02
2.662893850356340408e-03
1.356390211731195450e-02
-3.210864495486021042e-03
1.658692955970764160e-03
-1.193316932767629623e-02
8.271208032965660095e-03
5.733968573622405529e-04
2.884396165609359741e-02
4.367371276021003723e-02
-2.929976209998130798e-02
-1.824708841741085052e-02
-5.015741661190986633e-02
-7.240589708089828491e-03
-4.031658638268709183e-03
3.508424386382102966e-02
3.083866275846958160e-02
-3.612907230854034424e-02
3.495749784633517265e-03
3.714566119015216827e-03
2.175008505582809448e-02
6.811106577515602112e-03
1.625751145184040070e-02
-1.801921054720878601e-03
2.997966669499874115e-02
1.495686173439025879e-02
-1.933862268924713135e-02
5.487483739852905273e-02
1.091045513749122620e-02
1.210367865860462189e-02
-5.868508480489253998e-03
-3.256937721744179726e-03
-2.025650441646575928e-02
8.769069798290729523e-03
-7.688365411013364792e-03
1.788632571697235107e-02
6.081684306263923645e-02
-7.875712588429450989e-03
6.383663974702358246e-03
-1.097880396991968155e-02
1.082094013690948486e-02
-8.933448232710361481e-03
1.434452086687088013e-02
1.555258315056562424e-02
4.636096209287643433e-02
1.037254333496093750e-01
7.595788687467575073e-03
-3.303011879324913025e-02
-4.074683785438537598e-02
2.189851924777030945e-02
2.491258550435304642e-03
4.682445432990789413e-03
-1.342266891151666641e-02
-4.527309443801641464e-03
7.324565947055816650e-02
1.138224080204963684e-02
-6.781999836675822735e-04
1.522334013134241104e-02
1.969922520220279694e-02
-1.430709380656480789e-02
-2.370683662593364716e-02
-4.186727851629257202e-02
1.392455771565437317e-02
7.043980807065963745e-02
5.075662047602236271e-04
-3.264354541897773743e-02
-1.829215884208679199e-02
5.215083435177803040e-02
4.667565692216157913e-03
-3.851242735981941223e-02
-7.349589467048645020e-02
3.189230710268020630e-02
6.850058585405349731e-02
-4.288603551685810089e-03
-2.720420435070991516e-02
-4.457611218094825745e-02
1.358005334623157978e-03
5.938681773841381073e-03
4.162422940135002136e-02
3.913212940096855164e-02
-2.571869827806949615e-02
4.245848581194877625e-02
-1.281092409044504166e-03
-5.006561055779457092e-03
-2.905542962253093719e-02
2.806858904659748077e-02
1.951012574136257172e-02
5.427140370011329651e-02
2.530960366129875183e-02
2.278011851012706757e-02
5.763563513755798340e-02
-1.247598417103290558e-02
-3.979195654392242432e-02
-4.370301589369773865e-02
1.990074664354324341e-02
1.895895041525363922e-02
1.673702523112297058e-02
-1.776658371090888977e-02
-5.003863014280796051e-03
4.218911007046699524e-02
-1.328861899673938751e-02
-2.150996774435043335e-02
-3.254551440477371216e-02
3.722065314650535583e-02
3.597304224967956543e-02
2.474078163504600525e-02
8.940654806792736053e-03
-1.317222509533166885e-02
6.150433421134948730e-02
9.189592674374580383e-03
-2.249551005661487579e-03
2.955491887405514717e-03
2.779948525130748749e-02
1.956883259117603302e-02
3.496467694640159607e-02
-8.654329925775527954e-03
-1.924447342753410339e-02
4.152100160717964172e-02
-2.157195284962654114e-02
-7.474469020962715149e-03
-3.067972697317600250e-02
2.194323763251304626e-02
2.343206480145454407e-02
1.775987818837165833e-02
-2.311323769390583038e-02
-1.356245763599872589e-02
4.647943004965782166e-02
-1.570741587784141302e-04
-4.095199517905712128e-03
2.340248972177505493e-02
3.709154203534126282e-02
1.355319935828447342e-02
-1.182868238538503647e-02
-2.808589302003383636e-02
-9.161603637039661407e-03
1.809543929994106293e-02
-1.062468718737363815e-02
-1.607388490810990334e-03
-2.059859968721866608e-02
-5.019592121243476868e-03
-3.667909884825348854e-03
-9.722977876663208008e-03
-6.895733624696731567e-02
-2.215958898887038231e-03
3.618767485022544861e-02
-2.469900762662291527e-03
2.477080095559358597e-03
-1.694068685173988342e-02
2.053172141313552856e-02
1.595476083457469940e-02
1.885620993562042713e-03
-9.390500374138355255e-03
-1.141973771154880524e-02
1.461433805525302887e-02
-2.209059707820415497e-02
-1.520931441336870193e-02
-6.727593019604682922e-03
2.903737872838973999e-02
-3.074227273464202881e-02
-3.031034022569656372e-03
-2.137598767876625061e-02
9.807454189285635948e-04
6.045287102460861206e-02
3.345267102122306824e-02
1.280368119478225708e-02
7.271336857229471207e-03
-1.740765944123268127e-02
-3.135063126683235168e-02
-3.270169347524642944e-02
-3.370491042733192444e-02
8.158882148563861847e-03
5.152050778269767761e-02
1.881430298089981079e-02
1.159604080021381378e-02
3.638830501586198807e-03
2.682350203394889832e-02
-5.334244668483734131e-02
-3.182049095630645752e-02
-1.609761267900466919e-02
-9.993967600166797638e-03
-7.838401012122631073e-03
-4.095667600631713867e-02
-3.601323068141937256e-02
-1.932827383279800415e-02
3.748109564185142517e-02
-2.969761379063129425e-02
4.403250757604837418e-03
1.569124683737754822e-02
-2.191636152565479279e-02
-1.172855962067842484e-03
-3.504270315170288086e-02
-1.850092038512229919e-02
-2.456817310303449631e-03
3.017394244670867920e-02
2.574870828539133072e-03
2.875614538788795471e-02
1.899375766515731812e-02
4.576174169778823853e-02
2.510471828281879425e-02
-1.955079101026058197e-02
-2.097022160887718201e-02
8.026852272450923920e-03
4.234686866402626038e-02
-5.309630185365676880e-02
-2.544482797384262085e-02
2.748250775039196014e-02
2.479194290935993195e-02
3.128378093242645264e-02
-2.167429029941558838e-02
-5.832199472934007645e-03
2.175615914165973663e-02
4.579359292984008789e-02
-1.985597424209117889e-02
2.033676952123641968e-03
2.108491025865077972e-02
-3.546795994043350220e-02
1.127176918089389801e-02
-5.377335008233785629e-03
-5.544472485780715942e-03
-2.686399267986416817e-03
3.494787961244583130e-02
2.409510873258113861e-02
3.626152127981185913e-02
-1.776291988790035248e-02
-6.940153986215591431e-02
-1.801178208552300930e-03
-3.598669916391372681e-02
-3.088710072916001081e-04
9.505300782620906830e-03
3.563944995403289795e-02
3.164700046181678772e-02
9.890056680887937546e-04
-6.206481158733367920e-02
-3.321170806884765625e-02
3.480132669210433960e-02
-7.065386977046728134e-03
-7.341970223933458328e-03
1.827030442655086517e-02
6.245158240199089050e-02
-7.130325684556737542e-05
8.859036490321159363e-03
-4.246580973267555237e-02
-3.737119585275650024e-02
1.924848370254039764e-02
-4.336448386311531067e-03
4.551772493869066238e-03
2.088710479438304901e-02
4.952178522944450378e-02
-1.256922376342117786e-03
-1.861629076302051544e-02
-6.710401177406311035e-02
-4.550167173147201538e-02
-1.928723603487014771e-02
-5.988847464323043823e-02
-1.493691932410001755e-02
2.479151450097560883e-02
2.764732949435710907e-02
4.313538223505020142e-02
6.277800537645816803e-03
-3.992072492837905884e-02
-1.063258200883865356e-02
-2.748516015708446503e-02
-7.554338127374649048e-02
-2.364742383360862732e-02
-7.510059047490358353e-03
3.867992758750915527e-02
5.492170900106430054e-02
2.124961651861667633e-02
-2.348939143121242523e-02
1.592611335217952728e-02
1.759503781795501709e-02
-1.428581029176712036e-02
1.215799339115619659e-02
8.049525320529937744e-03
2.826266363263130188e-02
3.362427698448300362e-03
4.254299681633710861e-03
-5.086267832666635513e-03
1.505552511662244797e-02
2.854984719306230545e-03
-3.533935174345970154e-02
1.284699421375989914e-02
-8.967869915068149567e-03
5.015047267079353333e-02
1.910137571394443512e-02
6.658933125436306000e-03
9.485966525971889496e-03
3.673373954370617867e-03
-3.516638278961181641e-02
-6.536272913217544556e-02
-3.930896520614624023e-02
-1.345575135201215744e-02
2.065392024815082550e-02
5.414901301264762878e-02
2.510510757565498352e-02
-1.730199530720710754e-02
9.889453649520874023e-03
-2.903572842478752136e-02
-2.514347247779369354e-02
-1.653223671019077301e-02
-2.154263667762279510e-02
1.279849559068679810e-02
2.885041944682598114e-02
2.323624864220619202e-02
2.269968157634139061e-03
-4.495029803365468979e-03
-2.689587324857711792e-02
-4.070800170302391052e-02
7.633582223206758499e-03
-3.855335526168346405e-03
4.111824929714202881e-02
1.308724936097860336e-02
-1.108473865315318108e-03
-9.898765012621879578e-03
-1.430010888725519180e-02
-3.584469109773635864e-02
-2.343498356640338898e-02
5.784480832517147064e-03
1.109358575195074081e-02
3.892897069454193115e-02
2.711130678653717041e-02
1.748616993427276611e-02
1.109943818300962448e-02
9.056013077497482300e-03
-1.825294084846973419e-02
-4.341381043195724487e-02
-1.114376354962587357e-03
-1.565157435834407806e-02
-8.196905837394297123e-04
-3.003149852156639099e-02
1.186946965754032135e-02
4.202618822455406189e-02
1.570590212941169739e-02
-6.461935699917376041e-04
-1.970030926167964935e-02
2.940494567155838013e-02
2.324701054021716118e-03
5.194856598973274231e-02
-3.147223964333534241e-02
-2.258738130331039429e-02
9.246698580682277679e-03
1.314759347587823868e-02
3.839886980131268501e-03
-1.992193236947059631e-02
-2.137700468301773071e-02
-6.625194847583770752e-02
2.233838662505149841e-03
-3.972054272890090942e-02
-1.981581375002861023e-02
2.356762997806072235e-02
-9.675919078290462494e-03
5.477881524711847305e-03
-2.699921652674674988e-02
-5.585757549852132797e-03
-9.978539310395717621e-03
6.338439881801605225e-02
1.290062349289655685e-02
-2.021951973438262939e-02
-1.641369983553886414e-02
-2.253686636686325073e-02
8.493349887430667877e-03
7.298442069441080093e-03
1.851180382072925568e-02
-1.751946844160556793e-02
2.185011282563209534e-02
-1.927134394645690918e-02
-1.975444331765174866e-02
-2.633536607027053833e-02
5.729062948375940323e-03
2.866534283384680748e-03
1.579704135656356812e-02
1.528688147664070129e-02
-5.880969762802124023e-02
9.987886995077133179e-03
-1.637022360228002071e-03
-1.800994016230106354e-02
6.432121619582176208e-03
-7.558364886790513992e-03
5.501355044543743134e-03
-1.108354073949158192e-03
1.497773360460996628e-02
-2.453130297362804413e-02
5.495339632034301758e-02
8.895611390471458435e-03
1.677449792623519897e-02
-7.103782612830400467e-03
3.316813614219427109e-03
1.902839913964271545e-02
4.436655715107917786e-02
5.326006934046745300e-02
-8.167142048478126526e-03
6.873235572129487991e-03
-3.443013131618499756e-02
3.224253421649336815e-03
2.079321630299091339e-02
2.293833531439304352e-02
1.794022321701049805e-02
1.338954363018274307e-02
4.118174314498901367e-03
-6.404242664575576782e-02
-8.742935024201869965e-03
-2.785282395780086517e-02
-2.111339382827281952e-02
1.871953159570693970e-02
6.450579036027193069e-03
5.060681328177452087e-02
2.881408855319023132e-02
6.018002703785896301e-02
-3.605527430772781372e-02
-2.519881911575794220e-02
-3.884613141417503357e-02
-1.769524998962879181e-02
7.453077938407659531e-03
7.044681347906589508e-03
9.616878814995288849e-04
5.560631980188190937e-04
2.755562588572502136e-02
-1.494747120887041092e-02
1.733578625135123730e-03
-3.949597477912902832e-02
-8.689317852258682251e-03
3.400002047419548035e-02
-2.710464596748352051e-02
8.859889931045472622e-04
-4.240758717060089111e-03
5.352162197232246399e-02
-1.787089742720127106e-02
2.611342258751392365e-02
-1.320339646190404892e-02
4.764577839523553848e-03
4.431459819898009300e-04
1.396286673843860626e-02
5.257653445005416870e-02
2.649427391588687897e-02
4.974967986345291138e-02
-1.345497369766235352e-02
-2.851164340972900391e-02
-8.005477488040924072e-03
2.711202390491962433e-02
4.281909670680761337e-03
-3.276991657912731171e-03
5.115958303213119507e-02
6.231824308633804321e-02
3.886406123638153076e-02
-4.841690510511398315e-02
-3.306090086698532104e-02
-3.012684546411037445e-02
-1.478828489780426025e-02
-2.328986860811710358e-02
-3.903644159436225891e-02
-1.259334012866020203e-02
1.845322363078594208e-02
4.906133562326431274e-02
2.363517181947827339e-03
3.327717632055282593e-02
1.617470011115074158e-02
3.523209691047668457e-02
-4.936978220939636230e-03
-3.321867436170578003e-02
1.409082673490047455e-02
2.479594573378562927e-02
7.797887921333312988e-02
-3.678353875875473022e-02
1.613930054008960724e-02
1.338984584435820580e-03
-7.538720499724149704e-03
-2.280472591519355774e-02
-2.304998598992824554e-02
7.860517501831054688e-02
5.073465779423713684e-02
2.112495340406894684e-02
-3.371162712574005127e-02
-6.638923659920692444e-03
-1.279717031866312027e-02
-1.253318507224321365e-02
-2.459862828254699707e-02
-3.133186697959899902e-02
6.202227994799613953e-02
2.485077269375324249e-02
-9.555479511618614197e-03
-6.531871855258941650e-03
2.746480330824851990e-02
2.091313712298870087e-02
-6.296160165220499039e-03
-5.646105110645294189e-02
-2.167157083749771118e-02
7.153107970952987671e-02
6.635419279336929321e-02
5.036996677517890930e-02
-2.241458557546138763e-02
2.866597101092338562e-02
7.098299916833639145e-03
7.163102272897958755e-03
-2.665721811354160309e-02
-3.409107029438018799e-02
4.261105507612228394e-02
5.251828581094741821e-03
2.953015081584453583e-02
-2.451962092891335487e-03
-2.222274895757436752e-03
-1.563952676951885223e-02
-2.662857761606574059e-03
-4.772562906146049500e-02
-3.145089745521545410e-02
3.139119222760200500e-02
2.681302092969417572e-02
2.851896546781063080e-02
5.872325971722602844e-03
3.743406012654304504e-02
3.311865031719207764e-02
1.803844980895519257e-02
-3.057930991053581238e-02
-4.297227412462234497e-02
-6.212919577956199646e-02
-3.460864722728729248e-02
-1.283924910239875317e-03
-6.485436111688613892e-03
5.993653833866119385e-02
2.766421809792518616e-02
5.410033091902732849e-02
3.314377367496490479e-02
-3.552949754521250725e-03
4.263194743543863297e-03
-2.024617232382297516e-02
3.530159965157508850e-02
6.343614775687456131e-03
1.974419131875038147e-02
1.809596782550215721e-03
2.162458002567291260e-02
-1.255809795111417770e-02
3.001482982654124498e-04
-3.237931057810783386e-02
-6.747155636548995972e-02
-1.083678798750042915e-03
1.321851857937872410e-03
4.473500698804855347e-02
-1.225410215556621552e-02
4.495271481573581696e-03
4.671521484851837158e-02
-3.380817547440528870e-02
-2.915447950363159180e-02
-2.970104292035102844e-02
-1.612485758960247040e-02
-3.315962851047515869e-03
2.806797437369823456e-02
1.750244759023189545e-02
5.306427180767059326e-02
2.731932699680328369e-02
-1.803337596356868744e-02
3.968072310090065002e-02
1.306561753153800964e-02
-1.173809915781021118e-02
-1.603438705205917358e-02
7.977555505931377411e-03
2.919510565698146820e-02
3.521457687020301819e-02
-1.056331396102905273e-02
3.398837754502892494e-03
1.066103857010602951e-02
-2.669014222919940948e-02
-2.709651179611682892e-02
-1.794738881289958954e-02
-1.155861071310937405e-03
-3.587210550904273987e-02
-1.355334930121898651e-02
-8.123763254843652248e-04
-1.281552202999591827e-02
6.691934168338775635e-02
4.063437879085540771e-02
4.947921261191368103e-03
-2.767464704811573029e-02
-2.624043077230453491e-02
-2.381654828786849976e-02
-1.379261631518602371e-02
-5.267551541328430176e-02
-1.328411977738142014e-02
6.447346508502960205e-02
1.734470762312412262e-02
-3.456791397184133530e-03
2.832945436239242554e-02
1.697415113449096680e-02
3.189996629953384399e-02
9.588333778083324432e-03
-3.494722023606300354e-02
-2.298010885715484619e-02
5.015634000301361084e-02
1.878223940730094910e-02
-1.460653729736804962e-02
-5.667791701853275299e-03
3.226705640554428101e-02
-1.344818738289177418e-03
-2.239580638706684113e-02
-6.307385861873626709e-02
-1.282808370888233185e-02
7.289643585681915283e-02
2.994227595627307892e-02
1.812818460166454315e-02
2.315501309931278229e-02
-1.335107162594795227e-02
1.213595751323737204e-04
-1.860739104449748993e-02
-4.573331773281097412e-02
-1.811672002077102661e-02
4.515646025538444519e-02
1.225254312157630920e-02
1.078877504914999008e-02
-5.711996462196111679e-03
-1.032198406755924225e-02
-3.153439611196517944e-02
-2.351047098636627197e-02
-4.801668599247932434e-02
-4.297738429158926010e-03
3.746934235095977783e-02
2.670250600203871727e-03
-3.745973110198974609e-03
-1.250146143138408661e-02
2.202720753848552704e-02
1.606879197061061859e-02
5.875639151781797409e-03
-3.168645501136779785e-02
2.553658094257116318e-03
5.450827255845069885e-02
5.602857097983360291e-03
-1.054001785814762115e-02
1.080027688294649124e-02
1.332883629947900772e-02
7.941307500004768372e-03
-1.380969304591417313e-03
-3.207761421799659729e-02
-3.867998719215393066e-02
2.830548211932182312e-02
1.567189930938184261e-03
9.456560947000980377e-03
1.218379847705364227e-02
-1.482036081142723560e-03
-2.171744592487812042e-02
-1.205482985824346542e-02
-5.176635831594467163e-02
-3.346423432230949402e-02
5.113222822546958923e-02
7.453427184373140335e-03
4.744414705783128738e-03
4.612846672534942627e-02
2.808519639074802399e-03
-8.407189510762691498e-03
-1.624003238976001740e-02
-7.303959131240844727e-02
-1.603780873119831085e-02
5.629338324069976807e-02
2.083205617964267731e-02
-6.940287421457469463e-04
4.502365738153457642e-02
3.168318420648574829e-02
4.896611906588077545e-03
-1.296042185276746750e-02
-5.013107135891914368e-02
-2.822296135127544403e-02
9.304440580308437347e-03
-9.203322231769561768e-03
1.664880081079900265e-03
4.305461188778281212e-04
1.599372178316116333e-02
1.087817712686955929e-03
-5.494326353073120117e-03
-5.265642702579498291e-02
-3.924981877207756042e-02
6.950139254331588745e-02
2.021372690796852112e-02
9.281951934099197388e-03
6.955368071794509888e-02
2.828979864716529846e-02
1.611215248703956604e-02
1.122084166854619980e-02
-7.956991344690322876e-02
-7.489005476236343384e-02
1.736246980726718903e-02
-3.920712508261203766e-03
-9.561504237353801727e-03
2.226381003856658936e-02
1.483152899891138077e-02
4.654338583350181580e-03
-5.359191447496414185e-03
-5.998148769140243530e-02
-3.589463420212268829e-03
3.332439437508583069e-02
8.741785772144794464e-03
1.192783005535602570e-02
5.259837023913860321e-03
-1.523684710264205933e-02
-2.296083979308605194e-02
1.401059911586344242e-03
-1.010019611567258835e-02
2.733547240495681763e-02
4.947011917829513550e-02
1.531485095620155334e-02
1.628774218261241913e-02
5.863240920007228851e-03
1.116912905126810074e-02
-2.848733589053153992e-02
1.340620219707489014e-02
9.211095311911776662e-05
-5.095664039254188538e-02
2.650204347446560860e-03
-8.479804731905460358e-03
-2.013168111443519592e-02
-8.872497826814651489e-03
-1.968963816761970520e-02
-6.465062499046325684e-03
1.124515011906623840e-02
-1.462443917989730835e-02
-2.084589563310146332e-02
3.887549042701721191e-02
1.207321230322122574e-02
-5.587901454418897629e-03
2.364577539265155792e-02
-7.541568018496036530e-03
-4.065464308951050043e-04
8.295991457998752594e-03
-3.583635762333869934e-02
3.780847787857055664e-02
5.160081759095191956e-02
9.095487184822559357e-03
-1.844076812267303467e-02
2.002033405005931854e-02
2.674980461597442627e-02
-4.278674721717834473e-02
-2.043205872178077698e-02
1.708166114985942841e-02
2.047911286354064941e-02
3.172746300697326660e-02
-2.397305332124233246e-02
-7.587198168039321899e-03
3.131402656435966492e-02
3.749639540910720825e-02
-2.409144863486289978e-02
8.085784065769985318e-05
1.362713426351547241e-02
-1.505941338837146759e-02
3.845333680510520935e-02
2.447815239429473877e-02
2.363303489983081818e-02
2.221458405256271362e-02
-1.436235662549734116e-02
-5.088160187005996704e-02
-3.633072599768638611e-02
-4.351785406470298767e-02
-3.522156924009323120e-02
8.602741174399852753e-03
-1.538035459816455841e-02
-3.574264002963900566e-03
-4.656917881220579147e-03
-1.512610446661710739e-02
-4.123494774103164673e-02
-3.171797096729278564e-02
-4.616905376315116882e-02
-1.368732191622257233e-02
1.578381285071372986e-02
-1.171471457928419113e-02
-6.668676505796611309e-04
4.821600764989852905e-02
4.476475343108177185e-02
-1.681347563862800598e-02
-3.129385586362332106e-04
-2.541381120681762695e-02
7.637741044163703918e-03
-6.840370129793882370e-03
-2.128300629556179047e-02
2.401078678667545319e-02
2.624968998134136200e-02
3.814681246876716614e-02
-2.781939459964632988e-03
9.536918252706527710e-03
-4.075036849826574326e-03
-2.735059335827827454e-02
2.716141287237405777e-03
-2.433563023805618286e-02
-8.170154877007007599e-03
1.856174878776073456e-02
5.343087017536163330e-03
-2.213570661842823029e-02
-9.629143401980400085e-03
-4.333772137761116028e-02
-2.225870639085769653e-02
-2.030106075108051300e-02
-4.718538373708724976e-02
9.898210875689983368e-03
6.089730188250541687e-03
9.730590507388114929e-03
-1.136455871164798737e-02
1.625300850719213486e-03
-1.867698505520820618e-02
2.520009130239486694e-02
5.570202600210905075e-03
-2.091424167156219482e-02
3.102817200124263763e-02
7.426950614899396896e-03
2.459375932812690735e-02
-6.950428709387779236e-03
8.008865639567375183e-03
1.841897703707218170e-02
9.929187595844268799e-03
2.148473169654607773e-03
-2.094090543687343597e-02
2.098071575164794922e-02
6.955373100936412811e-03
4.303658753633499146e-02
3.890892025083303452e-03
1.100962795317173004e-02
5.045926664024591446e-03
-1.773910038173198700e-02
-3.131565405055880547e-03
-3.571708127856254578e-02
5.618591676466166973e-04
-1.113969460129737854e-02
6.485856603831052780e-03
-1.373609411530196667e-03
-2.458942821249365807e-03
3.693768288940191269e-03
-1.243957667611539364e-04
3.190954402089118958e-02
-2.669685147702693939e-02
1.553445681929588318e-02
7.078352384269237518e-03
2.056167647242546082e-02
-7.313298992812633514e-03
-7.804327644407749176e-03
2.259598812088370323e-03
-2.265952527523040771e-02
-1.462461613118648529e-02
-2.872692607343196869e-02
2.428347244858741760e-02
1.343930233269929886e-02
2.694651111960411072e-02
-6.592929363250732422e-03
-1.317162346094846725e-02
-2.248182334005832672e-02
-2.980879880487918854e-02
-1.048317924141883850e-02
-1.571762003004550934e-02
2.719363570213317871e-02
2.124067954719066620e-02
2.220676094293594360e-02
-9.238044731318950653e-03
-1.267301011830568314e-02
-1.411547977477312088e-02
1.111820898950099945e-02
2.769896946847438812e-02
-3.372203931212425232e-02
1.266204752027988434e-02
-1.156800892204046249e-02
1.561350375413894653e-02
-1.989826187491416931e-02
-2.132652699947357178e-02
-2.224721573293209076e-02
-8.346187882125377655e-03
2.306357771158218384e-02
-1.941227540373802185e-02
2.554210089147090912e-02
6.541463080793619156e-03
3.001154982484877110e-04
-2.652469463646411896e-02
-3.032268583774566650e-02
-3.712104260921478271e-02
1.674420200288295746e-02
2.902739122509956360e-02
1.057875528931617737e-02
-1.215186249464750290e-02
-5.204010382294654846e-02
-1.005564816296100616e-03
-2.643857523798942566e-02
-1.222346443682909012e-02
2.351578138768672943e-02
-1.531783677637577057e-02
2.079243771731853485e-02
1.204244233667850494e-02
7.442263420671224594e-03
-2.543794456869363785e-03
9.114246070384979248e-02
4.763065278530120850e-02
3.517773374915122986e-02
1.882144995033740997e-02
-2.225839160382747650e-02
-7.004573475569486618e-03
-1.109512150287628174e-02
-7.554058451205492020e-03
-2.501236833631992340e-02
-2.095885947346687317e-02
-4.265504330396652222e-02
-3.553711622953414917e-02
-1.977998577058315277e-02
-4.925023019313812256e-02
-2.462512068450450897e-02
1.444749254733324051e-02
4.155335016548633575e-03
1.045077946037054062e-02
1.918191090226173401e-02
-7.280141580849885941e-03
5.398805253207683563e-03
-4.856473766267299652e-03
-5.445903167128562927e-03
-7.665139157325029373e-03
-9.628907777369022369e-03
5.964425508864223957e-04
-3.117487207055091858e-02
5.010564252734184265e-02
2.676901221275329590e-02
4.722556844353675842e-02
2.593716792762279510e-02
3.804165124893188477e-02
1.476964168250560760e-02
9.924036450684070587e-03
3.430441394448280334e-02
1.272975094616413116e-02
3.289144858717918396e-02
6.820599664933979511e-04
4.293064773082733154e-02
6.119347363710403442e-02
-5.067202076315879822e-02
-4.570231959223747253e-02
-2.941360510885715485e-02
-9.527701884508132935e-03
-2.115806937217712402e-02
1.396708283573389053e-02
-1.336280535906553268e-02
-1.069880649447441101e-02
-3.677655011415481567e-02
-2.955200709402561188e-02
-2.061737328767776489e-02
-7.781230844557285309e-03
-2.798174507915973663e-03
7.341725751757621765e-03
5.272724106907844543e-02
-7.592211477458477020e-04
-2.006028965115547180e-02
-2.355573698878288269e-02
3.919548541307449341e-02
-1.591508276760578156e-03
-1.536347717046737671e-02
1.530720386654138565e-02
4.990513902157545090e-03
3.837994486093521118e-02
9.608678519725799561e-03
2.254124358296394348e-02
5.028253048658370972e-02
-4.823350347578525543e-03
-1.402545068413019180e-02
-3.172382339835166931e-02
-1.694235950708389282e-02
9.573956020176410675e-03
6.968954950571060181e-02
4.761744663119316101e-02
3.170965984463691711e-02
3.084572032094001770e-03
-4.447839036583900452e-02
-1.813922263681888580e-02
-1.884995959699153900e-02
-1.871510408818721771e-02
1.639434881508350372e-02
6.076205521821975708e-02
1.123000308871269226e-02
-2.358817122876644135e-02
-4.499147087335586548e-02
-5.643146857619285583e-02
-2.243516407907009125e-02
-3.142588958144187927e-02
-4.674837365746498108e-02
-2.673383336514234543e-03
3.356102108955383301e-02
2.595543861389160156e-02
-1.489592343568801880e-02
-5.333517491817474365e-02
-3.070766665041446686e-02
-2.399096079170703888e-02
-3.892846871167421341e-03
4.930118098855018616e-03
2.175700850784778595e-02
4.643183946609497070e-02
3.710822388529777527e-02
2.806230820715427399e-02
4.509398248046636581e-03
-2.635216712951660156e-02
-3.069582395255565643e-02
-1.425740122795104980e-02
5.110081657767295837e-02
3.451745724305510521e-03
4.784687235951423645e-02
4.709418863058090210e-02
2.486108429729938507e-02
-2.744500525295734406e-03
-4.312929511070251465e-02
-7.544975262135267258e-03
-2.328112348914146423e-02
-3.458102047443389893e-02
-2.038987539708614349e-02
2.556150779128074646e-02
4.556478559970855713e-02
1.780062913894653320e-02
-2.061382494866847992e-02
-3.225070983171463013e-02
-5.509855225682258606e-03
-2.304804325103759766e-02
5.783191299997270107e-04
-1.029112283140420914e-02
5.133938416838645935e-02
6.879211962223052979e-02
7.112108170986175537e-03
-4.553570970892906189e-02
-5.113576725125312805e-02
-8.892502635717391968e-03
1.098834443837404251e-03
3.140803799033164978e-02
-2.037129551172256470e-02
4.511426016688346863e-02
3.264261409640312195e-02
3.113782964646816254e-02
4.278258886188268661e-03
-3.914203867316246033e-02
1.310435216873884201e-02
-2.511063590645790100e-02
5.983309354633092880e-03
-4.977313801646232605e-02
1.457349490374326706e-02
-6.014854647219181061e-03
1.197989471256732941e-02
-1.379664801061153412e-02
-1.857790723443031311e-02
-1.475167111493647099e-03
-3.398955985903739929e-02
1.711741276085376740e-02
-3.336760774254798889e-02
4.675986245274543762e-02
3.343585506081581116e-02
3.424507007002830505e-02
4.900248022750020027e-04
1.888596266508102417e-02
1.047094725072383881e-02
-3.253522142767906189e-02
-2.540392056107521057e-02
-6.734223663806915283e-02
2.774033509194850922e-02
1.543515920639038086e-02
1.846948452293872833e-02
1.386781316250562668e-02
1.799642457626760006e-03
-1.061778049916028976e-03
-3.337223455309867859e-02
1.222823746502399445e-03
-1.466621924191713333e-02
3.113280748948454857e-03
-1.927740499377250671e-02
1.693968195468187332e-03
1.145576126873493195e-02
3.670419007539749146e-02
1.158986892551183701e-02
-3.317813202738761902e-02
-2.313949400559067726e-03
1.029822416603565216e-02
1.251344196498394012e-02
-5.397358909249305725e-02
-3.187355399131774902e-02
3.639185801148414612e-02
3.614232316613197327e-02
4.138682037591934204e-02
-1.629945077002048492e-02
-1.374512538313865662e-02
-4.129467159509658813e-02
2.030483447015285492e-02
-1.314436784014105797e-03
1.856716349720954895e-02
2.272272296249866486e-02
-6.139258854091167450e-03
2.274432592093944550e-02
-2.518218569457530975e-02
1.304031908512115479e-02
1.157120219431817532e-03
2.470436878502368927e-02
-2.162162959575653076e-02
-8.724750950932502747e-03
1.364674768410623074e-03
4.004421830177307129e-02
4.113921150565147400e-02
-2.326660417020320892e-02
-7.280978374183177948e-03
1.573159918189048767e-02
-1.915104687213897705e-02
-3.787494450807571411e-02
-3.368963673710823059e-02
1.712910644710063934e-02
8.714948780834674835e-03
8.763592690229415894e-02
3.293096274137496948e-02
3.138493746519088745e-02
-1.484693679958581924e-02
-3.814069181680679321e-02
-4.080467671155929565e-02
-4.309639334678649902e-02
-4.678478464484214783e-02
1.551530137658119202e-02
3.047600388526916504e-02
-2.083811908960342407e-02
1.164893619716167450e-02
-3.034431021660566330e-03
3.645522054284811020e-03
-1.599557697772979736e-02
2.420437289401888847e-03
6.444396916776895523e-03
-1.360427122563123703e-02
5.233478546142578125e-02
5.478105042129755020e-03
2.858900092542171478e-02
-1.198262348771095276e-02
5.254957824945449829e-03
-4.210138227790594101e-03
-5.601309239864349365e-04
-4.421576112508773804e-02
3.003848716616630554e-02
8.161924779415130615e-02
3.363476321101188660e-02
4.506812617182731628e-02
9.994889609515666962e-03
-1.159718725830316544e-02
-1.836438849568367004e-02
-2.741435356438159943e-02
-1.438534818589687347e-02
3.951395396143198013e-03
3.938217088580131531e-02
-1.478400081396102905e-02
1.436544698663055897e-03
2.981025958433747292e-03
-6.862272508442401886e-03
-2.579270116984844208e-02
-2.322463318705558777e-02
-5.401421710848808289e-02
1.783604919910430908e-02
4.205533489584922791e-02
1.555699668824672699e-02
3.590307384729385376e-02
1.075688190758228302e-02
8.242016658186912537e-03
-2.284686546772718430e-03
4.495024681091308594e-03
-1.128003280609846115e-02
-6.641115061938762665e-03
1.958378776907920837e-02
-2.406755462288856506e-03
2.553975209593772888e-02
1.538264006376266479e-02
-5.976573564112186432e-03
-4.307704046368598938e-02
-2.217339351773262024e-02
-3.522594645619392395e-02
1.392863877117633820e-02
4.614094272255897522e-02
-3.583974391222000122e-02
-2.364743128418922424e-02
3.143174806609749794e-03
9.481088258326053619e-03
-4.372996278107166290e-03
5.434605758637189865e-03
-3.209790214896202087e-02
1.039820536971092224e-02
7.822996377944946289e-02
-9.445699863135814667e-03
-1.160744344815611839e-03
2.909963391721248627e-02
-6.238518282771110535e-03
4.739341791719198227e-03
1.988094858825206757e-02
-4.768377542495727539e-02
-1.476958859711885452e-02
2.637471444904804230e-02
-2.851750142872333527e-02
9.715866297483444214e-03
1.326879765838384628e-02
6.342690903693437576e-03
2.045341534540057182e-03
-7.053583394736051559e-03
-5.683159828186035156e-02
-9.379269555211067200e-03
6.831257045269012451e-02
-2.824609912931919098e-02
-6.229131016880273819e-03
1.715818187221884727e-03
-1.407581381499767303e-02
1.091800630092620850e-02
1.276541687548160553e-02
-7.291682064533233643e-02
7.161262445151805878e-03
1.019952148199081421e-01
1.434852834790945053e-02
1.637867279350757599e-02
4.725794866681098938e-02
3.798173042014241219e-03
6.060976069420576096e-03
-8.616562001407146454e-03
-5.681929364800453186e-02
-1.663695648312568665e-02
5.238977447152137756e-02
-2.558661252260208130e-02
-2.186845429241657257e-02
1.786108128726482391e-02
-3.137065330520272255e-03
-6.678797770291566849e-03
-1.543955784291028976e-02
-4.390140622854232788e-02
-1.839501596987247467e-02
8.077209442853927612e-02
-9.407467208802700043e-03
-1.872603967785835266e-02
1.147945504635572433e-02
3.133681602776050568e-03
7.840075530111789703e-03
-9.934851899743080139e-03
-6.379173696041107178e-02
-4.143441841006278992e-02
1.952534355223178864e-02
-2.549721300601959229e-02
-2.561013773083686829e-02
-7.165339309722185135e-03
-7.960715331137180328e-03
-1.565327122807502747e-02
-4.327125474810600281e-02
-5.436262115836143494e-02
4.951803013682365417e-02
4.917291551828384399e-02
-1.807257533073425293e-02
-4.268122836947441101e-02
1.502507738769054413e-02
-3.320023790001869202e-02
-1.303418725728988647e-02
1.218036562204360962e-02
1.728189736604690552e-02
4.839856922626495361e-02
7.100285589694976807e-02
2.405033074319362640e-02
-7.765230257064104080e-03
1.280557457357645035e-02
-2.439132705330848694e-02
1.461144629865884781e-02
9.694516775198280811e-04
5.782950203865766525e-03
3.987805917859077454e-02
2.345109730958938599e-02
-2.926297485828399658e-02
-3.914273902773857117e-02
2.462928649038076401e-03
-1.720126532018184662e-02
-2.774952724575996399e-02
-1.454877946525812149e-02
2.223856002092361450e-02
2.868924848735332489e-02
1.173201482743024826e-02
-1.093586161732673645e-02
-2.956940978765487671e-02
-5.735382437705993652e-04
-1.933868043124675751e-02
7.414663559757173061e-04
-1.162531133741140366e-02
9.748373413458466530e-04
3.563143312931060791e-02
7.522122561931610107e-02
5.975715443491935730e-02
1.199455000460147858e-02
-5.467093084007501602e-03
-2.986551448702812195e-02
-1.970922574400901794e-02
-2.864260226488113403e-02
-1.364212762564420700e-02
2.918579848483204842e-03
5.113241076469421387e-02
1.836625486612319946e-02
-9.346633218228816986e-03
6.483670789748430252e-03
-1.828386820852756500e-02
1.162965968251228333e-02
-7.831419818103313446e-03
-2.159693650901317596e-02
1.385134644806385040e-02
7.926288992166519165e-03
-1.371361687779426575e-02
-2.959917299449443817e-02
-7.791652344167232513e-03
-6.716478615999221802e-03
1.119695603847503662e-02
2.679885597899556160e-03
2.540241926908493042e-03
-7.811346556991338730e-03
1.948058232665061951e-02
2.877451013773679733e-03
-1.122863031923770905e-02
4.135926067829132080e-02
7.947640493512153625e-03
2.795571275055408478e-02
-2.258438384160399437e-03
-3.513758629560470581e-02
2.941922284662723541e-03
4.527223482728004456e-02
-3.111704136244952679e-04
-4.900434240698814392e-02
-1.420218031853437424e-02
-1.575993001461029053e-02
9.170287288725376129e-03
1.538434810936450958e-02
-1.331425178796052933e-02
4.588221386075019836e-02
3.430148214101791382e-02
-1.620072126388549805e-02
-3.946699574589729309e-02
6.824708078056573868e-03
6.152198184281587601e-03
3.305802121758460999e-02
1.309802010655403137e-02
2.563885971903800964e-02
-1.607210747897624969e-02
5.757644027471542358e-02
4.385341424494981766e-03
-5.381095036864280701e-02
-1.198108959943056107e-02
8.096210658550262451e-03
2.697968669235706329e-02
5.136109888553619385e-03
-4.797093197703361511e-02
3.326301649212837219e-02
2.300151251256465912e-02
-3.586859628558158875e-02
-4.820192977786064148e-02
1.374759804457426071e-02
8.698579855263233185e-03
2.617275714874267578e-02
1.727303676307201385e-02
9.387160651385784149e-03
-1.100045163184404373e-02
6.117811892181634903e-03
-4.028896242380142212e-02
-3.328350186347961426e-02
-2.218863368034362793e-02
2.423005877062678337e-03
1.251885574311017990e-02
-7.311369990929961205e-04
1.050885394215583801e-02
1.671704463660717010e-02
2.302884496748447418e-02
-2.860256470739841461e-03
1.815677806735038757e-02
-3.709075972437858582e-02
-2.169789979234337807e-03
6.440539378672838211e-03
1.330418325960636139e-02
1.752291060984134674e-02
-1.795197022147476673e-03
-2.149221114814281464e-02
-4.335531964898109436e-02
-2.476128749549388885e-02
-6.706051528453826904e-03
-1.729218661785125732e-02
6.496152374893426895e-03
9.647107683122158051e-03
-3.942819312214851379e-03
-2.689830027520656586e-03
8.731385692954063416e-03
2.871524356305599213e-02
2.404286153614521027e-02
-1.721397973597049713e-02
-2.561852335929870605e-02
-6.325679831206798553e-03
2.224237471818923950e-02
-1.603933051228523254e-02
2.767584100365638733e-02
5.151400342583656311e-02
-1.672039180994033813e-02
1.018791086971759796e-02
-4.149825870990753174e-02
-7.882270030677318573e-03
-7.976940833032131195e-03
3.405607305467128754e-03
-1.988943404285237193e-05
-3.892290114890784025e-04
4.558830335736274719e-02
-2.121385373175144196e-02
-7.345286197960376740e-03
1.801153644919395447e-02
-1.256501488387584686e-02
-1.437100768089294434e-02
-1.513152848929166794e-02
-2.094633877277374268e-02
-1.532213296741247177e-03
3.824296593666076660e-02
-8.758480660617351532e-03
1.065966207534074783e-03
-5.721884593367576599e-02
-3.190143033862113953e-02
-1.389249693602323532e-02
1.246907468885183334e-02
-3.448668122291564941e-02
2.686582738533616066e-03
5.430489778518676758e-02
-5.216927733272314072e-03
-6.533832289278507233e-03
-4.074140265583992004e-02
-4.128850623965263367e-02
-3.103099996224045753e-03
-4.273720551282167435e-03
-3.342144563794136047e-02
1.976018399000167847e-02
-5.361864343285560608e-03
-7.132209721021354198e-04
3.343420394230633974e-04
9.657213464379310608e-03
1.013507600873708725e-03
-2.164859138429164886e-02
-2.461970970034599304e-02
1.662257127463817596e-02
7.291707675904035568e-03
-1.809544302523136139e-02
-2.660529688000679016e-03
-6.225633434951305389e-03
1.493396889418363571e-02
2.130383998155593872e-02
-4.789136350154876709e-03
4.772040527313947678e-03
1.537803001701831818e-02
-2.077374665532261133e-05
-3.092868067324161530e-02
3.713041776791214943e-03
-2.591973403468728065e-03
-2.299805730581283569e-02
-1.178016792982816696e-02
-1.622488349676132202e-02
-1.415495947003364563e-02
1.337095070630311966e-02
-1.644055824726819992e-03
-1.622962998226284981e-03
2.167994529008865356e-02
-1.336486544460058212e-02
-1.686995476484298706e-02
2.186222467571496964e-03
2.017305418848991394e-02
1.505999080836772919e-02
-9.036108851432800293e-03
1.920222118496894836e-02
-2.420197799801826477e-02
-6.468748208135366440e-03
-1.198014523833990097e-02
-5.485145957209169865e-04
2.213748358190059662e-02
2.126157283782958984e-03
7.832234841771423817e-04
1.710147038102149963e-02
2.531999163329601288e-02
-2.378975274041295052e-03
1.750352908857166767e-03
-1.272521819919347763e-02
1.372009422630071640e-02
4.732095450162887573e-02
3.467963635921478271e-02
9.340344928205013275e-03
4.608771204948425293e-02
-2.248330786824226379e-02
9.658445604145526886e-03
2.270921505987644196e-02
-1.472504995763301849e-02
-1.801532693207263947e-02
-3.085637930780649185e-03
-5.457149818539619446e-03
1.566724269650876522e-03
-2.753607928752899170e-02
-6.171405781060457230e-03
-3.801348851993680000e-03
-8.353955112397670746e-03
-1.141930557787418365e-02
-1.204542163759469986e-02
-1.079746987670660019e-02
-5.476263468153774738e-04
-5.349132698029279709e-04
-6.249346770346164703e-03
-1.366686890833079815e-03
2.502171322703361511e-03
2.877793041989207268e-03
-2.071737684309482574e-02
2.012166753411293030e-02
3.144485875964164734e-02
2.730602025985717773e-02
1.626408076845109463e-03
1.573209650814533234e-02
2.481655590236186981e-02
8.902436122298240662e-03
1.125517487525939941e-02
-2.849462255835533142e-02
1.665698736906051636e-02
3.579023480415344238e-02
4.992368817329406738e-02
1.974582113325595856e-02
1.655329577624797821e-02
-4.726499319076538086e-03
-2.674190560355782509e-03
-1.298814453184604645e-02
-1.514021493494510651e-02
1.441655767848715186e-04
-1.122055388987064362e-02
4.561176057904958725e-03
-2.292916178703308105e-02
-2.175569348037242889e-02
-6.150069646537303925e-03
1.971988938748836517e-02
-1.778615079820156097e-02
-2.053289115428924561e-02
-2.581778215244412422e-03
-9.751086123287677765e-03
2.027685381472110748e-02
-8.656615391373634338e-03
-1.473647821694612503e-02
6.733611226081848145e-03
1.167576108127832413e-02
-1.113746035844087601e-02
-3.638079762458801270e-02
1.189225725829601288e-02
3.853282704949378967e-02
5.045404285192489624e-02
2.275334857404232025e-02
-6.421322468668222427e-04
7.921884767711162567e-03
2.821306139230728149e-02
-1.304599829018115997e-02
-2.782597020268440247e-02
-1.397727988660335541e-03
6.929032504558563232e-02
1.206392049789428711e-01
4.964927956461906433e-02
-1.651143282651901245e-02
-3.223064169287681580e-02
8.122669532895088196e-04
-3.480200469493865967e-02
-3.263984620571136475e-02
9.180870838463306427e-03
1.449037343263626099e-02
4.104828462004661560e-02
6.496214773505926132e-03
-3.686157986521720886e-02
-2.848828583955764771e-02
-2.063080295920372009e-02
-4.502030834555625916e-02
-5.415994673967361450e-02
-9.845740161836147308e-03
1.759433373808860779e-02
5.671121180057525635e-02
1.702531799674034119e-02
-2.126336283981800079e-02
1.614394038915634155e-02
2.231635898351669312e-02
-2.089980058372020721e-02
-6.339728366583585739e-03
-4.905743524432182312e-02
2.466118149459362030e-02
5.215559154748916626e-02
5.632223933935165405e-02
2.060726284980773926e-02
6.367535889148712158e-02
3.499628975987434387e-02
-1.919159293174743652e-02
-2.016349509358406067e-02
-6.103900447487831116e-02
4.896253813058137894e-03
2.817818522453308105e-02
4.439400881528854370e-02
4.597129672765731812e-02
-2.270044386386871338e-02
-2.099200710654258728e-02
-4.843135923147201538e-02
-2.393427863717079163e-02
-3.033922612667083740e-02
5.442417226731777191e-03
1.552681438624858856e-02
8.506990037858486176e-03
-2.696971967816352844e-02
-1.084937155246734619e-02
-4.662661813199520111e-03
-5.161909013986587524e-02
-2.932405658066272736e-02
-4.306331276893615723e-02
-9.356998838484287262e-03
-3.440077882260084152e-03
-2.494166139513254166e-03
-8.109118789434432983e-03
4.622453451156616211e-02
4.875171929597854614e-02
-3.997219260782003403e-03
-2.398403547704219818e-02
-6.371124833822250366e-02
8.839800022542476654e-03
-2.574476879090070724e-03
1.268412824720144272e-02
2.458458021283149719e-02
-1.668439246714115143e-02
-2.169318730011582375e-03
-2.649807743728160858e-02
7.462586654582992196e-05
-6.679188925772905350e-03
2.641805075109004974e-02
1.234173309057950974e-02
2.045552432537078857e-02
-1.753153163008391857e-03
-1.440302282571792603e-02
-1.728712668409571052e-04
-2.255080267786979675e-02
-1.913309469819068909e-02
-5.539520457386970520e-02
-1.831900887191295624e-02
-2.645996771752834320e-02
4.298197571188211441e-03
-3.512964770197868347e-02
-7.048518955707550049e-02
-4.622289538383483887e-02
-1.453089900314807892e-02
-5.773737560957670212e-03
-2.181110717356204987e-02
1.870272122323513031e-02
-1.793895899027120322e-05
1.587269129231572151e-03
-6.044074147939682007e-02
9.157830849289894104e-03
3.267280058935284615e-03
-1.740910299122333527e-02
7.072460372000932693e-03
7.539424579590559006e-03
9.668121114373207092e-03
1.441892236471176147e-02
3.968152776360511780e-02
9.922888129949569702e-03
-9.025175124406814575e-03
2.239115163683891296e-02
-7.392139639705419540e-03
8.173970505595207214e-03
-3.566691279411315918e-02
-1.264436868950724602e-03
5.321490112692117691e-03
1.443525683134794235e-02
-2.226057462394237518e-02
-5.329103767871856689e-02
-3.962060436606407166e-02
-1.016197353601455688e-02
6.538969464600086212e-03
2.694913186132907867e-03
1.680824533104896545e-02
1.397823635488748550e-02
1.963861845433712006e-02
-5.214874446392059326e-02
-4.397184774279594421e-02
-1.363033242523670197e-02
-1.360706426203250885e-02
9.925314225256443024e-03
-4.349242523312568665e-02
-1.366756111383438110e-02
5.679741967469453812e-03
9.629119187593460083e-03
-3.283144161105155945e-02
3.747636219486594200e-03
2.978894114494323730e-02
-1.039435900747776031e-02
1.251774653792381287e-02
-7.035443559288978577e-03
-4.524733405560255051e-03
-1.175751443952322006e-02
4.559041117317974567e-04
-8.639527484774589539e-03
-1.493410207331180573e-02
1.029368955641984940e-02
-8.870412595570087433e-03
2.088582515716552734e-02
9.022067533805966377e-04
-1.227028667926788330e-02
-3.623365983366966248e-02
6.187252700328826904e-03
1.096562366001307964e-03
-1.771612279117107391e-02
4.011727578472346067e-04
-9.099115268327295780e-04
1.376398373395204544e-02
-1.641086302697658539e-03
-1.698806136846542358e-02
-2.659613452851772308e-02
2.286568982526659966e-03
-6.148644257336854935e-03
-3.821610705927014351e-03
4.518489819020032883e-03
-7.423113100230693817e-03
3.837567754089832306e-03
5.914451554417610168e-03
-3.339901939034461975e-02
-4.529690742492675781e-02
2.178858406841754913e-02
3.325587511062622070e-02
-2.091760002076625824e-02
1.261977851390838623e-02
-3.697624430060386658e-02
1.502387318760156631e-02
-1.819262630306184292e-03
-2.165749482810497284e-02
-4.672534298151731491e-03
8.262069895863533020e-03
-3.378611057996749878e-02
-1.828246191143989563e-02
3.514472022652626038e-02
-4.207246750593185425e-02
-1.433084532618522644e-02
-2.310680039227008820e-02
-3.172220289707183838e-02
1.007440220564603806e-02
-1.962979877134785056e-04
-3.057724237442016602e-02
2.417142316699028015e-02
2.604304254055023193e-02
-1.873439922928810120e-02
2.886316366493701935e-02
1.444725692272186279e-02
-2.027694880962371826e-02
-1.398567948490381241e-02
3.703041374683380127e-02
9.999198839068412781e-03
3.411842882633209229e-02
3.718301281332969666e-02
-2.869783900678157806e-02
3.773855743929743767e-03
-1.059774495661258698e-02
-2.365550771355628967e-02
-1.222631242126226425e-02
-1.433418598026037216e-02
-4.596685525029897690e-03
1.073799096047878265e-02
5.898694694042205811e-02
1.542729418724775314e-02
-2.471749298274517059e-02
1.296118833124637604e-02
-1.962194032967090607e-02
-7.453619968146085739e-03
-1.488798297941684723e-02
-2.258449792861938477e-02
-1.754946820437908173e-02
1.082995627075433731e-02
-7.138483691960573196e-03
-2.531035244464874268e-02
1.161538250744342804e-02
-1.158756110817193985e-02
-1.313860993832349777e-02
-2.632944099605083466e-02
-1.360989082604646683e-02
2.251936681568622589e-02
4.110482335090637207e-02
-7.674912456423044205e-03
-8.437010110355913639e-04
2.314760349690914154e-02
-1.670001260936260223e-02
-1.069201156497001648e-02
-1.591924764215946198e-02
1.454337616451084614e-03
-1.707894727587699890e-02
-5.797099322080612183e-03
-2.209104783833026886e-02
-5.415257532149553299e-03
1.911804266273975372e-02
2.602871879935264587e-02
5.360270384699106216e-03
2.175529859960079193e-02
2.095259353518486023e-02
3.040487878024578094e-02
7.210740819573402405e-03
-1.887707412242889404e-02
-2.274842187762260437e-02
3.225367283448576927e-03
8.097357349470257759e-04
6.956484634429216385e-03
7.538782432675361633e-03
2.011469379067420959e-02
1.743185147643089294e-02
-3.772736818064004183e-04
-2.092906646430492401e-02
-2.718416042625904083e-02
-3.694293275475502014e-02
-6.646814756095409393e-03
1.441953331232070923e-02
-7.892091525718569756e-04
-1.058831997215747833e-02
-6.501952651888132095e-03
-1.942213624715805054e-02
-1.004295423626899719e-02
2.610162599012255669e-03
5.322174355387687683e-02
4.228255897760391235e-02
4.185468703508377075e-02
3.868074342608451843e-02
3.591596707701683044e-02
-5.956538734608329833e-05
-2.782768011093139648e-02
-1.380113326013088226e-02
1.613725349307060242e-02
2.182272262871265411e-02
3.560130950063467026e-03
2.205731719732284546e-02
1.018512900918722153e-02
-7.364299148321151733e-03
-3.311834007035940886e-04
-2.418078016489744186e-03
-1.368559990078210831e-02
-2.855579182505607605e-02
-1.973120681941509247e-02
-5.760681815445423126e-03
3.110591322183609009e-02
-9.396368404850363731e-04
-1.631183363497257233e-02
-2.108244597911834717e-02
1.968696480616927147e-03
8.702241815626621246e-03
1.810573041439056396e-02
3.060127422213554382e-02
-1.065918337553739548e-02
6.451278179883956909e-02
3.011263720691204071e-02
-3.037006966769695282e-02
1.748941722325980663e-03
-2.445766888558864594e-02
-4.533169791102409363e-03
-8.356595411896705627e-03
-6.447204388678073883e-03
-9.296418167650699615e-03
3.713219985365867615e-02
1.476265583187341690e-02
3.370073623955249786e-03
1.975921355187892914e-02
-6.646058522164821625e-03
3.051756322383880615e-02
-3.835137002170085907e-03
5.384009331464767456e-03
-2.930777147412300110e-02
3.822455555200576782e-02
2.755075320601463318e-02
1.439800951629877090e-02
-2.800206094980239868e-02
2.335955575108528137e-02
-6.535428110510110855e-03
-7.025346625596284866e-03
-1.199008617550134659e-02
-1.892146468162536621e-02
4.116541147232055664e-02
1.787864975631237030e-02
-4.645019397139549255e-02
1.042403653264045715e-02
7.206583861261606216e-03
-1.282325945794582367e-02
-1.985150389373302460e-02
1.194155216217041016e-02
-2.879338106140494347e-03
5.140707269310951233e-02
2.024823985993862152e-02
4.784101154655218124e-03
9.614082984626293182e-03
1.778133097104728222e-03
2.751511335372924805e-02
-9.061952121555805206e-03
-5.345946177840232849e-02
-3.370116651058197021e-02
1.365693751722574234e-02
9.466590359807014465e-03
9.763069450855255127e-03
5.242529138922691345e-02
3.347855433821678162e-02
4.136080294847488403e-02
1.028168597258627415e-03
-1.263920217752456665e-02
-3.252930240705609322e-03
1.796461455523967743e-02
1.719622127711772919e-02
3.189262375235557556e-02
2.801205962896347046e-03
-1.519852411001920700e-02
-2.068457566201686859e-02
-1.763599552214145660e-02
-1.485638879239559174e-02
-1.499303989112377167e-02
-5.106881726533174515e-03
4.946304950863122940e-03
1.018140744417905807e-02
-8.569494821131229401e-03
4.101825505495071411e-02
2.212874218821525574e-02
1.730372011661529541e-02
-2.816311642527580261e-02
-1.636026985943317413e-02
-1.456511765718460083e-02
2.050164528191089630e-02
-8.817400783300399780e-03
3.767599537968635559e-02
1.879791542887687683e-02
-9.352299384772777557e-03
-2.454866282641887665e-02
-2.775845862925052643e-02
7.737468695268034935e-04
-1.909271068871021271e-02
2.060412801802158356e-02
1.839137752540409565e-03
1.694634556770324707e-02
5.465438961982727051e-02
-1.078471890650689602e-03
-1.477510551922023296e-03
-5.122708622366189957e-03
8.707658387720584869e-03
-1.353357452899217606e-02
2.346664667129516602e-02
-1.368450094014406204e-02
-2.051210496574640274e-03
4.596025869250297546e-02
1.006184890866279602e-02
-4.781045718118548393e-04
-2.383360639214515686e-02
-1.080264244228601456e-02
-2.595833735540509224e-03
2.164968289434909821e-02
-1.568513363599777222e-02
1.481291744858026505e-02
5.065344646573066711e-02
3.842409641947597265e-04
6.201176904141902924e-03
-8.023806847631931305e-03
-2.245031856000423431e-02
1.627120375633239746e-02
6.697000470012426376e-03
-2.573559060692787170e-02
9.310592897236347198e-03
5.293117091059684753e-02
1.775729283690452576e-02
-3.751453710719943047e-03
-1.242993120104074478e-02
7.087932433933019638e-03
-1.951698027551174164e-02
1.347018126398324966e-02
4.443713463842868805e-03
7.982885465025901794e-03
2.992969937622547150e-02
-8.804421871900558472e-03
2.756561152637004852e-02
1.412258762866258621e-02
3.414153819903731346e-03
-2.755662053823471069e-02
-1.876727864146232605e-02
-2.202165126800537109e-02
3.168208152055740356e-02
-1.499637961387634277e-02
6.653902120888233185e-03
-7.115035317838191986e-03
-4.589854925870895386e-02
-2.523996494710445404e-02
-5.560079123824834824e-03
-8.587708696722984314e-03
2.090541273355484009e-02
3.739161416888237000e-02
2.241736091673374176e-02
2.034010365605354309e-02
-1.488870382308959961e-02
-2.957487665116786957e-02
-2.077504992485046387e-02
2.803917229175567627e-02
2.992730773985385895e-02
1.725859940052032471e-02
7.355489581823348999e-02
1.796616427600383759e-02
-8.473654277622699738e-03
-7.473100908100605011e-03
-5.260065197944641113e-02
-2.126380428671836853e-02
-1.775595732033252716e-02
-3.545365482568740845e-02
3.581484407186508179e-02
5.723129957914352417e-02
3.034400939941406250e-02
1.416911091655492783e-02
-7.496567908674478531e-03
-5.032118782401084900e-02
-1.784312166273593903e-02
8.553215302526950836e-03
-9.064545156434178352e-04
3.050843812525272369e-02
-7.178356871008872986e-03
1.258808560669422150e-02
4.634415265172719955e-03
-1.331365667283535004e-02
-4.844443174079060555e-04
-1.289371307939291000e-02
-4.815347027033567429e-03
1.235312689095735550e-02
-9.588104672729969025e-03
8.452025242149829865e-03
8.192357607185840607e-03
-1.590484753251075745e-04
-1.169963181018829346e-02
2.442119829356670380e-02
-1.161777134984731674e-02
-1.764838956296443939e-02
-2.625604160130023956e-02
-3.580908477306365967e-02
-4.869819618761539459e-03
4.300623200833797455e-03
-2.923400606960058212e-03
-1.549039315432310104e-02
1.027767080813646317e-02
4.043115302920341492e-03
3.445777343586087227e-03
-5.861877580173313618e-04
-2.578484592959284782e-03
2.132978476583957672e-02
-6.404872983694076538e-03
1.120981643907725811e-03
-1.236212626099586487e-02
3.465827926993370056e-02
1.025596912950277328e-02
-4.185054916888475418e-03
-2.427235804498195648e-02
-1.263085566461086273e-02
3.394201397895812988e-02
3.457063809037208557e-02
6.228362210094928741e-03
-1.497026067227125168e-02
2.048756368458271027e-02
-1.469779852777719498e-02
-1.593497232533991337e-03
-4.405305162072181702e-02
-1.748841814696788788e-02
5.847802851349115372e-03
4.174890741705894470e-02
-9.562180377542972565e-03
-9.613994508981704712e-03
5.487338174134492874e-03
-5.413786973804235458e-03
1.814570464193820953e-02
-2.069285139441490173e-02
-4.286675155162811279e-02
2.745763771235942841e-02
-8.693483658134937286e-03
-1.857995404861867428e-03
-1.710384385660290718e-03
5.047102645039558411e-02
2.841847483068704605e-03
-1.481904275715351105e-02
-3.096234053373336792e-02
-2.236380428075790405e-02
-1.757960952818393707e-02
-9.931503795087337494e-03
-9.900507517158985138e-03
5.118114873766899109e-03
5.348997563123703003e-02
4.626614041626453400e-03
-1.385593786835670471e-02
-8.884311653673648834e-03
-5.175638943910598755e-02
5.236596800386905670e-03
1.017265859991312027e-02
-3.325197473168373108e-02
-1.511993445456027985e-02
8.082224056124687195e-03
-3.288776380941271782e-03
4.563859477639198303e-02
3.594613075256347656e-02
4.462695505935698748e-04
5.003788322210311890e-02
-2.996099554002285004e-02
-3.314817324280738831e-02
-3.614228963851928711e-02
-2.349215000867843628e-02
-2.213603071868419647e-02
4.014579951763153076e-02
4.264914244413375854e-02
3.718646615743637085e-02
-2.040961757302284241e-02
-8.515398018062114716e-03
-1.279058586806058884e-02
5.887792911380529404e-03
2.983364649116992950e-02
-1.637764158658683300e-03
-5.601891782134771347e-03
-6.147695239633321762e-03
-2.566256932914257050e-02
1.566512323915958405e-02
-4.521037265658378601e-02
-1.137669314630329609e-03
-4.728904925286769867e-03
2.670032903552055359e-02
-4.053585603833198547e-02
-1.109562907367944717e-02
1.538622379302978516e-02
1.619806885719299316e-02
3.264584019780158997e-02
-1.963685452938079834e-02
-3.409143909811973572e-02
-1.269697211682796478e-02
-5.065183620899915695e-03
-2.361223474144935608e-02
1.196203287690877914e-02
2.135736495256423950e-02
1.731014065444469452e-02
3.199295699596405029e-02
1.562379207462072372e-02
-3.416967391967773438e-02
-1.381079386919736862e-02
4.477714188396930695e-03
-2.649732492864131927e-02
1.520654931664466858e-02
2.375057898461818695e-02
2.231916785240173340e-02
-5.236953962594270706e-03
-4.331037774682044983e-02
-7.166165858507156372e-03
-3.998781554400920868e-03
2.817073464393615723e-02
-4.160121455788612366e-02
-5.952163599431514740e-03
2.142125181853771210e-02
1.700099557638168335e-02
4.340983286965638399e-04
-5.488226190209388733e-03
-6.277578882873058319e-03
2.576822414994239807e-03
1.967049017548561096e-02
-3.141574189066886902e-02
-1.792231015861034393e-02
6.368936505168676376e-03
-9.250217117369174957e-03
9.636315517127513885e-03
1.703208079561591148e-03
-2.259421534836292267e-02
-1.799667999148368835e-02
-2.364593930542469025e-02
-2.064418420195579529e-02
1.494140736758708954e-02
2.201739884912967682e-02
-8.333608857356011868e-04
-1.314687635749578476e-02
-1.511156558990478516e-03
2.787186577916145325e-02
9.722301736474037170e-03
-5.442046094685792923e-03
1.587615907192230225e-02
5.567010119557380676e-02
5.230288207530975342e-02
-1.257873605936765671e-02
1.126440055668354034e-02
-2.448762580752372742e-02
-3.547980263829231262e-02
-3.588480758480727673e-04
-1.617329753935337067e-02
-1.223143842071294785e-02
6.682069506496191025e-03
-2.117928816005587578e-03
1.019766787067055702e-03
5.339547526091337204e-03
-2.772387303411960602e-02
-1.478971820324659348e-02
1.423711143434047699e-02
2.551705949008464813e-02
2.820320241153240204e-02
1.189459115266799927e-02
-1.543932221829891205e-02
-4.080714657902717590e-03
-4.913801327347755432e-02
-3.529644012451171875e-02
8.995224721729755402e-03
2.436622790992259979e-02
-7.097406196407973766e-04
2.446264028549194336e-02
2.899530902504920959e-02
2.427283488214015961e-02
-2.508605271577835083e-02
6.214150227606296539e-03
-3.325462341308593750e-02
-2.581395208835601807e-02
1.777076348662376404e-02
-3.356349840760231018e-02
-3.027310303878039122e-04
1.989625394344329834e-02
3.229121118783950806e-02
1.429701223969459534e-02
-2.625128813087940216e-02
-2.459411509335041046e-02
-8.349529234692454338e-04
3.504348918795585632e-02
2.636365406215190887e-02
1.992328837513923645e-02
-3.227858617901802063e-02
-3.051342442631721497e-02
-3.330338001251220703e-02
-6.597922649234533310e-03
-2.145136706531047821e-02
-1.368724275380373001e-02
2.745416760444641113e-02
2.619949728250503540e-02
5.816390737891197205e-03
-2.795675955712795258e-02
-1.734185591340065002e-02
-1.795810647308826447e-02
2.420056611299514771e-02
-1.086385082453489304e-02
-6.417979486286640167e-03
1.679472438991069794e-02
-1.903301477432250977e-02
-2.798382937908172607e-02
-1.386321801692247391e-02
1.740098372101783752e-02
2.146714553236961365e-02
4.206544533371925354e-02
-1.163530861958861351e-03
-2.877824008464813232e-02
4.872689023613929749e-03
-3.290080279111862183e-02
-5.566741153597831726e-02
-5.027399584650993347e-02
9.944512508809566498e-03
4.808169975876808167e-02
-3.392912447452545166e-02
-2.598178945481777191e-02
-1.747642643749713898e-02
2.438648790121078491e-02
2.412408404052257538e-02
-1.511684712022542953e-02
-1.033624541014432907e-02
4.053568933159112930e-03
-3.086443245410919189e-02
-2.516025677323341370e-02
-2.917305566370487213e-02
-3.934552893042564392e-02
1.948359236121177673e-02
1.744341664016246796e-02
-3.788224607706069946e-02
-7.323530036956071854e-03
1.357205770909786224e-02
4.886646755039691925e-03
4.379004240036010742e-02
4.197766259312629700e-02
8.488988503813743591e-03
3.848257660865783691e-02
-2.056881226599216461e-02
-3.190512955188751221e-02
-3.939077258110046387e-02
1.044967770576477051e-02
2.384798787534236908e-02
1.451833546161651611e-02
3.624095767736434937e-02
-1.011578924953937531e-02
1.285955682396888733e-02
-1.722814142704010010e-02
-1.337491348385810852e-02
-2.456234022974967957e-02
-1.811967045068740845e-02
-1.303824130445718765e-02
-5.077167600393295288e-02
-4.803509917110204697e-03
8.177178911864757538e-03
2.570885978639125824e-02
7.981086149811744690e-03
-1.853450201451778412e-02
-2.282555587589740753e-02
-3.410988021641969681e-03
-2.583718113601207733e-02
-7.185675948858261108e-02
-2.988806925714015961e-02
-1.112567260861396790e-02
7.732053287327289581e-03
1.816104911267757416e-02
5.331798922270536423e-03
-9.324294514954090118e-03
4.172666522208601236e-04
-5.139969661831855774e-02
2.201064117252826691e-02
2.369673177599906921e-02
-1.084698550403118134e-02
1.095198839902877808e-02
1.668999157845973969e-02
-1.961023919284343719e-02
1.128388568758964539e-03
-1.191058848053216934e-02
-2.303381188539788127e-04
-4.150489345192909241e-03
-1.663002558052539825e-02
-1.045690476894378662e-02
3.675953717902302742e-03
1.096428837627172470e-02
2.041166089475154877e-02
1.606643758714199066e-02
2.686347439885139465e-02
2.967765368521213531e-02
-5.620859190821647644e-02
-3.218061104416847229e-02
-1.373116765171289444e-02
9.706788696348667145e-03
5.590004101395606995e-02
1.767032896168529987e-03
2.735773660242557526e-02
4.281567875295877457e-03
-2.060318551957607269e-02
-3.552819415926933289e-02
-3.691735491156578064e-02
-1.778184995055198669e-02
6.260451860725879669e-03
2.436317317187786102e-02
6.421933416277170181e-03
3.465068340301513672e-02
5.252490285784006119e-03
-4.368863999843597412e-03
2.000016625970602036e-03
-1.707338914275169373e-02
-2.077710255980491638e-02
3.165374509990215302e-03
2.981247007846832275e-02
3.059148602187633514e-02
8.724399842321872711e-03
2.411633357405662537e-02
2.953904308378696442e-02
1.365118846297264099e-02
-1.356941182166337967e-02
-3.007376752793788910e-02
3.808843903243541718e-03
-1.631260663270950317e-02
-1.154506672173738480e-02
5.550139583647251129e-03
1.131244841963052750e-02
1.394493319094181061e-02
-4.766226746141910553e-03
-8.926682174205780029e-03
-8.802982047200202942e-03
-1.990260556340217590e-03
1.311851851642131805e-02
4.988738335669040680e-03
3.839263319969177246e-02
2.168995141983032227e-02
1.565459929406642914e-02
1.304060406982898712e-02
-1.007260102778673172e-02
7.666546734981238842e-04
-4.960906226187944412e-03
-8.595974184572696686e-03
-1.384522952139377594e-02
9.784935973584651947e-03
2.992091514170169830e-02
3.595981746912002563e-02
1.505144219845533371e-02
-2.197367139160633087e-02
-1.313078776001930237e-02
-5.335765425115823746e-03
-1.725419051945209503e-02
-1.581955328583717346e-02
3.021341515704989433e-03
4.600540269166231155e-03
2.231091493740677834e-03
2.073657885193824768e-02
-5.445893388241529465e-03
1.100215828046202660e-03
-9.582441300153732300e-03
-2.662074519321322441e-03
-1.649578846991062164e-02
-7.315227296203374863e-03
-2.094499766826629639e-03
7.520647253841161728e-03
9.142409078776836395e-03
1.670647412538528442e-02
1.876813359558582306e-02
-6.007138174027204514e-03
-1.890998450107872486e-03
-2.602510154247283936e-02
-2.514626458287239075e-02
-1.972264144569635391e-03
1.423896849155426025e-02
1.596643775701522827e-02
3.200000151991844177e-02
2.062391489744186401e-02
9.248232236132025719e-04
9.450138546526432037e-03
-2.018836140632629395e-02
-4.839144239667803049e-04
-6.692853290587663651e-03
8.377853373531252146e-05
3.108875453472137451e-02
2.578640822321176529e-03
-1.093137776479125023e-03
-1.018593646585941315e-02
-3.516047075390815735e-02
-1.672828383743762970e-02
5.793118383735418320e-03
8.077291771769523621e-03
2.686094492673873901e-02
4.885696619749069214e-02
2.357775345444679260e-02
2.218918502330780029e-02
-7.476526661776006222e-04
-3.460166603326797485e-02
-7.388168014585971832e-03
-2.296574646607041359e-03
2.087438665330410004e-02
3.365630656480789185e-02
-2.428602194413542747e-03
1.006544567644596100e-03
1.443397137336432934e-03
6.816994398832321167e-03
-1.427698042243719101e-02
-2.224675379693508148e-02
1.454476267099380493e-02
8.780394680798053741e-03
5.658147856593132019e-03
1.386343687772750854e-02
-8.922119624912738800e-03
-1.091732364147901535e-02
1.511899847537279129e-02
4.777563735842704773e-03
-1.333436928689479828e-02
5.167311988770961761e-03
2.396943792700767517e-02
2.718738652765750885e-02
4.227693378925323486e-02
1.398131623864173889e-02
3.855661023408174515e-03
-1.020457874983549118e-02
-3.551127761602401733e-02
1.064996793866157532e-02
1.008152263239026070e-03
3.456610441207885742e-02
2.023997902870178223e-02
9.245210327208042145e-03
2.550483494997024536e-02
1.888940809294581413e-03
-7.158257532864809036e-03
-2.277666144073009491e-02
3.572083264589309692e-02
2.555446699261665344e-02
4.536184296011924744e-02
1.082855556160211563e-02
-3.497015859466046095e-04
-1.854254491627216339e-02
-1.424801908433437347e-02
1.332297176122665405e-02
-4.980198293924331665e-02
-1.246773917227983475e-02
-4.433890804648399353e-03
1.799217611551284790e-02
1.301610469818115234e-02
8.437586948275566101e-03
-1.572215370833873749e-02
-1.224394701421260834e-02
4.760816227644681931e-03
-3.747454285621643066e-02
2.824236080050468445e-02
1.081902440637350082e-02
1.656989939510822296e-02
2.435945719480514526e-02
4.419674165546894073e-03
1.803560182452201843e-02
-1.080881804227828979e-02
-2.277270890772342682e-02
-4.289575293660163879e-02
1.378339156508445740e-02
-1.768173836171627045e-02
1.759838312864303589e-02
2.435461059212684631e-02
2.127461321651935577e-02
2.134168520569801331e-02
4.911273717880249023e-03
1.488574407994747162e-02
-5.743754096329212189e-03
1.195718813687562943e-02
-3.729491680860519409e-02
-1.078546419739723206e-02
1.534627750515937805e-02
5.435130093246698380e-03
7.342719472944736481e-03
-1.761043071746826172e-02
-9.738981723785400391e-03
-1.731172576546669006e-02
2.631143853068351746e-02
-2.579126507043838501e-02
1.356129418127238750e-03
8.227430284023284912e-03
4.686413332819938660e-03
1.383757032454013824e-02
-1.089090295135974884e-02
1.170953921973705292e-02
-3.138159587979316711e-02
2.497299201786518097e-02
-3.956191707402467728e-03
1.509549468755722046e-02
2.226656302809715271e-02
-3.658057451248168945e-01
