5.359385907649993896e-02
-1.472145467996597290e-01
-5.532170087099075317e-02
5.077306926250457764e-02
1.154708117246627808e-01
-4.268803820013999939e-02
4.635833948850631714e-02
-5.468199029564857483e-02
8.232083916664123535e-02
1.042406782507896423e-01
-2.294518053531646729e-02
1.108518987894058228e-02
1.378692965954542160e-02
1.119351014494895935e-01
1.268418040126562119e-02
8.528345823287963867e-02
-6.309238821268081665e-02
1.305463314056396484e-01
8.100728690624237061e-02
-5.209739133715629578e-02
-4.315529018640518188e-02
9.341383725404739380e-02
1.103502586483955383e-01
-7.596217840909957886e-02
-5.517511069774627686e-02
-4.465296119451522827e-02
2.947334013879299164e-02
4.555536061525344849e-02
-3.559544915333390236e-03
7.818955928087234497e-02
7.730990648269653320e-02
7.890714704990386963e-02
6.222892925143241882e-02
9.001380205154418945e-02
-3.574381023645401001e-02
3.414326906204223633e-02
5.677257850766181946e-02
-4.773581027984619141e-02
3.746636956930160522e-02
-3.521174937486648560e-02
6.955440342426300049e-02
-3.849038109183311462e-02
1.052292995154857635e-02
1.736111938953399658e-02
1.086770966649055481e-01
8.748853206634521484e-02
3.297396237030625343e-03
1.090702787041664124e-01
7.913757860660552979e-02
1.039306968450546265e-01
2.091866917908191681e-02
1.159402206540107727e-01
1.318241953849792480e-01
9.879353642463684082e-02
5.362709984183311462e-02
-6.745391339063644409e-02
-7.012607529759407043e-03
5.247021559625864029e-03
3.236255049705505371e-02
1.407916005700826645e-02
2.207982912659645081e-02
2.537322044372558594e-02
4.547948017716407776e-02
7.200755923986434937e-02
3.129893913865089417e-02
-6.274467706680297852e-02
2.107013948261737823e-02
6.035207957029342651e-02
8.636236190795898438e-02
4.531641025096178055e-03
2.193363010883331299e-02
2.309801056981086731e-02
5.568166077136993408e-02
-2.645093016326427460e-02
4.448695108294487000e-02
2.837518975138664246e-02
8.975694328546524048e-02
4.461516067385673523e-02
8.975355327129364014e-02
7.514391094446182251e-02
2.306981943547725677e-02
1.041008383035659790e-01
6.368385255336761475e-02
5.943464115262031555e-02
4.584205802530050278e-03
5.220336839556694031e-02
6.675851345062255859e-02
8.358568698167800903e-02
6.712100654840469360e-02
6.559003889560699463e-02
-3.930481895804405212e-02
-9.159366600215435028e-03
-5.897914990782737732e-02
2.816453017294406891e-02
5.032347887754440308e-02
6.780671328306198120e-02
3.377649933099746704e-02
-6.094170385040342808e-04
-1.795146055519580841e-02
-3.083683922886848450e-02
-1.302475016564130783e-02
-2.972313016653060913e-02
7.887067273259162903e-03
-3.525960817933082581e-02
-2.503977390006184578e-03
5.245083943009376526e-02
1.179129332304000854e-01
-2.167497947812080383e-02
5.299331992864608765e-02
6.640523672103881836e-02
5.190265178680419922e-02
-8.273165673017501831e-03
3.033127076923847198e-02
5.842173099517822266e-02
-4.010503180325031281e-03
-6.251059472560882568e-03
5.862957984209060669e-02
-2.465461008250713348e-02
5.546781048178672791e-02
-8.228194713592529297e-02
-7.234027981758117676e-02
4.640540108084678650e-02
-1.308253966271877289e-02
-2.506190910935401917e-02
3.100745938718318939e-02
-4.665651172399520874e-02
-4.591485857963562012e-02
2.949927002191543579e-02
6.035462021827697754e-02
2.244645915925502777e-02
-1.698639057576656342e-02
1.040040981024503708e-02
1.131169963628053665e-02
5.419579148292541504e-02
-2.130277082324028015e-02
-4.321721941232681274e-02
-3.665198013186454773e-02
1.126489974558353424e-02
-2.606488019227981567e-02
-2.228328026831150055e-02
-2.255680039525032043e-02
-3.427236154675483704e-02
-7.751652039587497711e-03
-6.195228919386863708e-02
8.216382935643196106e-03
9.535975009202957153e-02
-3.709978982806205750e-02
-6.942500919103622437e-02
1.457942724227905273e-01
-5.448191985487937927e-02
-2.055904082953929901e-02
5.747357010841369629e-02
2.781788073480129242e-02
-7.077576965093612671e-02
-5.178314074873924255e-02
-1.042901128530502319e-01
-1.123550534248352051e-01
7.529038935899734497e-02
-7.559301704168319702e-02
-8.786738663911819458e-02
2.983842976391315460e-02
2.667585015296936035e-02
1.382199022918939590e-02
-1.797495968639850616e-02
-3.141199052333831787e-02
-2.098101004958152771e-02
9.029203653335571289e-02
4.955017939209938049e-02
1.371873915195465088e-01
1.137995272874832153e-01
1.800191239453852177e-03
-4.577609896659851074e-02
-1.111084828153252602e-03
-9.470535814762115479e-02
-1.159607991576194763e-01
4.489342123270034790e-02
1.784211024641990662e-02
3.068506717681884766e-03
1.078186631202697754e-01
3.364984178915619850e-03
-1.084258034825325012e-01
-7.436838746070861816e-02
-1.053507030010223389e-01
-1.866804994642734528e-02
1.605789065361022949e-01
-5.073163658380508423e-03
-4.295657947659492493e-02
-5.904887802898883820e-03
8.820035494863986969e-03
-1.492645964026451111e-02
-5.029278993606567383e-02
-1.287588030099868774e-01
8.788319537416100502e-04
-1.297183986753225327e-02
-7.592774182558059692e-02
-2.668830938637256622e-02
-6.937874131835997105e-04
2.406698092818260193e-02
-1.773297972977161407e-02
-3.855745121836662292e-02
-5.877856165170669556e-02
3.259694948792457581e-02
1.282658427953720093e-01
6.292589753866195679e-02
-4.107339307665824890e-03
1.099653095006942749e-01
1.332991011440753937e-02
2.088735066354274750e-02
4.037503898143768311e-02
-5.210759863257408142e-02
7.760045677423477173e-02
6.399346888065338135e-02
-5.751930177211761475e-02
-1.005305722355842590e-01
7.505022734403610229e-02
-2.139781974256038666e-02
1.796175912022590637e-02
2.344008767977356911e-03
-4.208318889141082764e-02
7.355055212974548340e-02
5.093349888920783997e-02
-2.996779978275299072e-02
-2.219071984291076660e-02
3.355329856276512146e-02
4.418741911649703979e-02
-5.580705031752586365e-02
-5.037572979927062988e-02
-4.548178985714912415e-02
1.379514019936323166e-02
2.150670997798442841e-02
-2.194211073219776154e-02
-1.368270218372344971e-01
5.464972183108329773e-02
1.608081907033920288e-02
5.309116095304489136e-02
4.701022058725357056e-02
1.336904009804129601e-03
7.575663924217224121e-02
9.625305980443954468e-02
8.926476351916790009e-03
-2.819122932851314545e-02
1.086682975292205811e-01
-3.439325094223022461e-02
-7.092370837926864624e-02
-6.004780158400535583e-02
-2.712297998368740082e-02
-7.074673660099506378e-03
-1.637019962072372437e-02
1.336789969354867935e-02
-1.031360626220703125e-01
4.906582087278366089e-02
-5.732445046305656433e-02
-2.731079049408435822e-02
1.042234990745782852e-02
-8.340667933225631714e-02
3.686501085758209229e-02
6.108339875936508179e-02
1.322748046368360519e-02
-7.809528708457946777e-02
3.774724155664443970e-02
-3.413248062133789062e-02
-6.096525117754936218e-02
-4.212123900651931763e-02
-7.982175797224044800e-02
-1.259732292965054512e-03
-3.045501001179218292e-02
-1.236492954194545746e-02
-6.312394887208938599e-02
4.789569973945617676e-02
-4.602066054940223694e-02
8.576569706201553345e-02
2.521079964935779572e-02
2.988098002970218658e-02
1.031458303332328796e-01
7.060035318136215210e-02
4.520544037222862244e-02
-4.426654055714607239e-02
1.314653009176254272e-01
8.386489748954772949e-02
2.164589986205101013e-02
-2.122802427038550377e-03
-3.686352819204330444e-02
-2.074944041669368744e-02
-3.829959034919738770e-02
-1.530595961958169937e-02
2.689708024263381958e-02
1.186740100383758545e-01
-6.043469905853271484e-02
-2.785022929310798645e-02
-4.775074124336242676e-02
4.878744855523109436e-02
6.350956112146377563e-02
3.494787961244583130e-02
1.467400044202804565e-02
1.178901875391602516e-03
4.379614070057868958e-02
2.036818535998463631e-03
-3.958608955144882202e-02
-1.072688028216362000e-02
6.437057163566350937e-03
2.996500022709369659e-02
-3.418507054448127747e-02
-1.960306987166404724e-02
-1.219153963029384613e-02
-4.370004404336214066e-03
-2.549453079700469971e-02
2.646318078041076660e-02
-1.632512919604778290e-02
6.465169601142406464e-03
-1.929734088480472565e-02
4.787119105458259583e-03
4.962370917201042175e-02
3.809110820293426514e-02
7.265724241733551025e-02
5.758124962449073792e-02
-3.741554170846939087e-02
1.648608036339282990e-02
-8.452855981886386871e-03
3.996825963258743286e-02
-8.185476809740066528e-02
2.638874948024749756e-02
-4.026614874601364136e-02
-2.744673937559127808e-02
-4.071516916155815125e-02
1.050963299348950386e-03
-4.741232097148895264e-02
-6.733171641826629639e-02
8.704349398612976074e-03
-2.192543074488639832e-02
1.353507395833730698e-03
-3.056973963975906372e-02
-2.975521050393581390e-02
-2.887780033051967621e-02
-1.210713014006614685e-02
-4.828526079654693604e-02
-9.066250920295715332e-02
-9.969629347324371338e-02
-3.665164113044738770e-02
-8.881119429133832455e-04
-6.826668977737426758e-02
-1.866150088608264923e-02
-3.627640008926391602e-02
-1.408287975937128067e-02
1.874238997697830200e-02
-2.075834944844245911e-02
9.145174920558929443e-02
-3.547291085124015808e-02
5.396779999136924744e-02
4.198981076478958130e-02
1.301924977451562881e-02
-3.384353965520858765e-02
-1.220197603106498718e-01
6.830920279026031494e-02
-3.715654090046882629e-02
9.558482095599174500e-03
5.056855734437704086e-03
5.659294128417968750e-02
3.907644655555486679e-03
2.808490023016929626e-02
-5.518097057938575745e-02
-3.711621090769767761e-02
-2.835565060377120972e-02
-4.420464113354682922e-02
-1.031947042793035507e-02
1.883465982973575592e-02
-8.495254442095756531e-03
-9.419249743223190308e-02
-1.269386988133192062e-02
-2.133370935916900635e-02
-1.019081473350524902e-01
-7.844430208206176758e-02
2.436443231999874115e-03
-4.096101503819227219e-03
1.202550996094942093e-02
-6.452290713787078857e-02
-1.059381812810897827e-01
-2.464745938777923584e-02
-2.199698984622955322e-02
-7.401929795742034912e-02
7.285886257886886597e-02
8.875138009898364544e-04
9.976620785892009735e-03
8.467797189950942993e-03
3.730332851409912109e-02
-2.905125916004180908e-02
3.573336824774742126e-02
-4.393688961863517761e-02
-1.201447173953056335e-01
3.176553919911384583e-02
-2.760158153250813484e-03
1.082456633448600769e-01
5.090732127428054810e-02
-3.301792778074741364e-03
-5.123822018504142761e-02
5.047847982496023178e-03
-5.664123967289924622e-02
-5.994159262627363205e-03
-5.341900885105133057e-02
-1.221392955631017685e-02
1.291317958384752274e-02
9.917606599628925323e-03
-7.569875568151473999e-03
-6.193124130368232727e-02
-2.245491370558738708e-03
1.987561956048011780e-02
-2.018840052187442780e-02
-6.975539773702621460e-02
-6.601522862911224365e-02
-3.349111974239349365e-02
-8.910118043422698975e-02
-3.371435031294822693e-02
-7.406892627477645874e-02
-2.248046919703483582e-02
-6.159951165318489075e-02
2.777515444904565811e-03
-5.723337084054946899e-02
-4.792467877268791199e-02
7.518547773361206055e-02
2.772792242467403412e-03
4.211938008666038513e-02
3.100501932203769684e-02
5.278448015451431274e-02
3.954679146409034729e-02
-3.006846085190773010e-02
-3.851741179823875427e-02
-2.792402915656566620e-02
-2.875333093106746674e-02
1.531280018389225006e-02
2.186953090131282806e-02
-1.989828981459140778e-02
2.506794640794396400e-03
-1.025872826576232910e-01
-4.785742983222007751e-02
-2.887216024100780487e-02
3.850634675472974777e-03
1.112235989421606064e-02
8.292188867926597595e-03
-4.822980985045433044e-02
-4.503596946597099304e-02
-3.713100031018257141e-02
-6.988008320331573486e-02
-1.100229471921920776e-01
-2.692092210054397583e-03
1.853836700320243835e-03
-5.921049043536186218e-02
-6.105053052306175232e-02
-8.458050340414047241e-02
-4.527601972222328186e-02
8.903293055482208729e-04
-5.875023081898689270e-02
-2.686028834432363510e-03
-1.591194979846477509e-02
3.631858900189399719e-02
5.493165925145149231e-02
7.300329953432083130e-02
5.533332936465740204e-03
6.400407105684280396e-02
1.847740076482295990e-02
-5.762804765254259109e-03
-3.210876882076263428e-02
4.251605831086635590e-03
1.166519988328218460e-02
-1.448642113246023655e-03
2.253744006156921387e-02
-3.367080166935920715e-02
6.983195245265960693e-02
-4.223235417157411575e-03
-8.894010446965694427e-03
-7.943393290042877197e-02
5.199728161096572876e-02
6.065201014280319214e-02
4.133491963148117065e-02
1.440328429453074932e-03
-9.585235267877578735e-02
-3.964731097221374512e-02
4.232114180922508240e-02
1.750464923679828644e-02
-4.487901926040649414e-02
-7.597336079925298691e-03
2.011170983314514160e-02
4.673622176051139832e-02
9.011173248291015625e-02
-7.869187742471694946e-02
-4.682482033967971802e-02
-5.080138891935348511e-02
-3.993837162852287292e-03
-5.346331000328063965e-02
1.085723005235195160e-02
-3.599333018064498901e-02
-7.097908109426498413e-02
3.551549091935157776e-02
2.680386975407600403e-02
3.471529111266136169e-02
1.790392957627773285e-02
5.471273139119148254e-02
9.620483033359050751e-03
-3.180215135216712952e-02
5.864430963993072510e-02
2.330614067614078522e-02
1.633143983781337738e-02
-5.616680905222892761e-02
-1.024542897939682007e-01
-8.302188664674758911e-02
7.291322201490402222e-02
-1.972590014338493347e-02
-2.619633078575134277e-02
-2.485327050089836121e-02
-4.627592116594314575e-02
1.488534035161137581e-03
5.514185130596160889e-02
-1.270859967917203903e-02
-1.948899962007999420e-02
6.373585760593414307e-02
5.002291873097419739e-02
-3.009798005223274231e-02
8.762163110077381134e-03
-2.474237978458404541e-02
-5.504890903830528259e-02
1.740345265716314316e-03
-3.333666920661926270e-02
1.524986978620290756e-02
1.166376173496246338e-01
-1.323449891060590744e-03
-6.608452647924423218e-02
5.687166005373001099e-02
-6.895252736285328865e-04
-4.402352124452590942e-02
9.450209885835647583e-02
-4.222683981060981750e-02
-5.360982939600944519e-02
1.779530942440032959e-02
2.561387978494167328e-02
-1.107541024684906006e-01
-8.777909912168979645e-03
-1.099503971636295319e-02
-1.038026586174964905e-01
3.103457018733024597e-02
-2.105741016566753387e-02
-7.371716946363449097e-02
5.146709829568862915e-02
1.058143228292465210e-01
-8.617968112230300903e-02
-2.892106957733631134e-02
1.092198956757783890e-02
1.455154269933700562e-01
-2.243208931758999825e-03
-5.818032845854759216e-02
-7.390742003917694092e-02
5.701261013746261597e-02
1.293701976537704468e-01
-4.986650869250297546e-02
1.018241494894027710e-01
5.028650164604187012e-02
1.251562535762786865e-01
9.175041317939758301e-02
6.404983252286911011e-02
1.523394044488668442e-02
9.460561722517013550e-02
6.106631085276603699e-02
-1.426699757575988770e-01
-2.926702983677387238e-02
2.762171067297458649e-02
2.164150960743427277e-02
-9.584882645867764950e-04
-4.231362044811248779e-02
-9.866508841514587402e-02
4.322243854403495789e-02
5.872033908963203430e-02
-4.838846996426582336e-02
6.319253146648406982e-02
2.443798072636127472e-02
-3.606875985860824585e-02
9.387372061610221863e-03
4.289991036057472229e-02
-1.027411036193370819e-02
8.156885206699371338e-02
8.751174807548522949e-02
-1.319135427474975586e-01
8.160547353327274323e-03
-1.452160999178886414e-02
2.952677011489868164e-02
3.615944832563400269e-02
-2.091289032250642776e-03
2.246692962944507599e-02
9.623286873102188110e-02
9.412123262882232666e-02
-2.924758009612560272e-02
-7.815185934305191040e-02
-2.203078940510749817e-02
-2.025669906288385391e-03
1.094732992351055145e-02
-1.442332006990909576e-02
2.838560938835144043e-02
1.188237071037292480e-01
7.287983316928148270e-03
-1.034596487879753113e-01
7.561217248439788818e-02
-2.049661055207252502e-02
4.441774450242519379e-03
1.609347015619277954e-02
-4.893158003687858582e-02
-8.758243173360824585e-02
-7.674206979572772980e-03
8.862377703189849854e-02
6.098121032118797302e-02
6.565886735916137695e-02
7.329818792641162872e-03
3.558406978845596313e-02
-3.874351829290390015e-02
-2.490055002272129059e-02
-6.771074980497360229e-02
9.939222782850265503e-02
-1.066077034920454025e-02
1.382995024323463440e-02
-7.289080321788787842e-02
7.471843156963586807e-03
1.062143072485923767e-01
-2.878659032285213470e-02
2.383524924516677856e-02
-3.274646028876304626e-02
2.137007936835289001e-02
3.837290033698081970e-02
2.450991980731487274e-02
-4.296818003058433533e-02
-2.895143069326877594e-02
5.327370017766952515e-02
1.499020028859376907e-02
4.998731985688209534e-02
1.293865740299224854e-01
9.391870349645614624e-02
4.292390123009681702e-02
-3.359194099903106689e-02
-6.809491664171218872e-02
1.125796046108007431e-02
1.729045510292053223e-01
-3.430733084678649902e-02
-6.255233287811279297e-02
-1.813114061951637268e-02
1.172685697674751282e-01
-6.127598881721496582e-02
-8.677908778190612793e-02
-3.429872170090675354e-02
4.684938117861747742e-02
8.161419630050659180e-02
3.538773953914642334e-02
1.833884045481681824e-02
1.132185533642768860e-01
3.261844813823699951e-02
-4.826299101114273071e-02
1.752406917512416840e-02
-1.796413958072662354e-02
-1.046454906463623047e-01
-3.300418844446539879e-03
2.293439611094072461e-04
1.457292027771472931e-02
-2.132982015609741211e-02
-2.602922916412353516e-02
-9.873513132333755493e-03
4.273872077465057373e-02
-2.103316038846969604e-02
-7.994064688682556152e-02
2.614958025515079498e-02
-2.111666090786457062e-02
-6.964913010597229004e-02
-1.345348954200744629e-01
-6.861878186464309692e-02
-6.093412637710571289e-03
8.251445740461349487e-02
1.561249941587448120e-01
2.465313998982310295e-03
8.884246461093425751e-03
-4.152999073266983032e-02
2.054852992296218872e-02
5.277952924370765686e-02
-3.087788075208663940e-02
2.817578986287117004e-02
1.393907666206359863e-01
7.641045749187469482e-02
-3.627626970410346985e-02
-3.015097975730895996e-02
-4.041539877653121948e-02
-1.360690034925937653e-02
-6.227204948663711548e-02
-2.738223038613796234e-02
1.357761025428771973e-01
1.523576676845550537e-01
-5.392922088503837585e-02
-1.117595434188842773e-01
2.157128974795341492e-02
1.146480999886989594e-02
-5.264937132596969604e-02
-6.595174223184585571e-02
-2.749175019562244415e-02
1.181225404143333435e-01
1.740414947271347046e-01
-6.137035042047500610e-02
-1.100347787141799927e-01
-1.351621001958847046e-02
-1.745915971696376801e-02
-8.577440679073333740e-02
-4.469909146428108215e-02
-6.106115132570266724e-02
1.055975779891014099e-01
2.080681324005126953e-01
-9.174948185682296753e-02
7.096219342201948166e-04
3.579374030232429504e-02
7.215114682912826538e-02
2.221742086112499237e-02
1.827741973102092743e-02
-7.907850667834281921e-03
1.489553973078727722e-02
1.451995968818664551e-01
-6.425830721855163574e-02
2.990398928523063660e-02
-1.801813254132866859e-03
-1.401527971029281616e-02
-4.171134158968925476e-02
-3.705301089212298393e-03
-9.090480953454971313e-02
9.520713239908218384e-02
8.845516294240951538e-02
-2.651753090322017670e-02
-3.016730025410652161e-02
2.562448009848594666e-02
3.563816100358963013e-02
-3.817880898714065552e-02
1.433384977281093597e-02
2.256982959806919098e-02
2.872120030224323273e-02
1.001933962106704712e-02
-6.332260370254516602e-02
4.338406026363372803e-02
7.001806795597076416e-02
-4.705721884965896606e-02
-7.318907231092453003e-02
2.630456909537315369e-02
3.106381930410861969e-02
6.648342311382293701e-02
1.091317981481552124e-01
-1.630814932286739349e-02
2.910307981073856354e-02
2.895108982920646667e-02
8.040253818035125732e-02
6.969310343265533447e-02
6.797733902931213379e-02
6.086399778723716736e-03
4.165888298302888870e-03
8.926726132631301880e-02
-3.123648092150688171e-02
2.700145915150642395e-02
1.168734021484851837e-02
-1.631594076752662659e-02
4.610158037394285202e-03
8.513594977557659149e-03
-3.544224053621292114e-02
3.571993857622146606e-02
4.297660663723945618e-03
-1.970076933503150940e-02
-8.797932416200637817e-03
9.607987850904464722e-02
1.544221956282854080e-02
-3.923707082867622375e-02
7.308585941791534424e-02
6.061261892318725586e-02
1.316831039730459452e-04
-7.982220500707626343e-03
2.399260923266410828e-02
-6.084388867020606995e-02
-2.743428945541381836e-02
-5.475522950291633606e-02
-4.131311178207397461e-02
3.559755906462669373e-02
3.055341914296150208e-02
2.981433086097240448e-02
1.486051529645919800e-01
1.766786910593509674e-02
2.945256978273391724e-02
4.898238182067871094e-02
1.026921998709440231e-02
2.811658009886741638e-02
8.267091214656829834e-02
2.732153981924057007e-02
-1.237692963331937790e-02
1.176015585660934448e-01
3.802062943577766418e-02
-3.309753909707069397e-02
5.249576177448034286e-03
-2.460509911179542542e-02
2.691451087594032288e-02
5.399987846612930298e-02
-1.013350635766983032e-01
6.385436654090881348e-02
-1.818004995584487915e-02
2.259502932429313660e-02
3.573134914040565491e-02
1.042847987264394760e-02
-4.153402149677276611e-02
-4.043028876185417175e-02
1.643574982881546021e-02
8.326677232980728149e-02
4.613830242305994034e-04
-5.308094993233680725e-02
-8.536223322153091431e-02
-1.610116451047360897e-03
-2.163719944655895233e-02
-1.783351972699165344e-02
3.859636932611465454e-02
8.498884737491607666e-02
-1.725216023623943329e-02
8.625131100416183472e-02
1.099508702754974365e-01
9.177643805742263794e-02
8.498346805572509766e-02
7.646489888429641724e-02
5.580502003431320190e-02
2.693516016006469727e-02
9.996912628412246704e-02
9.070327132940292358e-02
6.667199730873107910e-02
5.873008072376251221e-02
-2.247842028737068176e-02
7.772321254014968872e-02
1.240843608975410461e-01
1.262925267219543457e-01
-8.419979130849242210e-04
1.477782987058162689e-02
9.165990352630615234e-02
-2.984017133712768555e-03
-6.466446816921234131e-02
-7.057301700115203857e-02
2.095169475069269538e-04
2.210208959877490997e-02
-2.158809080719947815e-02
-8.602505922317504883e-02
-2.284836024045944214e-02
4.018763545900583267e-03
9.566603228449821472e-03
-2.073978073894977570e-02
-4.635138064622879028e-02
-7.594232913106679916e-03
-1.377393025904893875e-02
-4.559358954429626465e-02
-1.328473985195159912e-01
-8.671405911445617676e-02
-3.654395043849945068e-02
1.142868958413600922e-02
3.287890926003456116e-02
-4.392983019351959229e-02
6.142958998680114746e-02
1.771088987588882446e-01
1.038525700569152832e-01
1.329137012362480164e-02
1.006763279438018799e-01
1.245082914829254150e-01
-4.476708918809890747e-02
9.049143642187118530e-02
4.589312151074409485e-02
1.116790696978569031e-01
8.587537705898284912e-02
4.767582938075065613e-02
1.671881414949893951e-03
2.359802089631557465e-02
-3.808851912617683411e-02
3.126271814107894897e-02
-1.919028908014297485e-02
-5.698918178677558899e-02
-2.365111932158470154e-02
-6.519032269716262817e-02
-5.599357932806015015e-02
-7.097308337688446045e-02
-3.301811963319778442e-02
-4.719102010130882263e-02
-2.566296979784965515e-02
1.324073970317840576e-02
-9.230671823024749756e-02
-5.518231913447380066e-02
-4.712864011526107788e-02
-3.380902856588363647e-02
-6.719478964805603027e-02
1.183907967060804367e-02
-9.326738119125366211e-02
1.642864942550659180e-02
3.789867088198661804e-02
-6.615678314119577408e-03
7.796385884284973145e-02
7.246574014425277710e-02
4.706346988677978516e-02
-2.523436956107616425e-02
-1.696830056607723236e-02
-8.068866282701492310e-02
6.030888110399246216e-02
1.052706018090248108e-01
-6.611756235361099243e-02
2.977346070110797882e-02
2.621830068528652191e-02
1.913855038583278656e-02
-8.479365706443786621e-02
-6.322418153285980225e-02
-1.357061564922332764e-01
-7.644490152597427368e-02
9.319002740085124969e-03
-8.095148950815200806e-02
-1.019790321588516235e-01
-5.204024910926818848e-02
1.413150969892740250e-02
-7.800410687923431396e-02
-1.885122060775756836e-02
-7.509381324052810669e-02
-1.013632565736770630e-01
-5.212355032563209534e-02
-9.944064915180206299e-02
-1.336066052317619324e-03
-6.342616677284240723e-02
-4.178550094366073608e-02
-1.237372308969497681e-01
-2.832736074924468994e-02
-6.057500839233398438e-02
5.830070003867149353e-02
7.604282349348068237e-02
-6.462586671113967896e-02
8.024474605917930603e-03
1.158012524247169495e-01
1.233221217989921570e-01
1.978462003171443939e-02
-2.723781624808907509e-03
5.850752070546150208e-02
-4.674480855464935303e-02
5.148062109947204590e-02
-2.625428372994065285e-03
1.125335469841957092e-01
9.893716126680374146e-02
9.785093367099761963e-02
-4.659257084131240845e-02
-1.102428976446390152e-02
-7.002308219671249390e-02
3.088912926614284515e-02
-2.565548941493034363e-02
-7.671449333429336548e-02
3.174438606947660446e-03
-1.078351363539695740e-01
-2.314269915223121643e-02
-1.108955517411231995e-01
-1.024768035858869553e-02
3.116020932793617249e-02
-4.964825138449668884e-02
2.281825058162212372e-02
5.500056780874729156e-03
-8.427856117486953735e-02
-1.468549519777297974e-01
-7.719755172729492188e-02
-1.334266811609268188e-01
-4.525510966777801514e-02
-9.914209693670272827e-02
2.588859014213085175e-02
3.469279035925865173e-02
4.664019867777824402e-02
1.168818995356559753e-01
9.647274762392044067e-02
1.085781529545783997e-01
-1.448726002126932144e-02
4.299758002161979675e-02
-6.763151288032531738e-02
1.332575920969247818e-03
1.433157622814178467e-01
7.574339956045150757e-02
9.166204929351806641e-02
5.674925819039344788e-02
1.132555305957794189e-01
-1.106494013220071793e-02
2.062161080539226532e-02
-1.148483976721763611e-01
-7.492136955261230469e-02
-2.864293009042739868e-02
-1.275638025254011154e-02
-6.946031749248504639e-02
-1.010165214538574219e-01
-4.113497957587242126e-02
-2.214783057570457458e-02
-1.273941993713378906e-02
-7.480393350124359131e-02
-1.055604070425033569e-01
-7.622112333774566650e-02
-9.988392889499664307e-02
-1.145396083593368530e-01
-1.207390278577804565e-01
-9.412795305252075195e-02
-7.146587967872619629e-02
-4.054537042975425720e-02
-6.127082929015159607e-02
4.221121966838836670e-02
7.688113301992416382e-02
4.099256172776222229e-02
1.266373395919799805e-01
1.468380242586135864e-01
2.176177352666854858e-01
1.252532750368118286e-01
1.843179166316986084e-01
-1.664023729972541332e-03
2.377772470936179161e-03
1.445475034415721893e-02
3.509416058659553528e-02
2.654697000980377197e-02
1.716738939285278320e-02
5.374011024832725525e-02
2.944174036383628845e-02
1.132392734289169312e-01
-1.485455967485904694e-02
-1.611329987645149231e-02
-1.855541719123721123e-03
-1.708549074828624725e-02
-5.435752868652343750e-02
-5.302101001143455505e-02
5.260378122329711914e-02
-3.582945093512535095e-02
-3.428678901400417089e-04
1.360766822472214699e-03
-4.436073079705238342e-02
-4.228432103991508484e-02
3.281290829181671143e-02
-5.480835959315299988e-02
-1.019777208566665649e-01
-7.206279039382934570e-02
-1.074105873703956604e-01
-2.366946078836917877e-02
1.027847528457641602e-01
-2.747834194451570511e-03
-3.242477029561996460e-02
2.308955043554306030e-02
2.835869044065475464e-02
1.034879907965660095e-01
1.958035826683044434e-01
1.025202721357345581e-01
8.039928972721099854e-02
5.525553971529006958e-02
-1.325086504220962524e-01
-1.439535170793533325e-01
3.135868813842535019e-03
-3.387070819735527039e-02
8.946694433689117432e-03
5.406156927347183228e-02
-4.973245318979024887e-03
-1.189113967120647430e-02
2.829194127116352320e-04
-3.901556879281997681e-02
-4.898704960942268372e-02
2.164519950747489929e-02
-1.382905989885330200e-02
-1.850415952503681183e-02
1.869346946477890015e-02
-2.450059913098812103e-02
2.291678078472614288e-02
8.196462690830230713e-02
3.309153020381927490e-02
-1.062997430562973022e-01
2.473923936486244202e-02
5.344393849372863770e-02
-2.404822967946529388e-02
-3.243643045425415039e-02
-5.552446004003286362e-03
-8.009996265172958374e-02
2.811538986861705780e-02
4.235741868615150452e-02
1.859004050493240356e-02
4.902122914791107178e-02
-1.438251975923776627e-02
-1.526852976530790329e-02
2.044194936752319336e-02
-5.008659884333610535e-02
4.244112968444824219e-02
7.611815631389617920e-02
4.950470104813575745e-02
-6.020548939704895020e-02
-4.260260146111249924e-03
1.313351243734359741e-01
-1.438738033175468445e-02
-1.958806999027729034e-02
-4.044152051210403442e-02
-1.242504492402076721e-01
2.843533176928758621e-03
-5.042776092886924744e-02
-9.121484309434890747e-02
7.343457546085119247e-03
9.388846904039382935e-02
1.180031374096870422e-01
4.722950980067253113e-03
4.443782847374677658e-03
-7.984916865825653076e-02
-3.613736853003501892e-02
4.490914940834045410e-02
-2.246483042836189270e-02
4.681070894002914429e-02
5.240871012210845947e-02
2.157206088304519653e-02
-4.603431001305580139e-02
-1.197929028421640396e-02
-2.748779021203517914e-02
1.362104862928390503e-01
8.812154829502105713e-02
-7.802048325538635254e-02
4.864585585892200470e-03
-1.598835922777652740e-02
1.024449989199638367e-02
-3.463517129421234131e-02
-2.304239012300968170e-02
-8.692664653062820435e-02
6.655128300189971924e-02
5.785803124308586121e-02
-1.264075934886932373e-01
2.307472005486488342e-02
7.337401807308197021e-02
7.525434345006942749e-02
4.943763092160224915e-02
-2.241034060716629028e-02
-9.978237748146057129e-02
1.448799371719360352e-01
-6.570520997047424316e-02
-7.855481654405593872e-02
2.830222062766551971e-02
-5.296035087667405605e-04
-4.669895023107528687e-02
-1.182278394699096680e-01
-1.224645227193832397e-01
-1.536566019058227539e-01
-2.969126962125301361e-02
8.078201115131378174e-02
1.351259797811508179e-01
1.150568500161170959e-01
4.740672931075096130e-02
1.376022025942802429e-02
-5.852977931499481201e-02
-1.537808962166309357e-02
-5.541118979454040527e-02
2.491064928472042084e-02
-2.870786003768444061e-02
2.760978043079376221e-02
2.383617609739303589e-01
2.234742939472198486e-01
1.030646637082099915e-01
-6.919070333242416382e-02
-1.013203933835029602e-01
-2.019834220409393311e-01
-5.040559917688369751e-02
2.716307640075683594e-01
3.698700666427612305e-01
3.454046547412872314e-01
2.909578084945678711e-01
5.649705976247787476e-02
4.125737026333808899e-02
7.505883276462554932e-02
-2.737835980951786041e-02
-8.434313349425792694e-03
7.368195056915283203e-02
1.653875969350337982e-02
-9.402955323457717896e-02
-9.574358910322189331e-02
1.474337000399827957e-02
-7.128561288118362427e-02
-3.460736945271492004e-02
1.143894121050834656e-01
1.375260055065155029e-01
-6.385452300310134888e-02
-6.310337781906127930e-02
8.195483125746250153e-03
1.162246987223625183e-01
5.051331128925085068e-03
-7.602754235267639160e-02
6.695660203695297241e-02
2.572392821311950684e-01
9.037899971008300781e-02
2.882626652717590332e-01
1.316538006067276001e-01
-5.312614142894744873e-02
-2.137197926640510559e-02
-3.442231938242912292e-02
-6.255678832530975342e-02
3.899667039513587952e-02
1.839102804660797119e-01
2.601664960384368896e-01
3.374461829662322998e-02
1.860464923083782196e-02
1.907758563756942749e-01
1.816054284572601318e-01
3.436343977227807045e-03
-3.036781959235668182e-02
1.968303769826889038e-01
3.537819087505340576e-01
2.496848255395889282e-01
-3.222649171948432922e-02
2.897238135337829590e-01
4.309163391590118408e-01
3.077835738658905029e-01
2.335266023874282837e-02
-9.877399355173110962e-02
-6.852452177554368973e-03
8.945240080356597900e-02
-8.150686323642730713e-02
2.792493067681789398e-02
2.480684220790863037e-01
1.733848601579666138e-01
6.231800839304924011e-02
-1.043238267302513123e-01
-1.665332168340682983e-01
-1.319789886474609375e-01
-8.531575649976730347e-02
-1.927152723073959351e-01
-1.353636533021926880e-01
2.224019914865493774e-01
3.921958804130554199e-01
2.659771740436553955e-01
-1.231648959219455719e-02
1.016179006546735764e-02
1.337987482547760010e-01
1.201833412051200867e-01
-4.852953180670738220e-02
-7.915270328521728516e-02
7.036011666059494019e-02
3.877231152728199959e-03
-6.126805022358894348e-02
-1.501516997814178467e-01
-1.140651479363441467e-01
-8.556531369686126709e-02
-7.429333031177520752e-02
-1.611549109220504761e-01
1.321406215429306030e-01
2.569136917591094971e-01
5.697749927639961243e-02
6.861911714076995850e-02
-6.029037293046712875e-03
-7.945625111460685730e-03
4.799570888280868530e-02
6.695164740085601807e-02
-1.926841959357261658e-02
6.206307932734489441e-02
1.345098316669464111e-01
-6.381495296955108643e-02
-2.983701648190617561e-03
-3.482970967888832092e-02
7.539916783571243286e-03
3.895610943436622620e-02
1.146426126360893250e-01
1.669971086084842682e-02
8.278186433017253876e-03
-7.491602096706628799e-03
-1.171256229281425476e-01
-1.065062135457992554e-01
-1.035387963056564331e-01
-4.994105920195579529e-02
-7.656188099645078182e-04
3.023766912519931793e-02
-4.759269952774047852e-02
-7.302685827016830444e-02
-5.825012177228927612e-02
-1.315634846687316895e-01
-1.063974723219871521e-01
-1.939368396997451782e-01
-9.973683208227157593e-02
-7.918907701969146729e-02
4.631776246242225170e-04
-6.613820441998541355e-04
1.585386842489242554e-01
8.561199158430099487e-02
-7.660093158483505249e-02
-8.015265315771102905e-02
-6.164072826504707336e-02
1.882576942443847656e-02
-7.299084099940955639e-04
6.840892136096954346e-02
3.843763843178749084e-02
2.027492672204971313e-01
2.202881425619125366e-01
-5.261012353003025055e-03
1.452434994280338287e-02
-6.331623345613479614e-02
2.865063957870006561e-02
5.673740059137344360e-02
1.217156425118446350e-01
3.837196156382560730e-02
3.555466979742050171e-02
-2.662914060056209564e-02
-1.028012335300445557e-01
-6.526284664869308472e-02
-1.106635108590126038e-01
-8.988423645496368408e-02
-1.010367795825004578e-01
8.105265907943248749e-03
5.952387116849422455e-03
2.617721073329448700e-02
-1.705742068588733673e-02
-1.089795604348182678e-01
-8.004990965127944946e-02
-1.127199307084083557e-01
-6.185647100210189819e-02
-6.103711947798728943e-02
1.597041077911853790e-02
-5.923606082797050476e-02
9.410726279020309448e-02
2.285856753587722778e-01
3.263380005955696106e-02
6.772989779710769653e-02
-9.003516286611557007e-02
1.017870008945465088e-02
1.931688003242015839e-02
8.628357201814651489e-02
-1.430009026080369949e-02
1.095494478940963745e-01
1.661245226860046387e-01
-2.434544079005718231e-02
-3.310067951679229736e-02
-4.236626997590065002e-02
1.212392002344131470e-02
-6.150464061647653580e-03
6.954193860292434692e-02
3.015282936394214630e-02
1.787956990301609039e-02
2.781667001545429230e-02
-5.561152845621109009e-02
-8.962442167103290558e-03
-4.971488937735557556e-02
7.510284334421157837e-02
1.775282062590122223e-02
5.889897048473358154e-02
-7.981427013874053955e-02
3.647642955183982849e-02
-3.738333238288760185e-03
-8.894574642181396484e-02
-6.429435312747955322e-02
-8.068276196718215942e-02
3.567704185843467712e-02
-7.131935656070709229e-02
-7.219100371003150940e-03
-9.566667675971984863e-02
1.788609027862548828e-01
1.491172462701797485e-01
2.070032060146331787e-02
-5.017120018601417542e-02
-4.992622137069702148e-02
1.570142991840839386e-02
-9.906902909278869629e-02
6.456193327903747559e-02
1.532950699329376221e-01
1.882076710462570190e-01
1.168986111879348755e-01
-1.178513001650571823e-02
-2.225163020193576813e-02
-1.905317977070808411e-02
1.027122363448143005e-01
-7.270290516316890717e-03
1.166423335671424866e-01
1.479690223932266235e-01
7.771892845630645752e-02
2.400013059377670288e-02
-5.361796915531158447e-02
-1.972888037562370300e-02
1.376176998019218445e-02
6.740040332078933716e-02
-6.525395065546035767e-02
5.726177990436553955e-02
-2.404980920255184174e-02
-1.401856690645217896e-01
-2.074987068772315979e-02
-4.621969908475875854e-02
-4.688626900315284729e-02
-1.842059008777141571e-02
7.722727209329605103e-02
-4.852883145213127136e-02
1.529003959149122238e-02
-1.963949501514434814e-01
1.081707328557968140e-01
3.795859962701797485e-02
-9.435205906629562378e-02
-7.984378188848495483e-02
-3.383440151810646057e-02
1.108133271336555481e-01
2.237365953624248505e-02
1.270325630903244019e-01
2.161389291286468506e-01
2.918789908289909363e-02
4.664722830057144165e-03
-1.027426570653915405e-01
-4.854131117463111877e-02
-3.463057102635502815e-03
8.652268350124359131e-02
2.251546084880828857e-02
9.636051952838897705e-02
1.718075424432754517e-01
-9.272388368844985962e-02
4.591743054334074259e-04
-1.172304823994636536e-01
-1.221011132001876831e-01
-1.554753780364990234e-01
7.218185812234878540e-02
-5.297845974564552307e-02
3.779939934611320496e-02
5.150875076651573181e-02
-3.802309930324554443e-02
3.870645165443420410e-02
-1.525069922208786011e-01
-8.696498721837997437e-02
-2.021560072898864746e-02
4.118926078081130981e-02
-1.517797410488128662e-01
1.577647030353546143e-02
1.024930104613304138e-01
7.500418927520513535e-03
1.721806079149246216e-02
-6.828983128070831299e-02
-2.397596091032028198e-02
-6.598976999521255493e-02
-4.317592829465866089e-02
-8.064980059862136841e-02
6.666325498372316360e-03
3.333484008908271790e-02
7.093620300292968750e-02
8.231063932180404663e-02
-6.577903032302856445e-02
-6.698843836784362793e-02
-6.984019279479980469e-02
-6.508023291826248169e-02
-1.414508968591690063e-01
-2.393238991498947144e-02
6.485302746295928955e-02
8.832634426653385162e-03
9.251079708337783813e-02
-7.557579129934310913e-02
-5.067699030041694641e-02
-9.798748046159744263e-02
-6.703258305788040161e-02
-1.405629366636276245e-01
3.245994076132774353e-02
1.255414336919784546e-01
1.761621050536632538e-02
1.298032701015472412e-01
-4.081949964165687561e-02
-1.190690919756889343e-01
-1.481301486492156982e-01
-8.376862853765487671e-02
-1.220068112015724182e-01
4.988136887550354004e-02
5.424246937036514282e-02
-3.909526392817497253e-03
3.255733102560043335e-02
-1.271783709526062012e-01
-7.461492717266082764e-02
-5.703964084386825562e-02
-1.736189052462577820e-02
-8.026432991027832031e-02
-5.433893948793411255e-02
-1.719358935952186584e-02
2.886275015771389008e-02
1.772652938961982727e-02
-9.163518249988555908e-02
3.577895928174257278e-03
-1.012999266386032104e-01
-2.653764002025127411e-02
-8.131414651870727539e-02
-3.847986087203025818e-02
-7.621575496159493923e-04
6.486648321151733398e-02
1.967566907405853271e-01
-4.919156059622764587e-02
-7.059129327535629272e-02
-4.857784882187843323e-02
-1.042382977902889252e-02
-8.328653126955032349e-02
3.660301864147186279e-02
-3.696845844388008118e-02
4.969258978962898254e-02
8.241161704063415527e-02
-1.251485794782638550e-01
-6.122675910592079163e-02
-3.750202059745788574e-02
6.529896054416894913e-03
-1.024721264839172363e-01
2.568346075713634491e-02
4.517814144492149353e-03
-3.734229132533073425e-02
-1.131264027208089828e-02
-5.412074178457260132e-02
8.893454796634614468e-04
-1.238897666335105896e-01
-5.959236994385719299e-02
-1.241860836744308472e-01
-6.151643022894859314e-02
-7.310260087251663208e-02
2.441575005650520325e-02
7.023528218269348145e-02
-7.548289000988006592e-02
-7.571479654870927334e-04
-9.061347693204879761e-02
-8.112975955009460449e-02
-6.920305639505386353e-02
9.543942287564277649e-03
-1.219902001321315765e-02
1.212732167914509773e-03
-8.889896795153617859e-03
-8.309300988912582397e-02
-4.552660882472991943e-02
-1.073988229036331177e-01
-5.691033974289894104e-02
-1.392803043127059937e-01
9.027749300003051758e-02
1.512309759855270386e-01
3.175976127386093140e-02
1.776357740163803101e-01
3.299132513348013163e-04
5.151887983083724976e-02
-9.844073653221130371e-02
-9.475287050008773804e-02
-8.571247011423110962e-02
1.624157726764678955e-01
1.933601796627044678e-01
8.574545383453369141e-03
1.147473230957984924e-01
-1.493933983147144318e-02
3.352379053831100464e-02
-8.966240286827087402e-02
-2.322310023009777069e-02
2.663568034768104553e-02
5.448750033974647522e-02
-3.536882996559143066e-02
-7.210463285446166992e-02
-6.807277351617813110e-02
-3.121620975434780121e-02
-5.932407826185226440e-02
-1.728285998106002808e-01
-1.587349772453308105e-01
-4.956378042697906494e-02
1.603377051651477814e-02
-1.238594576716423035e-01
1.387858688831329346e-01
2.146806865930557251e-01
1.351007521152496338e-01
2.099243700504302979e-01
8.845877647399902344e-02
8.104012906551361084e-02
3.754175826907157898e-02
1.217311397194862366e-01
1.110311374068260193e-01
1.064312234520912170e-01
1.394147723913192749e-01
1.164038404822349548e-01
1.478684693574905396e-01
1.218238007277250290e-02
1.160752959549427032e-02
3.547940030694007874e-02
8.794310688972473145e-02
-1.695384085178375244e-02
-7.692261040210723877e-02
-8.236157894134521484e-02
6.791940890252590179e-03
-2.458403073251247406e-02
1.302289366722106934e-01
1.095318719744682312e-01
9.857773035764694214e-02
4.735929891467094421e-02
-4.353497922420501709e-02
-1.517338454723358154e-01
-1.790444254875183105e-01
-1.045036390423774719e-01
-1.341816633939743042e-01
-6.633097678422927856e-02
-3.170381113886833191e-02
-6.838999688625335693e-02
-1.135012581944465637e-01
-6.983912736177444458e-02
1.908354312181472778e-01
1.760412752628326416e-01
7.730632275342941284e-02
1.002265065908432007e-01
3.642810881137847900e-01
2.829192280769348145e-01
1.268862485885620117e-01
1.594203561544418335e-01
1.406466066837310791e-01
-1.120185330510139465e-01
-1.396910846233367920e-01
-9.088076651096343994e-02
-1.410704702138900757e-01
5.117373913526535034e-02
-2.633480820804834366e-03
-1.079460978507995605e-01
-9.715455025434494019e-02
-5.284976959228515625e-02
1.565667986869812012e-02
5.031200125813484192e-02
7.021112740039825439e-02
-2.963027916848659515e-02
1.766959950327873230e-02
8.333644270896911621e-02
-3.211382031440734863e-02
4.900967702269554138e-03
5.186673998832702637e-02
-5.045736953616142273e-02
-9.624767303466796875e-02
-2.525996975600719452e-02
6.916669011116027832e-02
1.213916018605232239e-02
5.333898961544036865e-02
-3.443279862403869629e-02
-1.005552709102630615e-01
-6.291115283966064453e-02
5.428517237305641174e-03
-6.303602363914251328e-03
2.270256914198398590e-02
-1.769791916012763977e-02
3.273687884211540222e-02
7.746078073978424072e-02
7.770993281155824661e-03
5.041345953941345215e-02
1.648103073239326477e-02
-2.321534045040607452e-02
-9.930185973644256592e-02
-2.293853089213371277e-02
2.034989930689334869e-02
-8.324203640222549438e-02
8.510064333677291870e-02
-3.732835873961448669e-02
-6.465405225753784180e-02
-6.086945906281471252e-02
1.368050426244735718e-01
-1.146938800811767578e-01
-3.896405920386314392e-02
-7.142809778451919556e-02
2.675812458619475365e-03
-3.639632090926170349e-02
-9.849060326814651489e-02
-1.101433411240577698e-01
1.748914718627929688e-01
1.761090904474258423e-01
-1.609156727790832520e-01
-7.248894125223159790e-02
1.567140966653823853e-02
2.374299615621566772e-01
7.552248984575271606e-02
-6.270349025726318359e-02
-7.303378731012344360e-02
2.544218599796295166e-01
1.690311580896377563e-01
-8.168741315603256226e-02
-5.913896113634109497e-02
-3.954096138477325439e-02
6.817768793553113937e-03
-5.615318939089775085e-02
-7.303036749362945557e-02
-1.217638179659843445e-01
1.238510832190513611e-01
2.208446413278579712e-01
-5.543205887079238892e-02
-3.310431167483329773e-02
5.731593072414398193e-02
1.948188990354537964e-01
4.016429930925369263e-02
-6.480757892131805420e-02
-1.235345974564552307e-01
1.873344182968139648e-01
-9.631214290857315063e-02
-1.119207590818405151e-01
1.240458711981773376e-01
1.567174792289733887e-01
1.925612837076187134e-01
1.089561730623245239e-01
3.391477093100547791e-02
-1.303200423717498779e-01
-5.626906827092170715e-02
-9.025607258081436157e-02
2.348519712686538696e-01
2.781233191490173340e-01
2.672549188137054443e-01
7.255980372428894043e-02
1.656513661146163940e-01
2.238847017288208008e-01
7.441066205501556396e-02
-2.100313305854797363e-01
-8.075339347124099731e-02
-1.503193527460098267e-01
7.023833692073822021e-02
1.087204068899154663e-01
1.815651804208755493e-01
2.003725320100784302e-01
1.357196718454360962e-01
-1.191568225622177124e-01
-1.113198325037956238e-01
-1.887801140546798706e-01
6.074620038270950317e-02
2.057888954877853394e-01
1.241310909390449524e-01
3.930206969380378723e-02
2.917601466178894043e-01
2.950273752212524414e-01
2.785622775554656982e-01
-1.803600974380970001e-02
1.664638519287109375e-01
1.926831901073455811e-01
1.900682039558887482e-02
6.026287004351615906e-02
2.358684316277503967e-03
1.558198966085910797e-02
2.707229927182197571e-02
1.138301417231559753e-01
1.210399195551872253e-01
3.907350078225135803e-02
4.637353122234344482e-02
9.020995348691940308e-02
1.191972568631172180e-01
-3.630072111263871193e-03
2.220154926180839539e-02
1.033683121204376221e-01
1.735188215970993042e-01
1.225973069667816162e-01
1.898335367441177368e-01
1.573686450719833374e-01
1.160725019872188568e-02
-1.690723001956939697e-02
-9.695824119262397289e-04
7.213813066482543945e-02
1.161613035947084427e-02
1.786485910415649414e-01
2.448614686727523804e-01
1.820899099111557007e-01
2.017749547958374023e-01
5.972528085112571716e-02
-8.939346298575401306e-03
-2.316954918205738068e-02
1.443661004304885864e-01
1.411449760198593140e-01
5.520949885249137878e-02
6.353589892387390137e-02
-1.912492066621780396e-01
1.017471328377723694e-01
2.941491901874542236e-01
2.644812762737274170e-01
9.344960004091262817e-02
1.528403609991073608e-01
1.979750692844390869e-01
1.136979237198829651e-01
-1.272275298833847046e-01
-2.139636725187301636e-01
-2.008235082030296326e-02
-6.566695123910903931e-02
-1.662150025367736816e-02
-3.937003016471862793e-02
4.778343066573143005e-02
5.017273873090744019e-02
-2.299061976373195648e-02
-2.020849585533142090e-01
-6.395898014307022095e-02
1.372177600860595703e-01
2.254455685615539551e-01
1.488835662603378296e-01
8.687131851911544800e-02
2.708809375762939453e-01
3.220661282539367676e-01
9.782200306653976440e-02
-1.852324306964874268e-01
-1.723218113183975220e-01
-1.041531004011631012e-02
4.008654132485389709e-02
4.199701920151710510e-02
-8.081299066543579102e-02
-3.755420818924903870e-02
-4.809645935893058777e-02
-5.222081020474433899e-02
-2.170920073986053467e-01
-6.622940301895141602e-02
2.945281006395816803e-02
-4.600435122847557068e-02
-5.256076902151107788e-02
-8.432941883802413940e-02
2.848099917173385620e-02
3.490563854575157166e-02
8.286216296255588531e-03
-1.105124577879905701e-01
-1.121059730648994446e-01
-1.998288929462432861e-02
-5.369405075907707214e-02
-8.869293332099914551e-02
-1.879950612783432007e-01
-5.436598137021064758e-02
-5.011634156107902527e-02
-5.419715866446495056e-02
-6.151856854557991028e-02
-1.082780510187149048e-01
4.346735030412673950e-02
4.016083106398582458e-02
1.520819962024688721e-02
-1.217331588268280029e-01
-4.880284890532493591e-02
-1.101406011730432510e-02
3.250847011804580688e-02
-6.009551137685775757e-02
-3.082931973040103912e-02
-2.295134030282497406e-02
-6.856834143400192261e-02
-8.775249123573303223e-02
-2.379338890314102173e-01
-9.174540638923645020e-02
-5.538322031497955322e-02
-4.321030899882316589e-02
-1.187475919723510742e-01
-4.221843928098678589e-02
-6.070467829704284668e-02
1.194489002227783203e-02
2.608565054833889008e-02
-3.892140090465545654e-02
-1.643151044845581055e-02
-2.602034062147140503e-02
-1.305472012609243393e-02
3.920099884271621704e-02
-6.514260917901992798e-02
1.126918010413646698e-02
-6.277107633650302887e-03
-2.720046974718570709e-02
-1.113363429903984070e-01
3.300330042839050293e-02
2.398472093045711517e-02
4.079664871096611023e-02
-1.056444793939590454e-01
5.966158956289291382e-02
1.195221021771430969e-02
-3.179441019892692566e-02
-1.692589931190013885e-02
-6.177841126918792725e-02
1.841576024889945984e-02
-5.510781891644001007e-03
-6.821765005588531494e-02
-3.191887959837913513e-02
-9.545475989580154419e-02
3.030549921095371246e-02
-4.896152019500732422e-02
-2.914623916149139404e-02
-1.328334361314773560e-01
-4.783419147133827209e-02
6.078368984162807465e-03
-1.449538022279739380e-02
-1.335821151733398438e-01
-9.687773883342742920e-02
-2.813792973756790161e-02
1.213498041033744812e-02
6.650011241436004639e-02
-2.039067074656486511e-02
1.335619837045669556e-01
5.986414849758148193e-02
-9.127606637775897980e-03
-1.878015995025634766e-01
-1.199281737208366394e-01
-6.342236697673797607e-02
1.229534018784761429e-02
7.143230736255645752e-02
1.071300879120826721e-01
1.108576506376266479e-01
6.569190323352813721e-02
-2.956398949027061462e-02
-1.628832519054412842e-01
-1.399354934692382812e-01
-1.292514987289905548e-02
3.833013027906417847e-02
9.130384027957916260e-02
-5.086256936192512512e-02
5.617329105734825134e-02
-3.896667063236236572e-02
-6.282310932874679565e-02
-1.149000972509384155e-01
-1.426410973072052002e-01
-4.530499130487442017e-02
1.598189026117324829e-02
9.167797118425369263e-02
8.663293719291687012e-02
4.885277152061462402e-02
-5.741218850016593933e-02
-7.565768808126449585e-02
-1.713646352291107178e-01
-2.619422040879726410e-02
-2.477579005062580109e-02
2.679586969316005707e-02
1.162195205688476562e-01
8.788391202688217163e-02
1.552063971757888794e-01
4.709548875689506531e-02
4.504482820630073547e-02
-1.021407395601272583e-01
-1.229337230324745178e-01
-4.820546135306358337e-02
-5.484833940863609314e-02
5.473754182457923889e-02
7.346445322036743164e-02
5.577277019619941711e-02
-8.209964632987976074e-02
3.462975099682807922e-02
-2.096223384141921997e-01
-9.324598312377929688e-02
3.794816788285970688e-03
3.617633134126663208e-02
1.674240827560424805e-01
7.058107107877731323e-02
1.020495966076850891e-01
-6.795345991849899292e-02
3.228073008358478546e-03
-1.258930861949920654e-01
-1.749695986509323120e-01
2.078313939273357391e-02
-7.694324105978012085e-02
1.218464002013206482e-01
8.997163921594619751e-02
4.793497174978256226e-02
-1.138337925076484680e-01
-8.046358823776245117e-02
-2.571683526039123535e-01
-8.080962300300598145e-02
6.807115394622087479e-03
-2.930280007421970367e-02
-3.049382939934730530e-03
-1.110628619790077209e-01
-4.628859832882881165e-02
-7.821649312973022461e-02
7.701274938881397247e-03
-1.024770587682723999e-01
1.210427144542336464e-03
2.057385891675949097e-01
-3.241005167365074158e-02
8.429722860455513000e-03
1.946463994681835175e-02
-1.197972986847162247e-02
-1.457997560501098633e-01
4.233613982796669006e-02
-4.140967037528753281e-03
-6.866435706615447998e-02
-2.431862056255340576e-02
-1.352913826704025269e-01
1.258916454389691353e-03
-1.142511069774627686e-01
-4.303650930523872375e-02
-1.694815047085285187e-02
5.720210075378417969e-02
-1.604020744562149048e-01
2.772895991802215576e-02
5.498344823718070984e-02
-1.501056700944900513e-01
1.450865995138883591e-02
2.350302971899509430e-02
-4.301004111766815186e-02
-4.951801896095275879e-02
2.170223295688629150e-01
-3.159154951572418213e-02
-1.963303051888942719e-02
1.823264658451080322e-01
-3.263875097036361694e-02
-2.884768880903720856e-03
1.587562076747417450e-02
-1.943039009347558022e-03
-7.789494097232818604e-02
4.674156010150909424e-02
-6.255763582885265350e-03
8.925961703062057495e-02
2.135374695062637329e-01
1.254677027463912964e-02
-6.999976187944412231e-02
-5.931327864527702332e-02
-1.884327083826065063e-02
-4.306272044777870178e-02
1.179413571953773499e-01
3.842727839946746826e-02
-3.907030075788497925e-02
5.636113882064819336e-02
-9.766008704900741577e-02
-2.104000002145767212e-02
8.727113716304302216e-03
-2.736877091228961945e-02
-5.112273991107940674e-02
1.699681431055068970e-01
2.955785021185874939e-02
2.094013988971710205e-02
8.414304256439208984e-02
-3.335762023925781250e-02
-3.617456927895545959e-02
-5.808247998356819153e-02
-8.872100710868835449e-02
2.927705086767673492e-02
2.707783877849578857e-01
6.075108051300048828e-02
7.478260993957519531e-02
1.528283059597015381e-01
-3.908453881740570068e-02
-5.101782083511352539e-02
-9.519980289041996002e-03
-3.272416070103645325e-02
-8.735624700784683228e-02
7.633440196514129639e-02
-7.185312360525131226e-02
1.384128630161285400e-01
7.812646031379699707e-02
-1.290145069360733032e-01
-5.488589033484458923e-02
-5.644578114151954651e-02
-3.290703147649765015e-02
-1.118475720286369324e-01
3.751569986343383789e-02
-5.978152900934219360e-02
-9.155275672674179077e-02
5.657314881682395935e-02
-4.328186064958572388e-02
-3.047933056950569153e-02
-1.413135044276714325e-02
-1.018104031682014465e-01
-1.384012959897518158e-02
2.013253420591354370e-01
-1.536872982978820801e-02
-7.641168683767318726e-02
5.906777828931808472e-02
-7.833144813776016235e-02
-1.523801032453775406e-02
-7.502608746290206909e-02
-9.461884945631027222e-02
-1.501323282718658447e-01
1.605066508054733276e-01
9.021381288766860962e-02
8.473236113786697388e-02
3.386266902089118958e-02
-9.147339314222335815e-02
-9.170617908239364624e-02
-8.498498052358627319e-02
-5.119187012314796448e-02
-1.043104007840156555e-01
1.041617989540100098e-02
-3.064912930130958557e-02
9.340211749076843262e-02
6.448522210121154785e-02
-3.881053999066352844e-02
-4.985436052083969116e-02
-1.479401737451553345e-01
-5.200111865997314453e-02
-2.144495025277137756e-02
4.000820964574813843e-02
1.242080405354499817e-01
-1.851651072502136230e-02
-4.116731882095336914e-02
-1.195170283317565918e-01
-4.879032820463180542e-02
-8.722514659166336060e-02
-8.454733341932296753e-02
-1.054916530847549438e-01
1.125197634100914001e-01
1.076634526252746582e-01
1.920198351144790649e-01
6.128913164138793945e-02
-2.734614908695220947e-02
-8.834923058748245239e-02
-1.699982583522796631e-01
-3.548347949981689453e-02
-5.360923241823911667e-03
8.297953754663467407e-02
7.226377725601196289e-02
4.194528982043266296e-02
4.668673127889633179e-02
8.739023469388484955e-03
6.980139017105102539e-02
5.652479827404022217e-02
5.879445001482963562e-02
2.477076090872287750e-02
2.451422996819019318e-02
1.243367269635200500e-01
5.600227043032646179e-02
6.886369735002517700e-02
3.863076120615005493e-02
7.459055632352828979e-02
2.264139056205749512e-02
1.495468989014625549e-02
6.344220042228698730e-02
6.945207715034484863e-02
2.931899018585681915e-02
1.171937063336372375e-01
4.527426883578300476e-02
3.248191997408866882e-02
2.082714810967445374e-03
2.044625952839851379e-02
1.140344887971878052e-01
4.303891956806182861e-02
6.444661319255828857e-02
4.959024116396903992e-02
8.174093812704086304e-02
9.240247309207916260e-02
4.894639179110527039e-02
2.252936922013759613e-02
-1.652530021965503693e-02
7.587012648582458496e-02
6.064248830080032349e-02
1.395439505577087402e-01
2.772831916809082031e-02
7.093039155006408691e-02
8.501237630844116211e-02
1.701300963759422302e-02
9.055721759796142578e-02
3.342143595218658447e-01
2.016378194093704224e-01
9.821029752492904663e-02
7.951369136571884155e-02
8.695120364427566528e-02
-1.275773048400878906e-01
-1.386597752571105957e-01
-6.610067933797836304e-02
-1.098550632596015930e-01
3.406815975904464722e-02
-1.116336043924093246e-02
-7.281768321990966797e-02
-1.352571547031402588e-01
-1.284471750259399414e-01
8.956249803304672241e-02
9.171610325574874878e-02
1.009231731295585632e-01
2.338536977767944336e-01
3.448951542377471924e-01
9.901747852563858032e-02
2.002922073006629944e-02
1.233599036931991577e-01
7.606189697980880737e-02
-1.489932984113693237e-01
-1.563462167978286743e-01
-6.494618207216262817e-02
-1.760547049343585968e-02
3.404276818037033081e-02
-1.320884525775909424e-01
-1.210116893053054810e-01
-1.829457432031631470e-01
-1.656070947647094727e-01
2.183886989951133728e-02
-2.752613089978694916e-02
1.813638024032115936e-02
2.000756934285163879e-02
1.319923996925354004e-02
8.030241727828979492e-02
1.220535021275281906e-02
2.982333768159151077e-03
-1.307069975882768631e-02
5.970297008752822876e-02
-5.345283821225166321e-02
-3.381982073187828064e-02
-9.875437244772911072e-03
-6.869386881589889526e-02
3.956729918718338013e-02
-3.108176030218601227e-02
-5.732809007167816162e-02
2.172386087477207184e-02
4.159764945507049561e-02
2.627839334309101105e-03
4.813228920102119446e-02
9.358982741832733154e-02
-8.183890022337436676e-03
1.724573969841003418e-02
-2.547474019229412079e-02
-4.967287927865982056e-02
-2.390375919640064240e-02
6.640504300594329834e-02
-6.306566298007965088e-02
1.137518044561147690e-02
5.589377880096435547e-02
-8.237787336111068726e-02
2.455000951886177063e-02
-3.059422038495540619e-02
-8.953978121280670166e-02
6.851497292518615723e-02
7.190267741680145264e-02
-7.610799372196197510e-02
7.872379384934902191e-03
-7.858308032155036926e-03
6.006952002644538879e-02
-1.126728020608425140e-02
-2.857430605217814445e-03
-4.772894829511642456e-02
1.884943991899490356e-02
1.500585675239562988e-01
-6.268820911645889282e-02
-1.989072002470493317e-02
1.138398982584476471e-02
8.760450780391693115e-02
3.879006952047348022e-02
-9.669268503785133362e-03
-8.012960851192474365e-02
6.414555013179779053e-02
-1.362949982285499573e-02
-9.135522693395614624e-02
1.755158975720405579e-02
4.459473863244056702e-02
9.650917351245880127e-02
5.219947919249534607e-02
-2.194408327341079712e-03
-7.037939131259918213e-02
-1.599054038524627686e-02
1.310331672430038452e-01
-2.492602914571762085e-02
-1.032540015876293182e-02
-2.903307043015956879e-02
4.489159956574440002e-02
5.148085951805114746e-02
1.858172938227653503e-02
-2.919228002429008484e-02
8.299296349287033081e-02
-4.590358957648277283e-02
-1.574563235044479370e-01
-9.068197757005691528e-02
-2.972453087568283081e-02
1.298501789569854736e-01
2.232048511505126953e-01
2.426191419363021851e-01
3.642649948596954346e-02
-5.506421998143196106e-02
2.674130490049719810e-03
-3.834031894803047180e-02
6.449423730373382568e-02
3.834865987300872803e-02
3.816990926861763000e-02
2.503927052021026611e-01
3.421201705932617188e-01
3.243388235569000244e-01
1.882457286119461060e-01
-8.599839359521865845e-02
-1.759940832853317261e-01
-1.531701534986495972e-01
-9.913154691457748413e-02
-2.856072038412094116e-02
-5.304699018597602844e-02
-1.064378418959677219e-03
-6.641813367605209351e-02
-7.509297877550125122e-02
1.463360991328954697e-02
-7.551918178796768188e-02
-4.510372877120971680e-02
-8.446200750768184662e-03
1.772175915539264679e-02
4.068234935402870178e-02
2.029530704021453857e-01
1.571944653987884521e-01
5.712103098630905151e-02
2.629699707031250000e-01
1.465775370597839355e-01
1.547317020595073700e-02
-5.052775889635086060e-02
-3.881341964006423950e-02
-1.437882985919713974e-02
-4.930176958441734314e-02
1.171956807374954224e-01
2.409841716289520264e-01
2.646859884262084961e-01
3.169857859611511230e-01
1.010360792279243469e-01
-1.096375007182359695e-02
-1.367012970149517059e-02
1.710423231124877930e-01
2.006531357765197754e-01
2.676224801689386368e-03
-1.190034020692110062e-02
1.830160766839981079e-01
9.459769725799560547e-02
-6.357619166374206543e-02
-6.473801285028457642e-02
1.377905998378992081e-02
-1.003277525305747986e-01
-6.388740241527557373e-02
3.803930478170514107e-03
6.206078082323074341e-02
1.034912019968032837e-01
2.680433690547943115e-01
8.179186843335628510e-03
-2.314350940287113190e-02
9.344222024083137512e-03
9.198381006717681885e-02
3.681325912475585938e-02
-8.773396722972393036e-03
-9.662418067455291748e-02
-2.715707942843437195e-02
1.350351721048355103e-01
8.962728083133697510e-02
-6.570714991539716721e-03
-3.201198950409889221e-02
2.851082384586334229e-01
3.209571540355682373e-01
1.851269453763961792e-01
-1.423085778951644897e-01
-1.404855102300643921e-01
-7.181298732757568359e-02
-8.575408160686492920e-02
-8.661679923534393311e-02
-1.741607934236526489e-01
7.543266401626169682e-04
5.601676926016807556e-02
1.358539164066314697e-01
-4.960437119007110596e-02
-7.708392292261123657e-02
1.067633330821990967e-01
-4.407545924186706543e-02
-7.209078222513198853e-02
3.663662821054458618e-02
2.894931733608245850e-01
4.112712144851684570e-01
2.743116915225982666e-01
-6.900327652692794800e-02
-2.147419005632400513e-01
-1.557863205671310425e-01
-1.955548375844955444e-01
-1.520962119102478027e-01
-1.126917898654937744e-01
7.416003197431564331e-02
1.899133026599884033e-01
2.685817182064056396e-01
1.952259056270122528e-02
1.017921976745128632e-02
2.159843035042285919e-02
-4.951654002070426941e-03
-4.368168115615844727e-02
-1.272167116403579712e-01
-6.673956662416458130e-02
-1.127524971961975098e-01
4.413409158587455750e-02
5.578311905264854431e-02
3.896770998835563660e-02
3.566417098045349121e-02
-5.871815979480743408e-02
-7.388090342283248901e-02
-1.796556264162063599e-01
-8.570268005132675171e-02
-1.527323126792907715e-01
-6.022318080067634583e-02
-6.999847292900085449e-02
-6.815105676651000977e-03
6.294261664152145386e-02
-6.549014360643923283e-04
-1.128653995692729950e-02
-2.289656922221183777e-02
4.849290102720260620e-02
4.140803962945938110e-02
2.368193864822387695e-01
1.454573273658752441e-01
1.989964954555034637e-02
1.203266233205795288e-01
3.874630900099873543e-03
-6.025976501405239105e-03
-5.919774994254112244e-02
-3.067223913967609406e-02
-7.787776738405227661e-02
1.083472669124603271e-01
2.153730019927024841e-02
2.765648998320102692e-02
3.975543007254600525e-02
-1.218290627002716064e-01
-4.900113120675086975e-02
-9.940099716186523438e-02
-6.453610956668853760e-02
-1.375721544027328491e-01
-3.721382096409797668e-02
2.827375940978527069e-02
-4.351248964667320251e-02
1.907037943601608276e-02
-1.028411984443664551e-01
-5.671159923076629639e-02
-1.076064705848693848e-01
-9.624008834362030029e-02
-9.565596282482147217e-02
-1.303653977811336517e-02
3.080539032816886902e-02
1.416510995477437973e-02
5.846142023801803589e-02
-5.429715383797883987e-03
6.221475824713706970e-02
-3.320325165987014771e-02
-6.791797280311584473e-02
-5.791341885924339294e-02
1.285136938095092773e-01
1.499034613370895386e-01
3.634373843669891357e-02
1.426288485527038574e-01
4.330391064286231995e-02
5.032569169998168945e-02
-5.631913989782333374e-02
1.606136932969093323e-02
4.387222975492477417e-02
2.234499454498291016e-01
1.572263538837432861e-01
-4.693628102540969849e-02
3.006578981876373291e-02
-2.528826473280787468e-03
5.717620998620986938e-02
-7.529723644256591797e-02
-2.848587930202484131e-02
-6.868757307529449463e-02
-4.517293069511651993e-03
6.466042250394821167e-02
-5.935378000140190125e-02
-4.704856872558593750e-02
-7.363958656787872314e-02
4.843248054385185242e-02
-1.342137455940246582e-01
-9.789340198040008545e-02
-1.025526970624923706e-01
3.509851917624473572e-02
4.751542955636978149e-02
-3.822322934865951538e-02
9.740467369556427002e-02
4.762915894389152527e-02
3.940146043896675110e-02
-8.283258974552154541e-02
9.552965313196182251e-02
5.038738995790481567e-02
2.125862240791320801e-01
9.646991640329360962e-02
3.241192921996116638e-02
5.167701095342636108e-02
4.614569991827011108e-02
4.330090060830116272e-02
-2.671840041875839233e-02
-6.259909272193908691e-02
-2.301898039877414703e-02
1.882916986942291260e-01
1.052278578281402588e-01
4.313189908862113953e-02
1.670948043465614319e-02
-8.421924710273742676e-02
5.911416932940483093e-02
-1.058260202407836914e-01
-4.855484142899513245e-02
-8.373898267745971680e-02
7.775914669036865234e-02
3.723533079028129578e-02
-1.204734370112419128e-01
4.863455425947904587e-03
-1.052090227603912354e-01
6.571781635284423828e-02
-7.528136670589447021e-02
-3.245650976896286011e-02
-9.869065880775451660e-02
-2.917476929724216461e-02
-1.829327046871185303e-01
1.481094509363174438e-01
9.240337647497653961e-03
-4.354913905262947083e-02
2.266884967684745789e-02
-1.187272891402244568e-01
-4.016589000821113586e-02
2.830228954553604126e-02
2.253904789686203003e-01
2.056564390659332275e-01
1.670179665088653564e-01
9.019923955202102661e-02
1.300652045756578445e-02
9.760600328445434570e-02
-3.675831109285354614e-02
-1.935447938740253448e-02
-6.894835084676742554e-02
8.077277243137359619e-02
1.904753744602203369e-01
1.131222620606422424e-01
4.106042906641960144e-02
-1.118718236684799194e-01
4.312805831432342529e-02
-1.854857951402664185e-01
-1.128717362880706787e-01
-8.794551342725753784e-02
2.078280970454216003e-02
-1.529548615217208862e-01
1.180638596415519714e-01
-1.103217992931604385e-02
-1.597111672163009644e-01
2.153537981212139130e-02
-5.232147127389907837e-02
-1.083531677722930908e-01
-1.391036659479141235e-01
5.920752137899398804e-02
-1.012260168790817261e-01
2.017425000667572021e-01
9.105796366930007935e-02
-1.881347969174385071e-02
9.559009969234466553e-02
-3.725745156407356262e-02
-9.442930668592453003e-02
-9.763173758983612061e-02
5.854453891515731812e-02
8.287181705236434937e-02
1.291984915733337402e-01
8.594352006912231445e-02
-2.498065819963812828e-03
2.398440055549144745e-02
5.679501220583915710e-03
-6.296339631080627441e-02
-1.299327015876770020e-01
3.855852037668228149e-02
5.186560004949569702e-02
1.083990782499313354e-01
-3.380462899804115295e-02
-1.265483200550079346e-01
-5.399338901042938232e-02
-7.456800341606140137e-02
-4.736232012510299683e-02
-1.016423106193542480e-01
7.496138662099838257e-02
8.125214278697967529e-02
7.656177133321762085e-02
-4.999602958559989929e-02
-1.282307654619216919e-01
-7.692395150661468506e-02
-1.131752431392669678e-01
-9.118655323982238770e-02
-5.695668980479240417e-02
1.047720909118652344e-01
7.468581199645996094e-02
1.630048081278800964e-02
-8.009616285562515259e-03
-6.582128256559371948e-02
-4.019095003604888916e-02
-4.682907089591026306e-02
-1.907842047512531281e-02
-1.099772006273269653e-01
4.911405965685844421e-02
2.931029908359050751e-02
4.197734966874122620e-02
-5.773980170488357544e-02
-9.670641273260116577e-02
-3.594950959086418152e-02
-3.402120992541313171e-02
-7.149299234151840210e-02
-1.056620031595230103e-01
1.060128584504127502e-01
6.340689212083816528e-02
-1.518632005900144577e-02
-5.964023061096668243e-03
-7.628011703491210938e-02
-3.527791472151875496e-03
-2.683853916823863983e-02
-1.026549413800239563e-01
-2.680815011262893677e-02
1.633838117122650146e-01
3.103514946997165680e-02
2.296976000070571899e-02
1.624348014593124390e-02
-1.083161979913711548e-01
-2.314233034849166870e-02
-4.789968952536582947e-02
-5.530700087547302246e-02
-6.461314111948013306e-02
1.049450635910034180e-01
4.642856121063232422e-02
-7.592955231666564941e-02
-6.197905167937278748e-02
-9.042154252529144287e-02
-1.445521041750907898e-02
-4.297817870974540710e-02
-1.126201525330543518e-01
-1.143051236867904663e-01
3.174541145563125610e-02
-3.677487000823020935e-02
-2.963995933532714844e-02
-6.610169261693954468e-02
-1.329204887151718140e-01
-7.059066742658615112e-02
-8.444111049175262451e-02
-2.640536054968833923e-02
-7.136250287294387817e-02
4.559966921806335449e-02
1.459980010986328125e-02
1.798925101757049561e-01
4.435328021645545959e-02
-1.246472969651222229e-01
-2.871114946901798248e-02
-1.075220927596092224e-01
-3.393742069602012634e-02
-3.791407868266105652e-02
2.548250928521156311e-02
1.956049911677837372e-02
1.924565136432647705e-01
1.396325379610061646e-01
-5.904696136713027954e-02
-7.424625754356384277e-02
-1.041188389062881470e-01
1.541761332191526890e-03
1.797428913414478302e-02
1.302584409713745117e-01
4.547642171382904053e-02
-5.710348859429359436e-02
-1.069716066122055054e-01
-1.348943710327148438e-01
-6.515754759311676025e-02
-6.406886130571365356e-02
-4.085729364305734634e-03
-1.336483005434274673e-02
4.368736967444419861e-02
-1.125971972942352295e-01
-5.701635032892227173e-02
-6.469970941543579102e-02
-8.346602320671081543e-02
-4.166769981384277344e-02
-5.795542895793914795e-02
-8.247511088848114014e-02
-5.742628127336502075e-02
8.452253788709640503e-02
-3.350223973393440247e-02
1.398085951805114746e-01
1.325227469205856323e-01
7.589617371559143066e-02
7.539988309144973755e-02
1.215579733252525330e-01
1.908728927373886108e-01
1.505075097084045410e-01
2.125024497509002686e-01
1.420679986476898193e-01
1.298488955944776535e-02
7.450245320796966553e-02
6.559097021818161011e-02
1.700557023286819458e-02
4.512970894575119019e-02
1.695069968700408936e-01
1.026157736778259277e-01
1.638998240232467651e-01
5.505058914422988892e-02
-3.453077003359794617e-02
8.622462302446365356e-02
7.935953885316848755e-02
3.976260125637054443e-02
2.036090940237045288e-02
3.957448992878198624e-03
3.267065063118934631e-02
1.523591876029968262e-01
1.297494024038314819e-02
-8.109194040298461914e-02
1.407558005303144455e-02
4.406934138387441635e-03
-1.515741795301437378e-01
-1.139047816395759583e-01
-7.487597316503524780e-02
-7.813224568963050842e-03
-2.749544940888881683e-02
-1.018140763044357300e-01
1.375571638345718384e-01
1.400721073150634766e-01
1.348256170749664307e-01
2.751723527908325195e-01
3.425110876560211182e-01
7.639656960964202881e-02
7.268606871366500854e-02
1.982388198375701904e-01
1.613579094409942627e-01
-4.186462983489036560e-02
-1.278410702943801880e-01
-9.846287220716476440e-02
3.169041126966476440e-02
1.097408235073089600e-01
-1.505192220211029053e-01
-8.916725963354110718e-02
-7.138767093420028687e-02
-4.153348878026008606e-02
6.254184525460004807e-03
1.266654022037982941e-02
1.053324863314628601e-01
1.274914443492889404e-01
1.514805257320404053e-01
1.498513016849756241e-02
6.305948644876480103e-02
-1.247122976928949356e-02
-8.778400719165802002e-02
-8.551879972219467163e-02
-1.195514574646949768e-01
-8.493571728467941284e-02
-2.901620045304298401e-02
-2.394858933985233307e-02
-1.342731267213821411e-01
-1.105320006608963013e-01
-1.441325992345809937e-01
-1.520328521728515625e-01
3.972759842872619629e-02
-3.721273096743971109e-04
-4.200918972492218018e-02
6.105104088783264160e-02
1.904975064098834991e-02
-1.106190960854291916e-02
-7.274457719177007675e-03
-1.520340982824563980e-02
1.102285110391676426e-03
-4.949187114834785461e-02
-8.013098686933517456e-02
5.720710381865501404e-03
8.415453881025314331e-02
-6.523151695728302002e-02
3.664081171154975891e-02
-2.673042006790637970e-02
-1.206615418195724487e-01
-3.702073916792869568e-02
6.006579846143722534e-02
1.628682017326354980e-02
-6.177726201713085175e-03
8.192338794469833374e-02
-3.416298190131783485e-03
2.870512008666992188e-02
5.807140842080116272e-02
4.959985986351966858e-02
4.618250951170921326e-02
-4.901628941297531128e-02
-1.057957410812377930e-01
2.274442091584205627e-02
1.207096129655838013e-01
2.235974883660674095e-03
9.831765294075012207e-02
-3.019847907125949860e-02
-1.118196994066238403e-01
-4.961074888706207275e-02
2.498928084969520569e-02
-3.714990988373756409e-02
-1.619653031229972839e-02
2.643485926091670990e-02
-7.629643194377422333e-03
-2.882290072739124298e-02
-6.242594122886657715e-02
-8.439861238002777100e-02
7.220893353223800659e-02
7.263951748609542847e-02
1.561573985964059830e-02
3.091968037188053131e-02
1.708712056279182434e-02
-3.797151148319244385e-02
-3.185611218214035034e-03
1.624020934104919434e-02
-2.828573063015937805e-02
1.128444373607635498e-01
-1.322807162068784237e-03
-7.784859836101531982e-02
-7.209099829196929932e-02
3.372241929173469543e-02
1.215452924370765686e-01
2.278104051947593689e-02
-5.275499820709228516e-02
-1.918484084308147430e-02
1.298929303884506226e-01
5.424401164054870605e-02
2.333085983991622925e-02
4.029022157192230225e-02
1.239291802048683167e-01
9.495489299297332764e-02
9.190340340137481689e-02
7.935889065265655518e-02
8.768168278038501740e-03
1.714844554662704468e-01
-8.513026870787143707e-03
-8.011248707771301270e-02
-6.796283274888992310e-02
4.884845018386840820e-02
1.112272031605243683e-02
-7.835306227207183838e-02
-1.148114446550607681e-03
-3.440760076045989990e-02
2.845242992043495178e-02
7.695542275905609131e-02
-7.069533318281173706e-02
-1.151784043759107590e-02
-8.538843132555484772e-03
-1.662785932421684265e-02
-4.163863882422447205e-02
5.400504916906356812e-02
2.859162911772727966e-02
2.921851910650730133e-02
5.003134906291961670e-02
-6.857180502265691757e-03
-1.632611081004142761e-02
7.780216634273529053e-02
4.042809829115867615e-02
-1.216439995914697647e-02
3.609145991504192352e-03
-6.322435289621353149e-02
9.516725689172744751e-02
1.287703067064285278e-01
-9.691624902188777924e-03
1.031178981065750122e-02
5.180894955992698669e-02
-9.346592240035533905e-03
-1.644532941281795502e-02
-4.849347099661827087e-02
-4.343235865235328674e-02
1.051478311419487000e-01
8.046635240316390991e-02
-4.615205153822898865e-02
-3.975486010313034058e-02
-1.485524978488683701e-02
1.309683024883270264e-01
-1.517949998378753662e-02
-6.571897864341735840e-02
-4.016371816396713257e-02
1.849786005914211273e-02
2.439670078456401825e-02
8.067257702350616455e-02
1.748247188515961170e-03
7.053747028112411499e-02
8.819518238306045532e-02
-5.083525553345680237e-03
-6.550862640142440796e-02
-8.266170322895050049e-02
-7.780604809522628784e-02
1.453450042754411697e-02
-8.756890147924423218e-02
1.096501015126705170e-02
-8.713191375136375427e-03
1.011046394705772400e-01
2.420769073069095612e-02
-6.708382815122604370e-02
2.007810957729816437e-02
5.931330379098653793e-03
5.398923158645629883e-02
7.538138329982757568e-02
2.049227058887481689e-02
2.242588996887207031e-02
4.011069983243942261e-02
-1.448758179321885109e-03
-4.191151820123195648e-03
6.367654353380203247e-02
2.506933920085430145e-02
2.434536069631576538e-02
5.879405140876770020e-02
-8.229528553783893585e-03
-1.242441032081842422e-02
4.224925860762596130e-02
-1.754922978579998016e-02
5.958161130547523499e-02
3.818885982036590576e-02
-1.830363087356090546e-02
-4.308917000889778137e-02
-4.422197118401527405e-02
-2.432720921933650970e-02
2.264866046607494354e-02
2.037514233961701393e-03
1.197030954062938690e-02
4.439203068614006042e-02
1.216924712061882019e-01
3.602712973952293396e-02
-2.599251084029674530e-02
-1.982264919206500053e-03
2.046336047351360321e-02
-2.639058046042919159e-02
-1.912425504997372627e-03
-9.334669262170791626e-02
-3.595152869820594788e-02
-9.881798177957534790e-03
-6.848444789648056030e-02
-4.666303098201751709e-02
-9.955736249685287476e-02
-4.206430166959762573e-02
2.609075047075748444e-02
9.090052917599678040e-03
-7.138551026582717896e-02
-4.223132273182272911e-04
1.766644977033138275e-02
2.756403945386409760e-02
1.308276038616895676e-02
4.052890837192535400e-02
2.387515082955360413e-02
5.337297916412353516e-02
2.500630915164947510e-02
-4.970853030681610107e-02
-1.246744468808174133e-01
1.760440319776535034e-01
1.225641071796417236e-01
-7.512254267930984497e-02
8.704510517418384552e-03
-5.697548016905784607e-02
-3.626473993062973022e-02
-8.766232989728450775e-03
-1.210897043347358704e-02
-9.451521933078765869e-02
7.490731775760650635e-02
-2.008000947535037994e-02
-2.681278064846992493e-02
-6.463404744863510132e-02
-1.517506968230009079e-02
7.337577641010284424e-03
6.071479059755802155e-03
-9.316963702440261841e-02
-4.575328156352043152e-02
1.326159685850143433e-01
1.542486995458602905e-01
-1.655917987227439880e-02
-2.772389911115169525e-02
-5.243644118309020996e-02
-2.356456033885478973e-02
-2.351753041148185730e-02
-1.021161526441574097e-01
-1.287303566932678223e-01
1.454978734254837036e-01
1.251985579729080200e-01
4.387626890093088150e-03
2.795992046594619751e-02
5.170321837067604065e-02
9.223596006631851196e-02
5.890015140175819397e-02
2.376700937747955322e-02
-2.777346037328243256e-02
9.506908059120178223e-02
2.328936010599136353e-02
-2.319928072392940521e-02
-3.218695893883705139e-02
-1.527841016650199890e-02
-1.016694027930498123e-02
-2.674718946218490601e-02
5.137179046869277954e-02
1.980666071176528931e-02
6.544446945190429688e-02
-1.746170967817306519e-02
1.026379968971014023e-02
1.561805978417396545e-02
7.970045553520321846e-04
7.601810246706008911e-02
1.907249912619590759e-02
-3.083034977316856384e-02
-5.987391993403434753e-02
9.242782741785049438e-02
1.455502510070800781e-01
1.035827025771141052e-02
3.092400915920734406e-02
-9.562709182500839233e-02
-3.802353888750076294e-02
2.531144022941589355e-02
3.079449012875556946e-02
-7.100714743137359619e-02
3.330720961093902588e-02
-2.691168570891022682e-03
3.167489916086196899e-02
5.744998902082443237e-02
3.259894996881484985e-02
1.912669395096600056e-03
3.194577991962432861e-02
7.389775663614273071e-02
2.198060043156147003e-02
7.633314281702041626e-02
3.293104842305183411e-02
-9.103648364543914795e-02
4.718142002820968628e-02
6.102671846747398376e-02
-1.003063004463911057e-02
5.854813847690820694e-03
-1.522574014961719513e-02
2.323525957763195038e-02
1.058434471487998962e-01
4.358794540166854858e-03
6.107873097062110901e-02
5.868602916598320007e-02
-3.115531057119369507e-02
1.214678958058357239e-02
8.567052334547042847e-02
3.939266316592693329e-03
-2.521488070487976074e-02
-1.884251832962036133e-03
2.038053050637245178e-02
-6.268548313528299332e-04
4.897437989711761475e-02
-4.280585050582885742e-02
-4.819688946008682251e-02
-4.812866821885108948e-02
-1.451185997575521469e-02
5.101469159126281738e-02
-9.011254645884037018e-03
-3.333859145641326904e-02
3.917954862117767334e-02
4.196447879076004028e-02
4.292134940624237061e-02
2.809529006481170654e-02
2.999714948236942291e-02
4.081347957253456116e-02
9.100390598177909851e-03
9.703232347965240479e-02
1.037974134087562561e-01
2.348724938929080963e-02
-4.727566149085760117e-03
1.027324981987476349e-02
1.040265783667564392e-01
1.207182332873344421e-01
9.817299246788024902e-02
-2.612032927572727203e-02
3.638413920998573303e-02
5.896405130624771118e-02
4.865024983882904053e-02
4.793909937143325806e-02
-3.882320970296859741e-02
-2.962117083370685577e-02
-1.222268026322126389e-02
4.071597009897232056e-02
1.922776922583580017e-02
-2.287865988910198212e-02
3.328381106257438660e-02
1.859091967344284058e-02
9.024994075298309326e-02
3.804454952478408813e-02
-1.424510031938552856e-02
1.953738927841186523e-02
2.509617060422897339e-02
-3.390913829207420349e-02
-5.663941055536270142e-02
-1.641979068517684937e-02
5.848591029644012451e-02
4.639669880270957947e-02
2.092115953564643860e-02
1.291179060935974121e-01
1.991813927888870239e-01
7.739855349063873291e-02
-7.258060388267040253e-03
4.074838012456893921e-02
3.183992952108383179e-02
1.392513164319097996e-03
-1.428624987602233887e-02
1.865479908883571625e-02
8.529540896415710449e-02
1.354750990867614746e-01
1.118966117501258850e-01
3.998900949954986572e-02
9.575937688350677490e-02
-2.631101943552494049e-02
-3.458252921700477600e-02
-4.749985039234161377e-02
-6.070715934038162231e-02
4.718840122222900391e-03
6.445789337158203125e-02
-2.450037933886051178e-02
-5.483775958418846130e-02
-4.657236859202384949e-02
-2.030717022716999054e-02
-3.480765968561172485e-02
-9.397730976343154907e-02
-6.399717926979064941e-02
-1.804585009813308716e-02
5.623483099043369293e-03
-6.648114882409572601e-03
-6.517869234085083008e-02
6.962102372199296951e-03
-1.860148087143898010e-02
-4.245829954743385315e-02
-5.850366875529289246e-02
-3.244171151891350746e-03
7.700698077678680420e-02
1.129099130630493164e-01
9.923029690980911255e-02
-2.970599010586738586e-02
5.592411011457443237e-02
4.813978821039199829e-02
-9.811194986104965210e-02
-9.357996284961700439e-02
-3.276114165782928467e-02
5.218337848782539368e-02
4.141375049948692322e-02
3.929778002202510834e-03
-5.047480016946792603e-02
1.596008390188217163e-01
4.612800106406211853e-02
-3.114097937941551208e-02
-4.650044068694114685e-02
-3.249794989824295044e-02
-2.425641007721424103e-02
-4.311354830861091614e-02
4.307658970355987549e-02
-9.401883184909820557e-02
-4.742785170674324036e-02
-1.254498958587646484e-02
-6.598740816116333008e-02
3.413695609197020531e-03
-5.620444938540458679e-02
-7.281275931745767593e-03
-5.998361110687255859e-02
-3.274450078606605530e-02
-7.376868277788162231e-02
3.190153744071722031e-03
-7.733069360256195068e-02
5.815863981842994690e-02
-2.471070922911167145e-02
3.850616887211799622e-02
1.383878439664840698e-01
1.539986133575439453e-01
1.731321029365062714e-02
-1.477586012333631516e-02
1.039334088563919067e-01
5.159832909703254700e-02
-1.945555023849010468e-02
-3.427502885460853577e-02
-4.867340996861457825e-02
9.237480163574218750e-02
1.073271930217742920e-01
6.071449816226959229e-02
-1.355070993304252625e-02
1.844356022775173187e-02
-3.480802848935127258e-02
-3.796670958399772644e-02
2.156286209356039762e-04
-5.440185964107513428e-02
1.889855042099952698e-02
-1.443412993103265762e-02
-2.607901953160762787e-02
-2.938001044094562531e-02
2.720689028501510620e-02
-6.228397041559219360e-02
-2.970935963094234467e-02
-3.426209837198257446e-02
-1.028087586164474487e-01
-6.739304214715957642e-02
-5.227850005030632019e-02
3.360291942954063416e-02
-1.127844080328941345e-01
-6.966180354356765747e-02
-1.393743306398391724e-01
9.109322912991046906e-03
2.520207490306347609e-04
-4.073596559464931488e-03
1.231063902378082275e-01
9.343060106039047241e-02
7.302510738372802734e-02
3.222092986106872559e-02
7.532878965139389038e-02
3.792386874556541443e-02
-4.985180124640464783e-02
1.804601959884166718e-02
2.694194950163364410e-02
1.348149776458740234e-01
4.601224884390830994e-02
4.106982052326202393e-02
8.511056751012802124e-02
1.231466084718704224e-01
1.320829987525939941e-02
5.044120922684669495e-02
-5.529439076781272888e-03
-8.992624282836914062e-02
-2.249301038682460785e-02
-8.181776851415634155e-02
6.165213137865066528e-02
-3.256602957844734192e-02
-1.068919990211725235e-02
-1.323472987860441208e-02
-1.197023168206214905e-01
-4.616346955299377441e-02
-1.208868101239204407e-01
-6.762605905532836914e-02
-8.676833659410476685e-02
-6.434574723243713379e-02
1.772529073059558868e-02
3.469615057110786438e-02
-1.092661768198013306e-01
3.013872914016246796e-02
1.403039693832397461e-01
1.613010764122009277e-01
1.798558831214904785e-01
1.128192767500877380e-01
1.053063869476318359e-01
8.905947953462600708e-02
7.733763754367828369e-02
6.695237755775451660e-02
2.142087928950786591e-02
6.438876688480377197e-02
9.794452786445617676e-02
5.745071917772293091e-02
2.788556925952434540e-02
2.632829919457435608e-02
7.985807210206985474e-02
4.249029792845249176e-03
8.478903211653232574e-03
-2.679466083645820618e-02
-5.288126878440380096e-03
-2.162580005824565887e-02
-7.490714639425277710e-02
-8.251336961984634399e-02
-2.056575939059257507e-02
-1.026193983852863312e-02
-1.154929632321000099e-03
-5.757209146395325661e-04
-7.210590690374374390e-02
-7.320980727672576904e-02
-4.883312061429023743e-02
-1.089715063571929932e-01
-7.477258145809173584e-02
-8.867134153842926025e-02
-9.222436696290969849e-02
-1.092466562986373901e-01
-1.043027564883232117e-01
7.953499257564544678e-02
2.767959050834178925e-02
1.139335930347442627e-01
1.877954304218292236e-01
3.313421085476875305e-02
2.143700048327445984e-02
5.852016061544418335e-02
-2.120675984770059586e-03
-3.769840113818645477e-03
2.774167060852050781e-02
-3.124609962105751038e-02
1.465141028165817261e-02
1.616003923118114471e-02
-1.391912996768951416e-02
-4.404101893305778503e-02
-5.444227159023284912e-02
-1.468473076820373535e-01
-1.501658707857131958e-01
4.509468004107475281e-02
1.295630005188286304e-03
1.398350019007921219e-02
5.610404163599014282e-02
-4.868806153535842896e-02
-4.776715859770774841e-02
-8.168737404048442841e-03
-2.301263855770230293e-03
-2.286312915384769440e-02
1.198339834809303284e-01
-4.703260958194732666e-02
-8.814440667629241943e-02
-7.585249096155166626e-02
-1.079960688948631287e-01
-3.232086822390556335e-02
1.509786024689674377e-02
-4.843464121222496033e-02
-3.967846184968948364e-02
9.589415788650512695e-02
1.352559961378574371e-02
-1.458119042217731476e-02
1.050828956067562103e-02
-3.038945980370044708e-02
1.608387939631938934e-02
1.119755557738244534e-03
-1.250656042248010635e-02
2.862114226445555687e-03
4.333690926432609558e-02
-1.460349708795547485e-01
-1.946542970836162567e-02
-2.327525056898593903e-02
-1.973943971097469330e-02
7.944399863481521606e-02
-2.224544063210487366e-02
-6.701807677745819092e-02
3.476532176136970520e-02
1.150559410452842712e-01
-2.712800912559032440e-02
-1.665112935006618500e-02
6.315716356039047241e-02
-8.205860108137130737e-02
7.431998848915100098e-02
4.915777966380119324e-02
-4.468752071261405945e-02
-1.490402035415172577e-02
7.400476187467575073e-02
-1.165090128779411316e-01
5.102429911494255066e-02
4.559117928147315979e-02
-5.916038900613784790e-02
8.840759843587875366e-02
-1.587902009487152100e-02
-1.489019393920898438e-01
7.857783883810043335e-02
4.710254073143005371e-02
-5.381983146071434021e-02
-7.331945002079010010e-02
-3.604643046855926514e-02
1.561197042465209961e-01
7.649943232536315918e-02
-5.959348008036613464e-02
-2.776606939733028412e-02
1.109868809580802917e-01
3.758874908089637756e-02
-4.446874931454658508e-02
4.933186993002891541e-02
1.345534995198249817e-02
6.921102851629257202e-02
7.364784926176071167e-02
5.518956109881401062e-02
2.899584919214248657e-02
9.375839680433273315e-02
1.051843389868736267e-01
-4.420240968465805054e-02
1.915282011032104492e-02
-3.563868114724755287e-03
1.458687782287597656e-01
1.028610095381736755e-01
-4.360625892877578735e-02
-1.272323727607727051e-01
9.076385945081710815e-02
1.111984178423881531e-01
-6.035013124346733093e-02
9.674817323684692383e-02
8.938243240118026733e-02
7.065924257040023804e-02
2.603179961442947388e-02
5.848155822604894638e-03
-5.922064930200576782e-02
1.236030906438827515e-01
3.596959635615348816e-03
2.998440060764551163e-03
3.697935864329338074e-02
2.043071947991847992e-02
4.168725013732910156e-02
1.025975029915571213e-02
-1.359979994595050812e-02
-1.600920036435127258e-02
2.581056021153926849e-02
2.329250052571296692e-02
2.981006866320967674e-03
1.629761978983879089e-02
6.652115285396575928e-02
5.855626985430717468e-02
1.237463019788265228e-02
-1.297134999185800552e-02
1.761586964130401611e-02
5.090865120291709900e-02
6.549341976642608643e-02
-4.425945132970809937e-02
2.432031556963920593e-03
3.073277883231639862e-03
6.678629666566848755e-02
-4.303836077451705933e-02
1.082392968237400055e-02
-6.476043909788131714e-02
4.077785834670066833e-02
1.244197934865951538e-01
8.237777650356292725e-02
7.424165308475494385e-02
4.065889865159988403e-02
6.905543059110641479e-02
9.556347131729125977e-02
1.272487491369247437e-01
-2.132081985473632812e-02
8.514153957366943359e-02
-4.175328090786933899e-02
-2.666953951120376587e-02
1.897835917770862579e-02
3.317381814122200012e-02
9.454657323658466339e-03
-1.238973997533321381e-02
-4.242499917745590210e-02
-1.419479027390480042e-02
-3.545213118195533752e-02
-2.440874092280864716e-02
8.684118837118148804e-02
4.212950915098190308e-02
2.462857961654663086e-02
-1.104824990034103394e-02
-5.017068702727556229e-03
2.968982048332691193e-02
2.597475983202457428e-02
-1.568938978016376495e-02
4.514892026782035828e-02
6.974548846483230591e-02
8.670277893543243408e-02
6.828107684850692749e-02
1.023887172341346741e-01
5.405956879258155823e-02
6.548470258712768555e-02
-3.763956949114799500e-02
1.366090029478073120e-02
7.069601863622665405e-02
5.363747850060462952e-02
4.798119887709617615e-02
1.170642226934432983e-01
5.466455966234207153e-02
-1.869259029626846313e-02
6.344381719827651978e-02
3.106543049216270447e-02
8.432506024837493896e-02
-2.061096020042896271e-02
3.821088001132011414e-02
-6.921908818185329437e-03
6.404670421034097672e-03
-1.271778997033834457e-02
6.890147051308304071e-05
4.541414976119995117e-02
-1.899538934230804443e-02
-5.020238831639289856e-02
3.000902943313121796e-02
1.090421993285417557e-02
4.524527583271265030e-03
2.573632076382637024e-02
-2.388454042375087738e-02
-4.200457036495208740e-02
1.727839000523090363e-03
-5.978370085358619690e-02
-2.720561996102333069e-02
6.573715060949325562e-02
1.154316961765289307e-02
1.265615038573741913e-02
7.375994324684143066e-02
-9.198283776640892029e-03
-4.914119839668273926e-02
2.124831080436706543e-02
6.455322355031967163e-02
4.372910037636756897e-02
-3.310042992234230042e-02
3.605787828564643860e-02
-6.780558265745639801e-03
9.362023323774337769e-03
1.747596077620983124e-02
-6.406313925981521606e-02
-6.812935322523117065e-02
8.080816268920898438e-02
-2.778087928891181946e-02
2.735259942710399628e-02
6.393492966890335083e-02
6.652229279279708862e-02
5.676992982625961304e-02
8.640018105506896973e-02
-7.591880857944488525e-03
-2.012846991419792175e-02
-4.741159081459045410e-02
-1.657068915665149689e-02
-1.624399051070213318e-02
5.547777935862541199e-02
-2.333097625523805618e-03
1.120033022016286850e-02
6.141155958175659180e-02
-6.285004317760467529e-02
-8.732341229915618896e-02
-9.313397854566574097e-02
-4.267831891775131226e-02
5.574439652264118195e-03
4.809862002730369568e-02
1.773641072213649750e-02
5.373610183596611023e-03
1.484242081642150879e-01
-6.298012286424636841e-02
-2.935146912932395935e-02
1.144347786903381348e-01
-5.034207925200462341e-02
5.654942709952592850e-03
2.076525986194610596e-02
-4.577983915805816650e-02
-4.735741019248962402e-02
2.961071021854877472e-02
-9.307126700878143311e-02
-4.417920857667922974e-02
-4.990027099847793579e-02
-3.940027952194213867e-02
1.306015998125076294e-02
6.267900019884109497e-02
3.758737072348594666e-02
8.460117131471633911e-02
1.385878920555114746e-01
4.862387850880622864e-02
-6.319808959960937500e-02
-5.655515938997268677e-02
1.885816082358360291e-02
-3.285606950521469116e-02
3.371566906571388245e-02
-7.040928304195404053e-02
-4.514048993587493896e-02
1.392166037112474442e-02
8.184421807527542114e-02
-7.230316102504730225e-02
2.386870980262756348e-02
2.184591069817543030e-02
2.605764009058475494e-02
-1.033954042941331863e-02
9.298782795667648315e-03
7.673511747270822525e-03
1.518924236297607422e-01
2.069070935249328613e-02
-9.738296270370483398e-02
-8.894105255603790283e-02
-7.768747955560684204e-02
2.332267910242080688e-02
-1.778995059430599213e-02
-3.258888050913810730e-02
-8.180821686983108521e-02
-8.492986857891082764e-02
2.290155924856662750e-02
-1.136816963553428650e-01
-3.554464876651763916e-02
-4.533844068646430969e-02
-2.861580066382884979e-02
6.782423704862594604e-02
1.113122981041669846e-02
2.453644014894962311e-02
1.272194534540176392e-01
8.084814250469207764e-02
-3.607795014977455139e-02
1.109122019261121750e-02
4.803548008203506470e-02
-3.489929065108299255e-02
3.399536013603210449e-02
-5.682013928890228271e-02
8.595339022576808929e-03
-4.279045853763818741e-03
3.230886906385421753e-02
-1.300198026001453400e-02
-1.038136985152959824e-02
-7.930112630128860474e-02
8.330974727869033813e-03
2.296994067728519440e-02
-1.306500006467103958e-02
-1.881626062095165253e-02
4.413368925452232361e-02
5.729880183935165405e-02
-3.761553019285202026e-02
1.942325942218303680e-02
1.645408105105161667e-03
-3.811319172382354736e-02
4.190649837255477905e-02
-1.497809588909149170e-01
-4.514487087726593018e-02
1.209545042365789413e-02
-5.464606452733278275e-03
-1.647195033729076385e-02
7.630641106516122818e-03
-7.494586706161499023e-02
8.415287733078002930e-02
1.002014130353927612e-01
-1.228560972958803177e-02
6.553825736045837402e-02
4.554004967212677002e-02
7.890416681766510010e-02
3.041137941181659698e-02
1.752007007598876953e-02
9.208256006240844727e-02
-3.744192945305258036e-04
1.054952666163444519e-01
4.686912894248962402e-02
1.894832961261272430e-02
-2.651412039995193481e-02
-4.346823785454034805e-03
5.449428223073482513e-03
1.444484014064073563e-02
5.882155895233154297e-02
-3.336543962359428406e-02
4.603891074657440186e-02
-1.043254584074020386e-01
1.923928037285804749e-02
1.842845045030117035e-02
-1.712168008089065552e-02
-2.222765982151031494e-02
4.693324118852615356e-02
-6.202955916523933411e-02
-1.422159001231193542e-02
8.732219785451889038e-02
-7.706107199192047119e-02
2.661048993468284607e-02
-4.300237819552421570e-02
-3.092421963810920715e-02
-3.552183881402015686e-02
-1.886088028550148010e-02
-4.979934170842170715e-02
3.906400874257087708e-02
4.608644172549247742e-02
4.966111108660697937e-02
4.275463894009590149e-02
-4.621769115328788757e-02
-2.653211914002895355e-02
8.570112287998199463e-03
3.839683905243873596e-02
5.818764120340347290e-02
3.880795836448669434e-02
-2.761006762739270926e-04
3.076511062681674957e-02
-3.266929090023040771e-02
-5.374557152390480042e-02
4.986526817083358765e-02
-9.454291313886642456e-03
3.582499176263809204e-02
-2.645646687597036362e-03
-1.074615167453885078e-03
2.962313033640384674e-02
-1.483363006263971329e-02
3.060868941247463226e-02
2.448326908051967621e-02
1.845641061663627625e-02
3.282966092228889465e-02
-3.534438088536262512e-02
-1.084059011191129684e-02
-1.119135972112417221e-02
-1.853602239862084389e-03
-5.946528399363160133e-04
-4.451816901564598083e-02
2.983277430757880211e-03
6.272484362125396729e-02
-2.152075991034507751e-02
-3.059713402763009071e-03
-5.070827901363372803e-02
1.531761977821588516e-02
1.282814983278512955e-02
5.167150124907493591e-02
9.462669491767883301e-03
-3.345583332702517509e-03
1.144228801131248474e-01
-3.906701132655143738e-02
-2.673251554369926453e-03
3.069183975458145142e-02
-1.134165003895759583e-02
2.949462085962295532e-02
2.879885956645011902e-02
3.855565935373306274e-02
-3.450781106948852539e-02
9.142871946096420288e-02
-2.156654000282287598e-02
6.075061857700347900e-02
-6.220816075801849365e-02
1.944679953157901764e-02
6.683723535388708115e-03
-6.656795740127563477e-02
8.707839995622634888e-03
3.456012904644012451e-02
2.434320002794265747e-02
-1.323635727167129517e-01
-4.177035018801689148e-02
-2.069626934826374054e-02
1.068111974745988846e-02
1.505431998521089554e-02
-7.517390698194503784e-02
-3.835716284811496735e-03
-6.298507750034332275e-02
-2.881260029971599579e-02
-1.310104578733444214e-01
-7.221561670303344727e-02
-5.799452774226665497e-03
-8.573001250624656677e-03
3.782469034194946289e-02
2.762163989245891571e-02
4.942455887794494629e-02
-2.936396002769470215e-02
9.597211331129074097e-02
1.921411044895648956e-02
6.101191043853759766e-02
-4.787506908178329468e-02
-1.379578001797199249e-02
-7.402244489639997482e-03
-2.220135927200317383e-02
-1.313756033778190613e-02
7.775580510497093201e-03
1.229696795344352722e-01
2.939997985959053040e-02
3.594062104821205139e-02
-7.788623869419097900e-02
-1.133143994957208633e-02
3.993166901636868715e-04
-6.090347096323966980e-02
-1.122066006064414978e-02
-4.686825443059206009e-03
7.633099704980850220e-02
-6.748922169208526611e-02
-5.640298128128051758e-02
-5.265681073069572449e-02
-1.139121968299150467e-02
-1.624347083270549774e-02
-4.715713858604431152e-02
-1.099091954529285431e-02
1.048560999333858490e-02
3.284999867901206017e-03
-5.810166895389556885e-02
-7.699911296367645264e-02
-3.330682963132858276e-02
4.185144975781440735e-02
3.478536009788513184e-02
2.275164984166622162e-02
2.304765954613685608e-02
6.660408340394496918e-03
1.096814796328544617e-01
-5.930137820541858673e-03
-4.858335852622985840e-02
-4.203213006258010864e-02
-9.316785633563995361e-02
-6.130748894065618515e-03
-2.544624917209148407e-02
1.366201043128967285e-02
9.185558184981346130e-03
-1.846577972173690796e-02
-5.622401088476181030e-02
-3.989376872777938843e-02
-7.810296118259429932e-02
6.912757176905870438e-03
5.957597121596336365e-02
-3.901334106922149658e-02
1.572001911699771881e-02
-1.193903014063835144e-02
-6.894008722156286240e-03
-3.093356080353260040e-02
-4.136098176240921021e-02
-1.562868990004062653e-02
-4.604579880833625793e-02
2.865234017372131348e-02
-8.678446710109710693e-02
-3.232483938336372375e-02
-5.364593118429183960e-02
-1.445015985518693924e-02
-7.003860175609588623e-02
-8.669745922088623047e-02
-4.520775005221366882e-02
4.274122044444084167e-02
3.117514960467815399e-02
8.175703138113021851e-02
1.081108953803777695e-02
6.379740685224533081e-02
6.199206039309501648e-02
2.865988016128540039e-02
2.360345982015132904e-02
6.725410372018814087e-02
-3.248779848217964172e-02
-9.377028793096542358e-03
8.265897631645202637e-02
-2.245838940143585205e-02
5.125762894749641418e-02
-1.862394995987415314e-02
1.973452977836132050e-02
-1.994493976235389709e-02
-1.077086776494979858e-01
3.180374950170516968e-02
3.239351557567715645e-03
-2.142079919576644897e-02
-4.256189987063407898e-02
4.760900139808654785e-02
4.282863065600395203e-02
5.635952949523925781e-02
-1.870848983526229858e-02
5.540622025728225708e-02
-3.042666055262088776e-02
1.455277018249034882e-02
-6.630179286003112793e-02
-5.843807011842727661e-02
-3.739681094884872437e-02
-9.739155322313308716e-02
-3.220232948660850525e-02
-5.620181933045387268e-02
-1.038140133023262024e-01
7.400210946798324585e-02
4.206769168376922607e-03
3.258534893393516541e-02
2.143089659512042999e-03
5.121966078877449036e-02
-1.274336967617273331e-02
2.384760975837707520e-02
6.335578113794326782e-02
-7.905591279268264771e-02
8.375625312328338623e-02
-7.898902893066406250e-02
-6.508527696132659912e-02
-2.498443983495235443e-02
6.535810232162475586e-02
3.970535099506378174e-02
4.895468056201934814e-02
-1.169565971940755844e-02
-3.980600833892822266e-02
5.682292953133583069e-02
5.925463140010833740e-02
-1.165807992219924927e-02
-7.936698943376541138e-02
-4.208954051136970520e-02
1.333986967802047729e-02
9.051196277141571045e-02
1.009867116808891296e-01
-3.974255919456481934e-02
1.238770969212055206e-02
-7.501740753650665283e-02
-3.655439987778663635e-02
-4.301527887582778931e-02
9.216859936714172363e-02
4.635790828615427017e-04
2.851114980876445770e-02
2.142735011875629425e-02
1.282440643990412354e-04
2.879687026143074036e-02
-8.554889261722564697e-02
-4.838861897587776184e-02
8.135368674993515015e-02
-5.756533145904541016e-02
1.413900032639503479e-02
3.451880067586898804e-02
-6.619487702846527100e-02
-3.053130023181438446e-02
2.961676008999347687e-02
-7.384634763002395630e-02
1.135692000389099121e-02
5.283910036087036133e-02
-7.778034359216690063e-02
-2.107482030987739563e-02
-5.511716008186340332e-02
-1.347375214099884033e-01
3.030157089233398438e-02
6.722020357847213745e-02
-6.218817085027694702e-02
-5.826827138662338257e-02
6.254653632640838623e-02
2.895772084593772888e-02
-1.664000004529953003e-02
-3.620279952883720398e-02
-1.612278074026107788e-02
-1.460973755456507206e-03
1.401341110467910767e-01
-8.961818180978298187e-03
-3.250246122479438782e-02
3.386301919817924500e-03
2.647794783115386963e-03
3.359732031822204590e-02
-2.411990985274314880e-02
-4.229728877544403076e-02
1.066617369651794434e-01
-6.665791511535644531e+00
